ARM GAS  C:\Users\JAMESS~1\AppData\Local\Temp\ccBs04pE.s 			page 1


   1              		.syntax unified
   2              		.cpu cortex-m0
   3              		.fpu softvfp
   4              		.eabi_attribute 20, 1
   5              		.eabi_attribute 21, 1
   6              		.eabi_attribute 23, 3
   7              		.eabi_attribute 24, 1
   8              		.eabi_attribute 25, 1
   9              		.eabi_attribute 26, 1
  10              		.eabi_attribute 30, 1
  11              		.eabi_attribute 34, 0
  12              		.eabi_attribute 18, 4
  13              		.thumb
  14              		.syntax unified
  15              		.file	"main.c"
  16              		.text
  17              	.Ltext0:
  18              		.cfi_sections	.debug_frame
  19              		.section	.text.SetBlockColor,"ax",%progbits
  20              		.align	2
  21              		.global	SetBlockColor
  22              		.code	16
  23              		.thumb_func
  24              		.type	SetBlockColor, %function
  25              	SetBlockColor:
  26              	.LFB33:
  27              		.file 1 "main.c"
   1:main.c        **** #include "project.h"
   2:main.c        **** #include <stdlib.h>
   3:main.c        **** #include <time.h>
   4:main.c        **** 
   5:main.c        **** void SetBlockColor(int block_number, uint32 color);
   6:main.c        **** 
   7:main.c        **** int main(void)
   8:main.c        **** {
   9:main.c        **** 	CyGlobalIntEnable; /* Enable global interrupts. */
  10:main.c        **** 	srand(time(NULL)); // seed the randomness with time
  11:main.c        **** 	StripLights_Start();
  12:main.c        **** 	StripLights_Dim(1);
  13:main.c        **** 
  14:main.c        **** 	uint32 color1 = StripLights_BLUE;
  15:main.c        **** 	uint32 color2 = StripLights_RED;
  16:main.c        **** 	int counter = 0;
  17:main.c        **** 	for (;;)
  18:main.c        **** 	{
  19:main.c        **** 
  20:main.c        **** 		SetBlockColor(0, 0);
  21:main.c        **** 		SetBlockColor(1, 0);
  22:main.c        **** 		StripLights_Pixel(counter % 15, 0, color1);
  23:main.c        **** 		StripLights_Pixel(counter % 15, 1, color2);
  24:main.c        **** 		while (StripLights_Ready() == 0);
  25:main.c        **** 		StripLights_Trigger(1);
  26:main.c        **** 		counter++;
  27:main.c        **** 		//CyDelay(10);
  28:main.c        **** 
  29:main.c        **** 
  30:main.c        **** 	}
ARM GAS  C:\Users\JAMESS~1\AppData\Local\Temp\ccBs04pE.s 			page 2


  31:main.c        **** }
  32:main.c        **** 
  33:main.c        **** /**
  34:main.c        **** This function will set the lights inside the block number to be a certain color.
  35:main.c        **** Changes are assumemd to be the first 60 LEDs, so make sure that each block has exactly 20 LEDS
  36:main.c        **** Block number starts from 0
  37:main.c        **** */
  38:main.c        **** void SetBlockColor(int block_number, uint32 color) {
  28              		.loc 1 38 0
  29              		.cfi_startproc
  30              		@ args = 0, pretend = 0, frame = 0
  31              		@ frame_needed = 0, uses_anonymous_args = 0
  32              	.LVL0:
  33 0000 F8B5     		push	{r3, r4, r5, r6, r7, lr}
  34              		.cfi_def_cfa_offset 24
  35              		.cfi_offset 3, -24
  36              		.cfi_offset 4, -20
  37              		.cfi_offset 5, -16
  38              		.cfi_offset 6, -12
  39              		.cfi_offset 7, -8
  40              		.cfi_offset 14, -4
  41 0002 0500     		movs	r5, r0
  42 0004 0E00     		movs	r6, r1
  39:main.c        **** 	uint32 starting_led_index = (block_number) * 60;
  43              		.loc 1 39 0
  44 0006 0301     		lsls	r3, r0, #4
  45 0008 1B1A     		subs	r3, r3, r0
  46 000a 9C00     		lsls	r4, r3, #2
  47              	.LVL1:
  40:main.c        **** 	uint32 ending_led_index = (block_number + 1) * 60;
  48              		.loc 1 40 0
  49 000c 421C     		adds	r2, r0, #1
  50 000e 1301     		lsls	r3, r2, #4
  51 0010 9B1A     		subs	r3, r3, r2
  52 0012 9F00     		lsls	r7, r3, #2
  53              	.LVL2:
  54              	.LBB2:
  41:main.c        **** 	for (uint32 led = starting_led_index; led < ending_led_index; led++) {
  55              		.loc 1 41 0
  56 0014 0CE0     		b	.L2
  57              	.LVL3:
  58              	.L4:
  42:main.c        **** 		StripLights_Pixel(led, block_number, color);
  59              		.loc 1 42 0
  60 0016 3200     		movs	r2, r6
  61 0018 2900     		movs	r1, r5
  62 001a 2000     		movs	r0, r4
  63 001c FFF7FEFF 		bl	StripLights_Pixel
  64              	.LVL4:
  65              	.L3:
  43:main.c        **** 		while (StripLights_Ready() == 0);
  66              		.loc 1 43 0 discriminator 1
  67 0020 FFF7FEFF 		bl	StripLights_Ready
  68              	.LVL5:
  69 0024 0028     		cmp	r0, #0
  70 0026 FBD0     		beq	.L3
  44:main.c        **** 		StripLights_Trigger(1);
ARM GAS  C:\Users\JAMESS~1\AppData\Local\Temp\ccBs04pE.s 			page 3


  71              		.loc 1 44 0 discriminator 2
  72 0028 0120     		movs	r0, #1
  73 002a FFF7FEFF 		bl	StripLights_Trigger
  74              	.LVL6:
  41:main.c        **** 		StripLights_Pixel(led, block_number, color);
  75              		.loc 1 41 0 discriminator 2
  76 002e 0134     		adds	r4, r4, #1
  77              	.LVL7:
  78              	.L2:
  41:main.c        **** 		StripLights_Pixel(led, block_number, color);
  79              		.loc 1 41 0 is_stmt 0 discriminator 1
  80 0030 BC42     		cmp	r4, r7
  81 0032 F0D3     		bcc	.L4
  82              	.LBE2:
  45:main.c        **** 	}
  46:main.c        **** 	CyDelay(10);
  83              		.loc 1 46 0 is_stmt 1
  84 0034 0A20     		movs	r0, #10
  85 0036 FFF7FEFF 		bl	CyDelay
  86              	.LVL8:
  47:main.c        **** }
  87              		.loc 1 47 0
  88              		@ sp needed
  89              	.LVL9:
  90              	.LVL10:
  91              	.LVL11:
  92              	.LVL12:
  93 003a F8BD     		pop	{r3, r4, r5, r6, r7, pc}
  94              		.cfi_endproc
  95              	.LFE33:
  96              		.size	SetBlockColor, .-SetBlockColor
  97              		.global	__aeabi_idivmod
  98              		.section	.text.main,"ax",%progbits
  99              		.align	2
 100              		.global	main
 101              		.code	16
 102              		.thumb_func
 103              		.type	main, %function
 104              	main:
 105              	.LFB32:
   8:main.c        **** 	CyGlobalIntEnable; /* Enable global interrupts. */
 106              		.loc 1 8 0
 107              		.cfi_startproc
 108              		@ args = 0, pretend = 0, frame = 0
 109              		@ frame_needed = 0, uses_anonymous_args = 0
 110 0000 F8B5     		push	{r3, r4, r5, r6, r7, lr}
 111              		.cfi_def_cfa_offset 24
 112              		.cfi_offset 3, -24
 113              		.cfi_offset 4, -20
 114              		.cfi_offset 5, -16
 115              		.cfi_offset 6, -12
 116              		.cfi_offset 7, -8
 117              		.cfi_offset 14, -4
   9:main.c        **** 	srand(time(NULL)); // seed the randomness with time
 118              		.loc 1 9 0
 119              		.syntax divided
 120              	@ 9 "main.c" 1
ARM GAS  C:\Users\JAMESS~1\AppData\Local\Temp\ccBs04pE.s 			page 4


 121 0002 62B6     		CPSIE   i
 122              	@ 0 "" 2
  10:main.c        **** 	StripLights_Start();
 123              		.loc 1 10 0
 124              		.thumb
 125              		.syntax unified
 126 0004 0020     		movs	r0, #0
 127 0006 FFF7FEFF 		bl	time
 128              	.LVL13:
 129 000a FFF7FEFF 		bl	srand
 130              	.LVL14:
  11:main.c        **** 	StripLights_Dim(1);
 131              		.loc 1 11 0
 132 000e FFF7FEFF 		bl	StripLights_Start
 133              	.LVL15:
  12:main.c        **** 
 134              		.loc 1 12 0
 135 0012 0120     		movs	r0, #1
 136 0014 FFF7FEFF 		bl	StripLights_Dim
 137              	.LVL16:
  14:main.c        **** 	uint32 color2 = StripLights_RED;
 138              		.loc 1 14 0
 139 0018 1B20     		movs	r0, #27
 140 001a FFF7FEFF 		bl	StripLights_getColor
 141              	.LVL17:
 142 001e 0600     		movs	r6, r0
 143              	.LVL18:
  15:main.c        **** 	int counter = 0;
 144              		.loc 1 15 0
 145 0020 4820     		movs	r0, #72
 146              	.LVL19:
 147 0022 FFF7FEFF 		bl	StripLights_getColor
 148              	.LVL20:
 149 0026 0500     		movs	r5, r0
 150              	.LVL21:
  16:main.c        **** 	for (;;)
 151              		.loc 1 16 0
 152 0028 0024     		movs	r4, #0
 153              	.LVL22:
 154              	.L7:
  20:main.c        **** 		SetBlockColor(1, 0);
 155              		.loc 1 20 0
 156 002a 0021     		movs	r1, #0
 157 002c 0020     		movs	r0, #0
 158 002e FFF7FEFF 		bl	SetBlockColor
 159              	.LVL23:
  21:main.c        **** 		StripLights_Pixel(counter % 15, 0, color1);
 160              		.loc 1 21 0
 161 0032 0021     		movs	r1, #0
 162 0034 0120     		movs	r0, #1
 163 0036 FFF7FEFF 		bl	SetBlockColor
 164              	.LVL24:
  22:main.c        **** 		StripLights_Pixel(counter % 15, 1, color2);
 165              		.loc 1 22 0
 166 003a 0F21     		movs	r1, #15
 167 003c 2000     		movs	r0, r4
 168 003e FFF7FEFF 		bl	__aeabi_idivmod
ARM GAS  C:\Users\JAMESS~1\AppData\Local\Temp\ccBs04pE.s 			page 5


 169              	.LVL25:
 170 0042 0F00     		movs	r7, r1
 171 0044 3200     		movs	r2, r6
 172 0046 0021     		movs	r1, #0
 173 0048 3800     		movs	r0, r7
 174 004a FFF7FEFF 		bl	StripLights_Pixel
 175              	.LVL26:
  23:main.c        **** 		while (StripLights_Ready() == 0);
 176              		.loc 1 23 0
 177 004e 2A00     		movs	r2, r5
 178 0050 0121     		movs	r1, #1
 179 0052 3800     		movs	r0, r7
 180 0054 FFF7FEFF 		bl	StripLights_Pixel
 181              	.LVL27:
 182              	.L6:
  24:main.c        **** 		StripLights_Trigger(1);
 183              		.loc 1 24 0 discriminator 1
 184 0058 FFF7FEFF 		bl	StripLights_Ready
 185              	.LVL28:
 186 005c 0028     		cmp	r0, #0
 187 005e FBD0     		beq	.L6
  25:main.c        **** 		counter++;
 188              		.loc 1 25 0
 189 0060 0120     		movs	r0, #1
 190 0062 FFF7FEFF 		bl	StripLights_Trigger
 191              	.LVL29:
  26:main.c        **** 		//CyDelay(10);
 192              		.loc 1 26 0
 193 0066 0134     		adds	r4, r4, #1
 194              	.LVL30:
  30:main.c        **** }
 195              		.loc 1 30 0
 196 0068 DFE7     		b	.L7
 197              		.cfi_endproc
 198              	.LFE32:
 199              		.size	main, .-main
 200 006a C046     		.text
 201              	.Letext0:
 202              		.file 2 "Generated_Source\\PSoC4/StripLights.h"
 203              		.file 3 "Generated_Source\\PSoC4/CyLib.h"
 204              		.file 4 "c:\\program files (x86)\\cypress\\psoc creator\\4.1\\psoc creator\\import\\gnu\\arm\\5.4.
 205              		.file 5 "c:\\program files (x86)\\cypress\\psoc creator\\4.1\\psoc creator\\import\\gnu\\arm\\5.4.
 206              		.file 6 "Generated_Source\\PSoC4/cytypes.h"
 207              		.section	.debug_info,"",%progbits
 208              	.Ldebug_info0:
 209 0000 DC020000 		.4byte	0x2dc
 210 0004 0400     		.2byte	0x4
 211 0006 00000000 		.4byte	.Ldebug_abbrev0
 212 000a 04       		.byte	0x4
 213 000b 01       		.uleb128 0x1
 214 000c 13010000 		.4byte	.LASF30
 215 0010 0C       		.byte	0xc
 216 0011 B8010000 		.4byte	.LASF31
 217 0015 CE010000 		.4byte	.LASF32
 218 0019 00000000 		.4byte	.Ldebug_ranges0+0
 219 001d 00000000 		.4byte	0
 220 0021 00000000 		.4byte	.Ldebug_line0
ARM GAS  C:\Users\JAMESS~1\AppData\Local\Temp\ccBs04pE.s 			page 6


 221 0025 02       		.uleb128 0x2
 222 0026 01       		.byte	0x1
 223 0027 06       		.byte	0x6
 224 0028 49020000 		.4byte	.LASF0
 225 002c 02       		.uleb128 0x2
 226 002d 01       		.byte	0x1
 227 002e 08       		.byte	0x8
 228 002f 6C000000 		.4byte	.LASF1
 229 0033 02       		.uleb128 0x2
 230 0034 02       		.byte	0x2
 231 0035 05       		.byte	0x5
 232 0036 C4010000 		.4byte	.LASF2
 233 003a 02       		.uleb128 0x2
 234 003b 02       		.byte	0x2
 235 003c 07       		.byte	0x7
 236 003d 8C000000 		.4byte	.LASF3
 237 0041 02       		.uleb128 0x2
 238 0042 04       		.byte	0x4
 239 0043 05       		.byte	0x5
 240 0044 16020000 		.4byte	.LASF4
 241 0048 02       		.uleb128 0x2
 242 0049 04       		.byte	0x4
 243 004a 07       		.byte	0x7
 244 004b C5000000 		.4byte	.LASF5
 245 004f 02       		.uleb128 0x2
 246 0050 08       		.byte	0x8
 247 0051 05       		.byte	0x5
 248 0052 AA010000 		.4byte	.LASF6
 249 0056 02       		.uleb128 0x2
 250 0057 08       		.byte	0x8
 251 0058 07       		.byte	0x7
 252 0059 E4000000 		.4byte	.LASF7
 253 005d 03       		.uleb128 0x3
 254 005e 04       		.byte	0x4
 255 005f 05       		.byte	0x5
 256 0060 696E7400 		.ascii	"int\000"
 257 0064 02       		.uleb128 0x2
 258 0065 04       		.byte	0x4
 259 0066 07       		.byte	0x7
 260 0067 D7000000 		.4byte	.LASF8
 261 006b 04       		.uleb128 0x4
 262 006c BE000000 		.4byte	.LASF33
 263 0070 06       		.byte	0x6
 264 0071 D401     		.2byte	0x1d4
 265 0073 48000000 		.4byte	0x48
 266 0077 02       		.uleb128 0x2
 267 0078 04       		.byte	0x4
 268 0079 04       		.byte	0x4
 269 007a 5E000000 		.4byte	.LASF9
 270 007e 02       		.uleb128 0x2
 271 007f 08       		.byte	0x8
 272 0080 04       		.byte	0x4
 273 0081 31000000 		.4byte	.LASF10
 274 0085 02       		.uleb128 0x2
 275 0086 01       		.byte	0x1
 276 0087 08       		.byte	0x8
 277 0088 BF010000 		.4byte	.LASF11
ARM GAS  C:\Users\JAMESS~1\AppData\Local\Temp\ccBs04pE.s 			page 7


 278 008c 02       		.uleb128 0x2
 279 008d 04       		.byte	0x4
 280 008e 07       		.byte	0x7
 281 008f A1010000 		.4byte	.LASF12
 282 0093 02       		.uleb128 0x2
 283 0094 08       		.byte	0x8
 284 0095 04       		.byte	0x4
 285 0096 2F020000 		.4byte	.LASF13
 286 009a 05       		.uleb128 0x5
 287 009b 3B020000 		.4byte	.LASF34
 288 009f 01       		.byte	0x1
 289 00a0 26       		.byte	0x26
 290 00a1 00000000 		.4byte	.LFB33
 291 00a5 3C000000 		.4byte	.LFE33-.LFB33
 292 00a9 01       		.uleb128 0x1
 293 00aa 9C       		.byte	0x9c
 294 00ab 50010000 		.4byte	0x150
 295 00af 06       		.uleb128 0x6
 296 00b0 24000000 		.4byte	.LASF14
 297 00b4 01       		.byte	0x1
 298 00b5 26       		.byte	0x26
 299 00b6 5D000000 		.4byte	0x5d
 300 00ba 00000000 		.4byte	.LLST0
 301 00be 06       		.uleb128 0x6
 302 00bf B8000000 		.4byte	.LASF15
 303 00c3 01       		.byte	0x1
 304 00c4 26       		.byte	0x26
 305 00c5 6B000000 		.4byte	0x6b
 306 00c9 2C000000 		.4byte	.LLST1
 307 00cd 07       		.uleb128 0x7
 308 00ce FB000000 		.4byte	.LASF16
 309 00d2 01       		.byte	0x1
 310 00d3 27       		.byte	0x27
 311 00d4 6B000000 		.4byte	0x6b
 312 00d8 58000000 		.4byte	.LLST2
 313 00dc 07       		.uleb128 0x7
 314 00dd 38000000 		.4byte	.LASF17
 315 00e1 01       		.byte	0x1
 316 00e2 28       		.byte	0x28
 317 00e3 6B000000 		.4byte	0x6b
 318 00e7 95000000 		.4byte	.LLST3
 319 00eb 08       		.uleb128 0x8
 320 00ec 14000000 		.4byte	.LBB2
 321 00f0 20000000 		.4byte	.LBE2-.LBB2
 322 00f4 40010000 		.4byte	0x140
 323 00f8 09       		.uleb128 0x9
 324 00f9 6C656400 		.ascii	"led\000"
 325 00fd 01       		.byte	0x1
 326 00fe 29       		.byte	0x29
 327 00ff 6B000000 		.4byte	0x6b
 328 0103 C2000000 		.4byte	.LLST4
 329 0107 0A       		.uleb128 0xa
 330 0108 20000000 		.4byte	.LVL4
 331 010c 7C020000 		.4byte	0x27c
 332 0110 27010000 		.4byte	0x127
 333 0114 0B       		.uleb128 0xb
 334 0115 01       		.uleb128 0x1
ARM GAS  C:\Users\JAMESS~1\AppData\Local\Temp\ccBs04pE.s 			page 8


 335 0116 50       		.byte	0x50
 336 0117 02       		.uleb128 0x2
 337 0118 74       		.byte	0x74
 338 0119 00       		.sleb128 0
 339 011a 0B       		.uleb128 0xb
 340 011b 01       		.uleb128 0x1
 341 011c 51       		.byte	0x51
 342 011d 02       		.uleb128 0x2
 343 011e 75       		.byte	0x75
 344 011f 00       		.sleb128 0
 345 0120 0B       		.uleb128 0xb
 346 0121 01       		.uleb128 0x1
 347 0122 52       		.byte	0x52
 348 0123 02       		.uleb128 0x2
 349 0124 76       		.byte	0x76
 350 0125 00       		.sleb128 0
 351 0126 00       		.byte	0
 352 0127 0C       		.uleb128 0xc
 353 0128 24000000 		.4byte	.LVL5
 354 012c 87020000 		.4byte	0x287
 355 0130 0D       		.uleb128 0xd
 356 0131 2E000000 		.4byte	.LVL6
 357 0135 92020000 		.4byte	0x292
 358 0139 0B       		.uleb128 0xb
 359 013a 01       		.uleb128 0x1
 360 013b 50       		.byte	0x50
 361 013c 01       		.uleb128 0x1
 362 013d 31       		.byte	0x31
 363 013e 00       		.byte	0
 364 013f 00       		.byte	0
 365 0140 0D       		.uleb128 0xd
 366 0141 3A000000 		.4byte	.LVL8
 367 0145 9D020000 		.4byte	0x29d
 368 0149 0B       		.uleb128 0xb
 369 014a 01       		.uleb128 0x1
 370 014b 50       		.byte	0x50
 371 014c 01       		.uleb128 0x1
 372 014d 3A       		.byte	0x3a
 373 014e 00       		.byte	0
 374 014f 00       		.byte	0
 375 0150 0E       		.uleb128 0xe
 376 0151 B3000000 		.4byte	.LASF35
 377 0155 01       		.byte	0x1
 378 0156 07       		.byte	0x7
 379 0157 5D000000 		.4byte	0x5d
 380 015b 00000000 		.4byte	.LFB32
 381 015f 6A000000 		.4byte	.LFE32-.LFB32
 382 0163 01       		.uleb128 0x1
 383 0164 9C       		.byte	0x9c
 384 0165 7C020000 		.4byte	0x27c
 385 0169 07       		.uleb128 0x7
 386 016a 9F000000 		.4byte	.LASF18
 387 016e 01       		.byte	0x1
 388 016f 0E       		.byte	0xe
 389 0170 6B000000 		.4byte	0x6b
 390 0174 D5000000 		.4byte	.LLST5
 391 0178 07       		.uleb128 0x7
ARM GAS  C:\Users\JAMESS~1\AppData\Local\Temp\ccBs04pE.s 			page 9


 392 0179 A6000000 		.4byte	.LASF19
 393 017d 01       		.byte	0x1
 394 017e 0F       		.byte	0xf
 395 017f 6B000000 		.4byte	0x6b
 396 0183 F3000000 		.4byte	.LLST6
 397 0187 07       		.uleb128 0x7
 398 0188 64000000 		.4byte	.LASF20
 399 018c 01       		.byte	0x1
 400 018d 10       		.byte	0x10
 401 018e 5D000000 		.4byte	0x5d
 402 0192 11010000 		.4byte	.LLST7
 403 0196 0A       		.uleb128 0xa
 404 0197 0A000000 		.4byte	.LVL13
 405 019b A8020000 		.4byte	0x2a8
 406 019f A9010000 		.4byte	0x1a9
 407 01a3 0B       		.uleb128 0xb
 408 01a4 01       		.uleb128 0x1
 409 01a5 50       		.byte	0x50
 410 01a6 01       		.uleb128 0x1
 411 01a7 30       		.byte	0x30
 412 01a8 00       		.byte	0
 413 01a9 0C       		.uleb128 0xc
 414 01aa 0E000000 		.4byte	.LVL14
 415 01ae B3020000 		.4byte	0x2b3
 416 01b2 0C       		.uleb128 0xc
 417 01b3 12000000 		.4byte	.LVL15
 418 01b7 BE020000 		.4byte	0x2be
 419 01bb 0A       		.uleb128 0xa
 420 01bc 18000000 		.4byte	.LVL16
 421 01c0 C9020000 		.4byte	0x2c9
 422 01c4 CE010000 		.4byte	0x1ce
 423 01c8 0B       		.uleb128 0xb
 424 01c9 01       		.uleb128 0x1
 425 01ca 50       		.byte	0x50
 426 01cb 01       		.uleb128 0x1
 427 01cc 31       		.byte	0x31
 428 01cd 00       		.byte	0
 429 01ce 0A       		.uleb128 0xa
 430 01cf 1E000000 		.4byte	.LVL17
 431 01d3 D4020000 		.4byte	0x2d4
 432 01d7 E1010000 		.4byte	0x1e1
 433 01db 0B       		.uleb128 0xb
 434 01dc 01       		.uleb128 0x1
 435 01dd 50       		.byte	0x50
 436 01de 01       		.uleb128 0x1
 437 01df 4B       		.byte	0x4b
 438 01e0 00       		.byte	0
 439 01e1 0A       		.uleb128 0xa
 440 01e2 26000000 		.4byte	.LVL20
 441 01e6 D4020000 		.4byte	0x2d4
 442 01ea F5010000 		.4byte	0x1f5
 443 01ee 0B       		.uleb128 0xb
 444 01ef 01       		.uleb128 0x1
 445 01f0 50       		.byte	0x50
 446 01f1 02       		.uleb128 0x2
 447 01f2 08       		.byte	0x8
 448 01f3 48       		.byte	0x48
ARM GAS  C:\Users\JAMESS~1\AppData\Local\Temp\ccBs04pE.s 			page 10


 449 01f4 00       		.byte	0
 450 01f5 0A       		.uleb128 0xa
 451 01f6 32000000 		.4byte	.LVL23
 452 01fa 9A000000 		.4byte	0x9a
 453 01fe 0D020000 		.4byte	0x20d
 454 0202 0B       		.uleb128 0xb
 455 0203 01       		.uleb128 0x1
 456 0204 50       		.byte	0x50
 457 0205 01       		.uleb128 0x1
 458 0206 30       		.byte	0x30
 459 0207 0B       		.uleb128 0xb
 460 0208 01       		.uleb128 0x1
 461 0209 51       		.byte	0x51
 462 020a 01       		.uleb128 0x1
 463 020b 30       		.byte	0x30
 464 020c 00       		.byte	0
 465 020d 0A       		.uleb128 0xa
 466 020e 3A000000 		.4byte	.LVL24
 467 0212 9A000000 		.4byte	0x9a
 468 0216 25020000 		.4byte	0x225
 469 021a 0B       		.uleb128 0xb
 470 021b 01       		.uleb128 0x1
 471 021c 50       		.byte	0x50
 472 021d 01       		.uleb128 0x1
 473 021e 31       		.byte	0x31
 474 021f 0B       		.uleb128 0xb
 475 0220 01       		.uleb128 0x1
 476 0221 51       		.byte	0x51
 477 0222 01       		.uleb128 0x1
 478 0223 30       		.byte	0x30
 479 0224 00       		.byte	0
 480 0225 0A       		.uleb128 0xa
 481 0226 4E000000 		.4byte	.LVL26
 482 022a 7C020000 		.4byte	0x27c
 483 022e 44020000 		.4byte	0x244
 484 0232 0B       		.uleb128 0xb
 485 0233 01       		.uleb128 0x1
 486 0234 50       		.byte	0x50
 487 0235 02       		.uleb128 0x2
 488 0236 77       		.byte	0x77
 489 0237 00       		.sleb128 0
 490 0238 0B       		.uleb128 0xb
 491 0239 01       		.uleb128 0x1
 492 023a 51       		.byte	0x51
 493 023b 01       		.uleb128 0x1
 494 023c 30       		.byte	0x30
 495 023d 0B       		.uleb128 0xb
 496 023e 01       		.uleb128 0x1
 497 023f 52       		.byte	0x52
 498 0240 02       		.uleb128 0x2
 499 0241 76       		.byte	0x76
 500 0242 00       		.sleb128 0
 501 0243 00       		.byte	0
 502 0244 0A       		.uleb128 0xa
 503 0245 58000000 		.4byte	.LVL27
 504 0249 7C020000 		.4byte	0x27c
 505 024d 63020000 		.4byte	0x263
ARM GAS  C:\Users\JAMESS~1\AppData\Local\Temp\ccBs04pE.s 			page 11


 506 0251 0B       		.uleb128 0xb
 507 0252 01       		.uleb128 0x1
 508 0253 50       		.byte	0x50
 509 0254 02       		.uleb128 0x2
 510 0255 77       		.byte	0x77
 511 0256 00       		.sleb128 0
 512 0257 0B       		.uleb128 0xb
 513 0258 01       		.uleb128 0x1
 514 0259 51       		.byte	0x51
 515 025a 01       		.uleb128 0x1
 516 025b 31       		.byte	0x31
 517 025c 0B       		.uleb128 0xb
 518 025d 01       		.uleb128 0x1
 519 025e 52       		.byte	0x52
 520 025f 02       		.uleb128 0x2
 521 0260 75       		.byte	0x75
 522 0261 00       		.sleb128 0
 523 0262 00       		.byte	0
 524 0263 0C       		.uleb128 0xc
 525 0264 5C000000 		.4byte	.LVL28
 526 0268 87020000 		.4byte	0x287
 527 026c 0D       		.uleb128 0xd
 528 026d 66000000 		.4byte	.LVL29
 529 0271 92020000 		.4byte	0x292
 530 0275 0B       		.uleb128 0xb
 531 0276 01       		.uleb128 0x1
 532 0277 50       		.byte	0x50
 533 0278 01       		.uleb128 0x1
 534 0279 31       		.byte	0x31
 535 027a 00       		.byte	0
 536 027b 00       		.byte	0
 537 027c 0F       		.uleb128 0xf
 538 027d 00000000 		.4byte	.LASF21
 539 0281 00000000 		.4byte	.LASF21
 540 0285 02       		.byte	0x2
 541 0286 23       		.byte	0x23
 542 0287 0F       		.uleb128 0xf
 543 0288 7A000000 		.4byte	.LASF22
 544 028c 7A000000 		.4byte	.LASF22
 545 0290 02       		.byte	0x2
 546 0291 1B       		.byte	0x1b
 547 0292 0F       		.uleb128 0xf
 548 0293 55020000 		.4byte	.LASF23
 549 0297 55020000 		.4byte	.LASF23
 550 029b 02       		.byte	0x2
 551 029c 1A       		.byte	0x1a
 552 029d 0F       		.uleb128 0xf
 553 029e 69020000 		.4byte	.LASF24
 554 02a2 69020000 		.4byte	.LASF24
 555 02a6 03       		.byte	0x3
 556 02a7 D9       		.byte	0xd9
 557 02a8 0F       		.uleb128 0xf
 558 02a9 0E010000 		.4byte	.LASF25
 559 02ad 0E010000 		.4byte	.LASF25
 560 02b1 04       		.byte	0x4
 561 02b2 37       		.byte	0x37
 562 02b3 0F       		.uleb128 0xf
ARM GAS  C:\Users\JAMESS~1\AppData\Local\Temp\ccBs04pE.s 			page 12


 563 02b4 AD000000 		.4byte	.LASF26
 564 02b8 AD000000 		.4byte	.LASF26
 565 02bc 05       		.byte	0x5
 566 02bd 96       		.byte	0x96
 567 02be 0F       		.uleb128 0xf
 568 02bf 12000000 		.4byte	.LASF27
 569 02c3 12000000 		.4byte	.LASF27
 570 02c7 02       		.byte	0x2
 571 02c8 15       		.byte	0x15
 572 02c9 0F       		.uleb128 0xf
 573 02ca 1F020000 		.4byte	.LASF28
 574 02ce 1F020000 		.4byte	.LASF28
 575 02d2 02       		.byte	0x2
 576 02d3 26       		.byte	0x26
 577 02d4 0F       		.uleb128 0xf
 578 02d5 49000000 		.4byte	.LASF29
 579 02d9 49000000 		.4byte	.LASF29
 580 02dd 02       		.byte	0x2
 581 02de 27       		.byte	0x27
 582 02df 00       		.byte	0
 583              		.section	.debug_abbrev,"",%progbits
 584              	.Ldebug_abbrev0:
 585 0000 01       		.uleb128 0x1
 586 0001 11       		.uleb128 0x11
 587 0002 01       		.byte	0x1
 588 0003 25       		.uleb128 0x25
 589 0004 0E       		.uleb128 0xe
 590 0005 13       		.uleb128 0x13
 591 0006 0B       		.uleb128 0xb
 592 0007 03       		.uleb128 0x3
 593 0008 0E       		.uleb128 0xe
 594 0009 1B       		.uleb128 0x1b
 595 000a 0E       		.uleb128 0xe
 596 000b 55       		.uleb128 0x55
 597 000c 17       		.uleb128 0x17
 598 000d 11       		.uleb128 0x11
 599 000e 01       		.uleb128 0x1
 600 000f 10       		.uleb128 0x10
 601 0010 17       		.uleb128 0x17
 602 0011 00       		.byte	0
 603 0012 00       		.byte	0
 604 0013 02       		.uleb128 0x2
 605 0014 24       		.uleb128 0x24
 606 0015 00       		.byte	0
 607 0016 0B       		.uleb128 0xb
 608 0017 0B       		.uleb128 0xb
 609 0018 3E       		.uleb128 0x3e
 610 0019 0B       		.uleb128 0xb
 611 001a 03       		.uleb128 0x3
 612 001b 0E       		.uleb128 0xe
 613 001c 00       		.byte	0
 614 001d 00       		.byte	0
 615 001e 03       		.uleb128 0x3
 616 001f 24       		.uleb128 0x24
 617 0020 00       		.byte	0
 618 0021 0B       		.uleb128 0xb
 619 0022 0B       		.uleb128 0xb
ARM GAS  C:\Users\JAMESS~1\AppData\Local\Temp\ccBs04pE.s 			page 13


 620 0023 3E       		.uleb128 0x3e
 621 0024 0B       		.uleb128 0xb
 622 0025 03       		.uleb128 0x3
 623 0026 08       		.uleb128 0x8
 624 0027 00       		.byte	0
 625 0028 00       		.byte	0
 626 0029 04       		.uleb128 0x4
 627 002a 16       		.uleb128 0x16
 628 002b 00       		.byte	0
 629 002c 03       		.uleb128 0x3
 630 002d 0E       		.uleb128 0xe
 631 002e 3A       		.uleb128 0x3a
 632 002f 0B       		.uleb128 0xb
 633 0030 3B       		.uleb128 0x3b
 634 0031 05       		.uleb128 0x5
 635 0032 49       		.uleb128 0x49
 636 0033 13       		.uleb128 0x13
 637 0034 00       		.byte	0
 638 0035 00       		.byte	0
 639 0036 05       		.uleb128 0x5
 640 0037 2E       		.uleb128 0x2e
 641 0038 01       		.byte	0x1
 642 0039 3F       		.uleb128 0x3f
 643 003a 19       		.uleb128 0x19
 644 003b 03       		.uleb128 0x3
 645 003c 0E       		.uleb128 0xe
 646 003d 3A       		.uleb128 0x3a
 647 003e 0B       		.uleb128 0xb
 648 003f 3B       		.uleb128 0x3b
 649 0040 0B       		.uleb128 0xb
 650 0041 27       		.uleb128 0x27
 651 0042 19       		.uleb128 0x19
 652 0043 11       		.uleb128 0x11
 653 0044 01       		.uleb128 0x1
 654 0045 12       		.uleb128 0x12
 655 0046 06       		.uleb128 0x6
 656 0047 40       		.uleb128 0x40
 657 0048 18       		.uleb128 0x18
 658 0049 9742     		.uleb128 0x2117
 659 004b 19       		.uleb128 0x19
 660 004c 01       		.uleb128 0x1
 661 004d 13       		.uleb128 0x13
 662 004e 00       		.byte	0
 663 004f 00       		.byte	0
 664 0050 06       		.uleb128 0x6
 665 0051 05       		.uleb128 0x5
 666 0052 00       		.byte	0
 667 0053 03       		.uleb128 0x3
 668 0054 0E       		.uleb128 0xe
 669 0055 3A       		.uleb128 0x3a
 670 0056 0B       		.uleb128 0xb
 671 0057 3B       		.uleb128 0x3b
 672 0058 0B       		.uleb128 0xb
 673 0059 49       		.uleb128 0x49
 674 005a 13       		.uleb128 0x13
 675 005b 02       		.uleb128 0x2
 676 005c 17       		.uleb128 0x17
ARM GAS  C:\Users\JAMESS~1\AppData\Local\Temp\ccBs04pE.s 			page 14


 677 005d 00       		.byte	0
 678 005e 00       		.byte	0
 679 005f 07       		.uleb128 0x7
 680 0060 34       		.uleb128 0x34
 681 0061 00       		.byte	0
 682 0062 03       		.uleb128 0x3
 683 0063 0E       		.uleb128 0xe
 684 0064 3A       		.uleb128 0x3a
 685 0065 0B       		.uleb128 0xb
 686 0066 3B       		.uleb128 0x3b
 687 0067 0B       		.uleb128 0xb
 688 0068 49       		.uleb128 0x49
 689 0069 13       		.uleb128 0x13
 690 006a 02       		.uleb128 0x2
 691 006b 17       		.uleb128 0x17
 692 006c 00       		.byte	0
 693 006d 00       		.byte	0
 694 006e 08       		.uleb128 0x8
 695 006f 0B       		.uleb128 0xb
 696 0070 01       		.byte	0x1
 697 0071 11       		.uleb128 0x11
 698 0072 01       		.uleb128 0x1
 699 0073 12       		.uleb128 0x12
 700 0074 06       		.uleb128 0x6
 701 0075 01       		.uleb128 0x1
 702 0076 13       		.uleb128 0x13
 703 0077 00       		.byte	0
 704 0078 00       		.byte	0
 705 0079 09       		.uleb128 0x9
 706 007a 34       		.uleb128 0x34
 707 007b 00       		.byte	0
 708 007c 03       		.uleb128 0x3
 709 007d 08       		.uleb128 0x8
 710 007e 3A       		.uleb128 0x3a
 711 007f 0B       		.uleb128 0xb
 712 0080 3B       		.uleb128 0x3b
 713 0081 0B       		.uleb128 0xb
 714 0082 49       		.uleb128 0x49
 715 0083 13       		.uleb128 0x13
 716 0084 02       		.uleb128 0x2
 717 0085 17       		.uleb128 0x17
 718 0086 00       		.byte	0
 719 0087 00       		.byte	0
 720 0088 0A       		.uleb128 0xa
 721 0089 898201   		.uleb128 0x4109
 722 008c 01       		.byte	0x1
 723 008d 11       		.uleb128 0x11
 724 008e 01       		.uleb128 0x1
 725 008f 31       		.uleb128 0x31
 726 0090 13       		.uleb128 0x13
 727 0091 01       		.uleb128 0x1
 728 0092 13       		.uleb128 0x13
 729 0093 00       		.byte	0
 730 0094 00       		.byte	0
 731 0095 0B       		.uleb128 0xb
 732 0096 8A8201   		.uleb128 0x410a
 733 0099 00       		.byte	0
ARM GAS  C:\Users\JAMESS~1\AppData\Local\Temp\ccBs04pE.s 			page 15


 734 009a 02       		.uleb128 0x2
 735 009b 18       		.uleb128 0x18
 736 009c 9142     		.uleb128 0x2111
 737 009e 18       		.uleb128 0x18
 738 009f 00       		.byte	0
 739 00a0 00       		.byte	0
 740 00a1 0C       		.uleb128 0xc
 741 00a2 898201   		.uleb128 0x4109
 742 00a5 00       		.byte	0
 743 00a6 11       		.uleb128 0x11
 744 00a7 01       		.uleb128 0x1
 745 00a8 31       		.uleb128 0x31
 746 00a9 13       		.uleb128 0x13
 747 00aa 00       		.byte	0
 748 00ab 00       		.byte	0
 749 00ac 0D       		.uleb128 0xd
 750 00ad 898201   		.uleb128 0x4109
 751 00b0 01       		.byte	0x1
 752 00b1 11       		.uleb128 0x11
 753 00b2 01       		.uleb128 0x1
 754 00b3 31       		.uleb128 0x31
 755 00b4 13       		.uleb128 0x13
 756 00b5 00       		.byte	0
 757 00b6 00       		.byte	0
 758 00b7 0E       		.uleb128 0xe
 759 00b8 2E       		.uleb128 0x2e
 760 00b9 01       		.byte	0x1
 761 00ba 3F       		.uleb128 0x3f
 762 00bb 19       		.uleb128 0x19
 763 00bc 03       		.uleb128 0x3
 764 00bd 0E       		.uleb128 0xe
 765 00be 3A       		.uleb128 0x3a
 766 00bf 0B       		.uleb128 0xb
 767 00c0 3B       		.uleb128 0x3b
 768 00c1 0B       		.uleb128 0xb
 769 00c2 27       		.uleb128 0x27
 770 00c3 19       		.uleb128 0x19
 771 00c4 49       		.uleb128 0x49
 772 00c5 13       		.uleb128 0x13
 773 00c6 8701     		.uleb128 0x87
 774 00c8 19       		.uleb128 0x19
 775 00c9 11       		.uleb128 0x11
 776 00ca 01       		.uleb128 0x1
 777 00cb 12       		.uleb128 0x12
 778 00cc 06       		.uleb128 0x6
 779 00cd 40       		.uleb128 0x40
 780 00ce 18       		.uleb128 0x18
 781 00cf 9642     		.uleb128 0x2116
 782 00d1 19       		.uleb128 0x19
 783 00d2 01       		.uleb128 0x1
 784 00d3 13       		.uleb128 0x13
 785 00d4 00       		.byte	0
 786 00d5 00       		.byte	0
 787 00d6 0F       		.uleb128 0xf
 788 00d7 2E       		.uleb128 0x2e
 789 00d8 00       		.byte	0
 790 00d9 3F       		.uleb128 0x3f
ARM GAS  C:\Users\JAMESS~1\AppData\Local\Temp\ccBs04pE.s 			page 16


 791 00da 19       		.uleb128 0x19
 792 00db 3C       		.uleb128 0x3c
 793 00dc 19       		.uleb128 0x19
 794 00dd 6E       		.uleb128 0x6e
 795 00de 0E       		.uleb128 0xe
 796 00df 03       		.uleb128 0x3
 797 00e0 0E       		.uleb128 0xe
 798 00e1 3A       		.uleb128 0x3a
 799 00e2 0B       		.uleb128 0xb
 800 00e3 3B       		.uleb128 0x3b
 801 00e4 0B       		.uleb128 0xb
 802 00e5 00       		.byte	0
 803 00e6 00       		.byte	0
 804 00e7 00       		.byte	0
 805              		.section	.debug_loc,"",%progbits
 806              	.Ldebug_loc0:
 807              	.LLST0:
 808 0000 00000000 		.4byte	.LVL0
 809 0004 16000000 		.4byte	.LVL3
 810 0008 0100     		.2byte	0x1
 811 000a 50       		.byte	0x50
 812 000b 16000000 		.4byte	.LVL3
 813 000f 3A000000 		.4byte	.LVL10
 814 0013 0100     		.2byte	0x1
 815 0015 55       		.byte	0x55
 816 0016 3A000000 		.4byte	.LVL10
 817 001a 3C000000 		.4byte	.LFE33
 818 001e 0400     		.2byte	0x4
 819 0020 F3       		.byte	0xf3
 820 0021 01       		.uleb128 0x1
 821 0022 50       		.byte	0x50
 822 0023 9F       		.byte	0x9f
 823 0024 00000000 		.4byte	0
 824 0028 00000000 		.4byte	0
 825              	.LLST1:
 826 002c 00000000 		.4byte	.LVL0
 827 0030 16000000 		.4byte	.LVL3
 828 0034 0100     		.2byte	0x1
 829 0036 51       		.byte	0x51
 830 0037 16000000 		.4byte	.LVL3
 831 003b 3A000000 		.4byte	.LVL11
 832 003f 0100     		.2byte	0x1
 833 0041 56       		.byte	0x56
 834 0042 3A000000 		.4byte	.LVL11
 835 0046 3C000000 		.4byte	.LFE33
 836 004a 0400     		.2byte	0x4
 837 004c F3       		.byte	0xf3
 838 004d 01       		.uleb128 0x1
 839 004e 51       		.byte	0x51
 840 004f 9F       		.byte	0x9f
 841 0050 00000000 		.4byte	0
 842 0054 00000000 		.4byte	0
 843              	.LLST2:
 844 0058 0C000000 		.4byte	.LVL1
 845 005c 16000000 		.4byte	.LVL3
 846 0060 0100     		.2byte	0x1
 847 0062 54       		.byte	0x54
ARM GAS  C:\Users\JAMESS~1\AppData\Local\Temp\ccBs04pE.s 			page 17


 848 0063 16000000 		.4byte	.LVL3
 849 0067 3A000000 		.4byte	.LVL10
 850 006b 0A00     		.2byte	0xa
 851 006d 75       		.byte	0x75
 852 006e 00       		.sleb128 0
 853 006f 34       		.byte	0x34
 854 0070 24       		.byte	0x24
 855 0071 75       		.byte	0x75
 856 0072 00       		.sleb128 0
 857 0073 1C       		.byte	0x1c
 858 0074 32       		.byte	0x32
 859 0075 24       		.byte	0x24
 860 0076 9F       		.byte	0x9f
 861 0077 3A000000 		.4byte	.LVL10
 862 007b 3C000000 		.4byte	.LFE33
 863 007f 0C00     		.2byte	0xc
 864 0081 F3       		.byte	0xf3
 865 0082 01       		.uleb128 0x1
 866 0083 50       		.byte	0x50
 867 0084 34       		.byte	0x34
 868 0085 24       		.byte	0x24
 869 0086 F3       		.byte	0xf3
 870 0087 01       		.uleb128 0x1
 871 0088 50       		.byte	0x50
 872 0089 1C       		.byte	0x1c
 873 008a 32       		.byte	0x32
 874 008b 24       		.byte	0x24
 875 008c 9F       		.byte	0x9f
 876 008d 00000000 		.4byte	0
 877 0091 00000000 		.4byte	0
 878              	.LLST3:
 879 0095 14000000 		.4byte	.LVL2
 880 0099 3A000000 		.4byte	.LVL12
 881 009d 0100     		.2byte	0x1
 882 009f 57       		.byte	0x57
 883 00a0 3A000000 		.4byte	.LVL12
 884 00a4 3C000000 		.4byte	.LFE33
 885 00a8 1000     		.2byte	0x10
 886 00aa F3       		.byte	0xf3
 887 00ab 01       		.uleb128 0x1
 888 00ac 50       		.byte	0x50
 889 00ad 23       		.byte	0x23
 890 00ae 01       		.uleb128 0x1
 891 00af 34       		.byte	0x34
 892 00b0 24       		.byte	0x24
 893 00b1 F3       		.byte	0xf3
 894 00b2 01       		.uleb128 0x1
 895 00b3 50       		.byte	0x50
 896 00b4 23       		.byte	0x23
 897 00b5 01       		.uleb128 0x1
 898 00b6 1C       		.byte	0x1c
 899 00b7 32       		.byte	0x32
 900 00b8 24       		.byte	0x24
 901 00b9 9F       		.byte	0x9f
 902 00ba 00000000 		.4byte	0
 903 00be 00000000 		.4byte	0
 904              	.LLST4:
ARM GAS  C:\Users\JAMESS~1\AppData\Local\Temp\ccBs04pE.s 			page 18


 905 00c2 14000000 		.4byte	.LVL2
 906 00c6 3A000000 		.4byte	.LVL9
 907 00ca 0100     		.2byte	0x1
 908 00cc 54       		.byte	0x54
 909 00cd 00000000 		.4byte	0
 910 00d1 00000000 		.4byte	0
 911              	.LLST5:
 912 00d5 20000000 		.4byte	.LVL18
 913 00d9 22000000 		.4byte	.LVL19
 914 00dd 0100     		.2byte	0x1
 915 00df 50       		.byte	0x50
 916 00e0 22000000 		.4byte	.LVL19
 917 00e4 6A000000 		.4byte	.LFE32
 918 00e8 0100     		.2byte	0x1
 919 00ea 56       		.byte	0x56
 920 00eb 00000000 		.4byte	0
 921 00ef 00000000 		.4byte	0
 922              	.LLST6:
 923 00f3 28000000 		.4byte	.LVL21
 924 00f7 2A000000 		.4byte	.LVL22
 925 00fb 0100     		.2byte	0x1
 926 00fd 50       		.byte	0x50
 927 00fe 2A000000 		.4byte	.LVL22
 928 0102 6A000000 		.4byte	.LFE32
 929 0106 0100     		.2byte	0x1
 930 0108 55       		.byte	0x55
 931 0109 00000000 		.4byte	0
 932 010d 00000000 		.4byte	0
 933              	.LLST7:
 934 0111 28000000 		.4byte	.LVL21
 935 0115 2A000000 		.4byte	.LVL22
 936 0119 0200     		.2byte	0x2
 937 011b 30       		.byte	0x30
 938 011c 9F       		.byte	0x9f
 939 011d 2A000000 		.4byte	.LVL22
 940 0121 6A000000 		.4byte	.LFE32
 941 0125 0100     		.2byte	0x1
 942 0127 54       		.byte	0x54
 943 0128 00000000 		.4byte	0
 944 012c 00000000 		.4byte	0
 945              		.section	.debug_aranges,"",%progbits
 946 0000 24000000 		.4byte	0x24
 947 0004 0200     		.2byte	0x2
 948 0006 00000000 		.4byte	.Ldebug_info0
 949 000a 04       		.byte	0x4
 950 000b 00       		.byte	0
 951 000c 0000     		.2byte	0
 952 000e 0000     		.2byte	0
 953 0010 00000000 		.4byte	.LFB33
 954 0014 3C000000 		.4byte	.LFE33-.LFB33
 955 0018 00000000 		.4byte	.LFB32
 956 001c 6A000000 		.4byte	.LFE32-.LFB32
 957 0020 00000000 		.4byte	0
 958 0024 00000000 		.4byte	0
 959              		.section	.debug_ranges,"",%progbits
 960              	.Ldebug_ranges0:
 961 0000 00000000 		.4byte	.LFB33
ARM GAS  C:\Users\JAMESS~1\AppData\Local\Temp\ccBs04pE.s 			page 19


 962 0004 3C000000 		.4byte	.LFE33
 963 0008 00000000 		.4byte	.LFB32
 964 000c 6A000000 		.4byte	.LFE32
 965 0010 00000000 		.4byte	0
 966 0014 00000000 		.4byte	0
 967              		.section	.debug_line,"",%progbits
 968              	.Ldebug_line0:
 969 0000 2C010000 		.section	.debug_str,"MS",%progbits,1
 969      0200DB00 
 969      00000201 
 969      FB0E0D00 
 969      01010101 
 970              	.LASF21:
 971 0000 53747269 		.ascii	"StripLights_Pixel\000"
 971      704C6967 
 971      6874735F 
 971      50697865 
 971      6C00
 972              	.LASF27:
 973 0012 53747269 		.ascii	"StripLights_Start\000"
 973      704C6967 
 973      6874735F 
 973      53746172 
 973      7400
 974              	.LASF14:
 975 0024 626C6F63 		.ascii	"block_number\000"
 975      6B5F6E75 
 975      6D626572 
 975      00
 976              	.LASF10:
 977 0031 646F7562 		.ascii	"double\000"
 977      6C6500
 978              	.LASF17:
 979 0038 656E6469 		.ascii	"ending_led_index\000"
 979      6E675F6C 
 979      65645F69 
 979      6E646578 
 979      00
 980              	.LASF29:
 981 0049 53747269 		.ascii	"StripLights_getColor\000"
 981      704C6967 
 981      6874735F 
 981      67657443 
 981      6F6C6F72 
 982              	.LASF9:
 983 005e 666C6F61 		.ascii	"float\000"
 983      7400
 984              	.LASF20:
 985 0064 636F756E 		.ascii	"counter\000"
 985      74657200 
 986              	.LASF1:
 987 006c 756E7369 		.ascii	"unsigned char\000"
 987      676E6564 
 987      20636861 
 987      7200
 988              	.LASF22:
 989 007a 53747269 		.ascii	"StripLights_Ready\000"
ARM GAS  C:\Users\JAMESS~1\AppData\Local\Temp\ccBs04pE.s 			page 20


 989      704C6967 
 989      6874735F 
 989      52656164 
 989      7900
 990              	.LASF3:
 991 008c 73686F72 		.ascii	"short unsigned int\000"
 991      7420756E 
 991      7369676E 
 991      65642069 
 991      6E7400
 992              	.LASF18:
 993 009f 636F6C6F 		.ascii	"color1\000"
 993      723100
 994              	.LASF19:
 995 00a6 636F6C6F 		.ascii	"color2\000"
 995      723200
 996              	.LASF26:
 997 00ad 7372616E 		.ascii	"srand\000"
 997      6400
 998              	.LASF35:
 999 00b3 6D61696E 		.ascii	"main\000"
 999      00
 1000              	.LASF15:
 1001 00b8 636F6C6F 		.ascii	"color\000"
 1001      7200
 1002              	.LASF33:
 1003 00be 75696E74 		.ascii	"uint32\000"
 1003      333200
 1004              	.LASF5:
 1005 00c5 6C6F6E67 		.ascii	"long unsigned int\000"
 1005      20756E73 
 1005      69676E65 
 1005      6420696E 
 1005      7400
 1006              	.LASF8:
 1007 00d7 756E7369 		.ascii	"unsigned int\000"
 1007      676E6564 
 1007      20696E74 
 1007      00
 1008              	.LASF7:
 1009 00e4 6C6F6E67 		.ascii	"long long unsigned int\000"
 1009      206C6F6E 
 1009      6720756E 
 1009      7369676E 
 1009      65642069 
 1010              	.LASF16:
 1011 00fb 73746172 		.ascii	"starting_led_index\000"
 1011      74696E67 
 1011      5F6C6564 
 1011      5F696E64 
 1011      657800
 1012              	.LASF25:
 1013 010e 74696D65 		.ascii	"time\000"
 1013      00
 1014              	.LASF30:
 1015 0113 474E5520 		.ascii	"GNU C11 5.4.1 20160609 (release) [ARM/embedded-5-br"
 1015      43313120 
ARM GAS  C:\Users\JAMESS~1\AppData\Local\Temp\ccBs04pE.s 			page 21


 1015      352E342E 
 1015      31203230 
 1015      31363036 
 1016 0146 616E6368 		.ascii	"anch revision 237715] -mcpu=cortex-m0 -mthumb -g -O"
 1016      20726576 
 1016      6973696F 
 1016      6E203233 
 1016      37373135 
 1017 0179 67202D66 		.ascii	"g -ffunction-sections -ffat-lto-objects\000"
 1017      66756E63 
 1017      74696F6E 
 1017      2D736563 
 1017      74696F6E 
 1018              	.LASF12:
 1019 01a1 73697A65 		.ascii	"sizetype\000"
 1019      74797065 
 1019      00
 1020              	.LASF6:
 1021 01aa 6C6F6E67 		.ascii	"long long int\000"
 1021      206C6F6E 
 1021      6720696E 
 1021      7400
 1022              	.LASF31:
 1023 01b8 6D61696E 		.ascii	"main.c\000"
 1023      2E6300
 1024              	.LASF11:
 1025 01bf 63686172 		.ascii	"char\000"
 1025      00
 1026              	.LASF2:
 1027 01c4 73686F72 		.ascii	"short int\000"
 1027      7420696E 
 1027      7400
 1028              	.LASF32:
 1029 01ce 433A5C55 		.ascii	"C:\\Users\\James Sun\\Documents\\Git\\Whackamole\\W"
 1029      73657273 
 1029      5C4A616D 
 1029      65732053 
 1029      756E5C44 
 1030 01fb 6861636B 		.ascii	"hackamole\\Whackamole.cydsn\000"
 1030      616D6F6C 
 1030      655C5768 
 1030      61636B61 
 1030      6D6F6C65 
 1031              	.LASF4:
 1032 0216 6C6F6E67 		.ascii	"long int\000"
 1032      20696E74 
 1032      00
 1033              	.LASF28:
 1034 021f 53747269 		.ascii	"StripLights_Dim\000"
 1034      704C6967 
 1034      6874735F 
 1034      44696D00 
 1035              	.LASF13:
 1036 022f 6C6F6E67 		.ascii	"long double\000"
 1036      20646F75 
 1036      626C6500 
 1037              	.LASF34:
ARM GAS  C:\Users\JAMESS~1\AppData\Local\Temp\ccBs04pE.s 			page 22


 1038 023b 53657442 		.ascii	"SetBlockColor\000"
 1038      6C6F636B 
 1038      436F6C6F 
 1038      7200
 1039              	.LASF0:
 1040 0249 7369676E 		.ascii	"signed char\000"
 1040      65642063 
 1040      68617200 
 1041              	.LASF23:
 1042 0255 53747269 		.ascii	"StripLights_Trigger\000"
 1042      704C6967 
 1042      6874735F 
 1042      54726967 
 1042      67657200 
 1043              	.LASF24:
 1044 0269 43794465 		.ascii	"CyDelay\000"
 1044      6C617900 
 1045              		.ident	"GCC: (GNU Tools for ARM Embedded Processors) 5.4.1 20160609 (release) [ARM/embedded-5-bran
