ARM GAS  C:\Users\JAMESS~1\AppData\Local\Temp\ccPoAgVB.s 			page 1


   1              		.syntax unified
   2              		.cpu cortex-m0
   3              		.fpu softvfp
   4              		.eabi_attribute 20, 1
   5              		.eabi_attribute 21, 1
   6              		.eabi_attribute 23, 3
   7              		.eabi_attribute 24, 1
   8              		.eabi_attribute 25, 1
   9              		.eabi_attribute 26, 1
  10              		.eabi_attribute 30, 6
  11              		.eabi_attribute 34, 0
  12              		.eabi_attribute 18, 4
  13              		.thumb
  14              		.syntax unified
  15              		.file	"cyfitter_cfg.c"
  16              		.text
  17              	.Ltext0:
  18              		.cfi_sections	.debug_frame
  19              		.section	.text.CYMEMZERO,"ax",%progbits
  20              		.align	2
  21              		.code	16
  22              		.thumb_func
  23              		.type	CYMEMZERO, %function
  24              	CYMEMZERO:
  25              	.LFB0:
  26              		.file 1 "Generated_Source\\PSoC4\\cyfitter_cfg.c"
   1:Generated_Source\PSoC4/cyfitter_cfg.c **** 
   2:Generated_Source\PSoC4/cyfitter_cfg.c **** /*******************************************************************************
   3:Generated_Source\PSoC4/cyfitter_cfg.c **** * File Name: cyfitter_cfg.c
   4:Generated_Source\PSoC4/cyfitter_cfg.c **** * 
   5:Generated_Source\PSoC4/cyfitter_cfg.c **** * PSoC Creator  4.1 Update 1
   6:Generated_Source\PSoC4/cyfitter_cfg.c **** *
   7:Generated_Source\PSoC4/cyfitter_cfg.c **** * Description:
   8:Generated_Source\PSoC4/cyfitter_cfg.c **** * This file contains device initialization code.
   9:Generated_Source\PSoC4/cyfitter_cfg.c **** * Except for the user defined sections in CyClockStartupError(), this file should not be modified.
  10:Generated_Source\PSoC4/cyfitter_cfg.c **** * This file is automatically generated by PSoC Creator.
  11:Generated_Source\PSoC4/cyfitter_cfg.c **** *
  12:Generated_Source\PSoC4/cyfitter_cfg.c **** ********************************************************************************
  13:Generated_Source\PSoC4/cyfitter_cfg.c **** * Copyright (c) 2007-2017 Cypress Semiconductor.  All rights reserved.
  14:Generated_Source\PSoC4/cyfitter_cfg.c **** * You may use this file only in accordance with the license, terms, conditions, 
  15:Generated_Source\PSoC4/cyfitter_cfg.c **** * disclaimers, and limitations in the end user license agreement accompanying 
  16:Generated_Source\PSoC4/cyfitter_cfg.c **** * the software package with which this file was provided.
  17:Generated_Source\PSoC4/cyfitter_cfg.c **** ********************************************************************************/
  18:Generated_Source\PSoC4/cyfitter_cfg.c **** 
  19:Generated_Source\PSoC4/cyfitter_cfg.c **** #include <string.h>
  20:Generated_Source\PSoC4/cyfitter_cfg.c **** #include "cytypes.h"
  21:Generated_Source\PSoC4/cyfitter_cfg.c **** #include "cydevice_trm.h"
  22:Generated_Source\PSoC4/cyfitter_cfg.c **** #include "cyfitter.h"
  23:Generated_Source\PSoC4/cyfitter_cfg.c **** #include "CyLib.h"
  24:Generated_Source\PSoC4/cyfitter_cfg.c **** #include "cyfitter_cfg.h"
  25:Generated_Source\PSoC4/cyfitter_cfg.c **** #include "cyapicallbacks.h"
  26:Generated_Source\PSoC4/cyfitter_cfg.c **** 
  27:Generated_Source\PSoC4/cyfitter_cfg.c **** 
  28:Generated_Source\PSoC4/cyfitter_cfg.c **** #if defined(__GNUC__) || defined(__ARMCC_VERSION)
  29:Generated_Source\PSoC4/cyfitter_cfg.c ****     #define CYPACKED 
  30:Generated_Source\PSoC4/cyfitter_cfg.c ****     #define CYPACKED_ATTR __attribute__ ((packed))
  31:Generated_Source\PSoC4/cyfitter_cfg.c ****     #define CYALIGNED __attribute__ ((aligned))
ARM GAS  C:\Users\JAMESS~1\AppData\Local\Temp\ccPoAgVB.s 			page 2


  32:Generated_Source\PSoC4/cyfitter_cfg.c ****     #define CY_CFG_UNUSED __attribute__ ((unused))
  33:Generated_Source\PSoC4/cyfitter_cfg.c ****     #ifndef CY_CFG_SECTION
  34:Generated_Source\PSoC4/cyfitter_cfg.c ****         #define CY_CFG_SECTION __attribute__ ((section(".psocinit")))
  35:Generated_Source\PSoC4/cyfitter_cfg.c ****     #endif
  36:Generated_Source\PSoC4/cyfitter_cfg.c ****     
  37:Generated_Source\PSoC4/cyfitter_cfg.c ****     #if defined(__ARMCC_VERSION)
  38:Generated_Source\PSoC4/cyfitter_cfg.c ****         #define CY_CFG_MEMORY_BARRIER() __memory_changed()
  39:Generated_Source\PSoC4/cyfitter_cfg.c ****     #else
  40:Generated_Source\PSoC4/cyfitter_cfg.c ****         #define CY_CFG_MEMORY_BARRIER() __sync_synchronize()
  41:Generated_Source\PSoC4/cyfitter_cfg.c ****     #endif
  42:Generated_Source\PSoC4/cyfitter_cfg.c ****     
  43:Generated_Source\PSoC4/cyfitter_cfg.c **** #elif defined(__ICCARM__)
  44:Generated_Source\PSoC4/cyfitter_cfg.c ****     #include <intrinsics.h>
  45:Generated_Source\PSoC4/cyfitter_cfg.c **** 
  46:Generated_Source\PSoC4/cyfitter_cfg.c ****     #define CYPACKED __packed
  47:Generated_Source\PSoC4/cyfitter_cfg.c ****     #define CYPACKED_ATTR 
  48:Generated_Source\PSoC4/cyfitter_cfg.c ****     #define CYALIGNED _Pragma("data_alignment=4")
  49:Generated_Source\PSoC4/cyfitter_cfg.c ****     #define CY_CFG_UNUSED _Pragma("diag_suppress=Pe177")
  50:Generated_Source\PSoC4/cyfitter_cfg.c ****     #define CY_CFG_SECTION _Pragma("location=\".psocinit\"")
  51:Generated_Source\PSoC4/cyfitter_cfg.c ****     
  52:Generated_Source\PSoC4/cyfitter_cfg.c ****     #define CY_CFG_MEMORY_BARRIER() __DMB()
  53:Generated_Source\PSoC4/cyfitter_cfg.c ****     
  54:Generated_Source\PSoC4/cyfitter_cfg.c **** #else
  55:Generated_Source\PSoC4/cyfitter_cfg.c ****     #error Unsupported toolchain
  56:Generated_Source\PSoC4/cyfitter_cfg.c **** #endif
  57:Generated_Source\PSoC4/cyfitter_cfg.c **** 
  58:Generated_Source\PSoC4/cyfitter_cfg.c **** #ifndef CYCODE
  59:Generated_Source\PSoC4/cyfitter_cfg.c ****     #define CYCODE
  60:Generated_Source\PSoC4/cyfitter_cfg.c **** #endif
  61:Generated_Source\PSoC4/cyfitter_cfg.c **** #ifndef CYDATA
  62:Generated_Source\PSoC4/cyfitter_cfg.c ****     #define CYDATA
  63:Generated_Source\PSoC4/cyfitter_cfg.c **** #endif
  64:Generated_Source\PSoC4/cyfitter_cfg.c **** #ifndef CYFAR
  65:Generated_Source\PSoC4/cyfitter_cfg.c ****     #define CYFAR
  66:Generated_Source\PSoC4/cyfitter_cfg.c **** #endif
  67:Generated_Source\PSoC4/cyfitter_cfg.c **** #ifndef CYXDATA
  68:Generated_Source\PSoC4/cyfitter_cfg.c ****     #define CYXDATA
  69:Generated_Source\PSoC4/cyfitter_cfg.c **** #endif
  70:Generated_Source\PSoC4/cyfitter_cfg.c **** 
  71:Generated_Source\PSoC4/cyfitter_cfg.c **** 
  72:Generated_Source\PSoC4/cyfitter_cfg.c **** CY_CFG_UNUSED
  73:Generated_Source\PSoC4/cyfitter_cfg.c **** static void CYMEMZERO(void *s, size_t n);
  74:Generated_Source\PSoC4/cyfitter_cfg.c **** CY_CFG_UNUSED
  75:Generated_Source\PSoC4/cyfitter_cfg.c **** static void CYMEMZERO(void *s, size_t n)
  76:Generated_Source\PSoC4/cyfitter_cfg.c **** {
  27              		.loc 1 76 0
  28              		.cfi_startproc
  29              		@ args = 0, pretend = 0, frame = 8
  30              		@ frame_needed = 1, uses_anonymous_args = 0
  31 0000 80B5     		push	{r7, lr}
  32              		.cfi_def_cfa_offset 8
  33              		.cfi_offset 7, -8
  34              		.cfi_offset 14, -4
  35 0002 82B0     		sub	sp, sp, #8
  36              		.cfi_def_cfa_offset 16
  37 0004 00AF     		add	r7, sp, #0
  38              		.cfi_def_cfa_register 7
ARM GAS  C:\Users\JAMESS~1\AppData\Local\Temp\ccPoAgVB.s 			page 3


  39 0006 7860     		str	r0, [r7, #4]
  40 0008 3960     		str	r1, [r7]
  77:Generated_Source\PSoC4/cyfitter_cfg.c **** 	(void)memset(s, 0, n);
  41              		.loc 1 77 0
  42 000a 3A68     		ldr	r2, [r7]
  43 000c 7B68     		ldr	r3, [r7, #4]
  44 000e 0021     		movs	r1, #0
  45 0010 1800     		movs	r0, r3
  46 0012 FFF7FEFF 		bl	memset
  78:Generated_Source\PSoC4/cyfitter_cfg.c **** }
  47              		.loc 1 78 0
  48 0016 C046     		nop
  49 0018 BD46     		mov	sp, r7
  50 001a 02B0     		add	sp, sp, #8
  51              		@ sp needed
  52 001c 80BD     		pop	{r7, pc}
  53              		.cfi_endproc
  54              	.LFE0:
  55              		.size	CYMEMZERO, .-CYMEMZERO
  56 001e C046     		.section	.text.CYCONFIGCPY,"ax",%progbits
  57              		.align	2
  58              		.code	16
  59              		.thumb_func
  60              		.type	CYCONFIGCPY, %function
  61              	CYCONFIGCPY:
  62              	.LFB1:
  79:Generated_Source\PSoC4/cyfitter_cfg.c **** CY_CFG_UNUSED
  80:Generated_Source\PSoC4/cyfitter_cfg.c **** static void CYCONFIGCPY(void *dest, const void *src, size_t n);
  81:Generated_Source\PSoC4/cyfitter_cfg.c **** CY_CFG_UNUSED
  82:Generated_Source\PSoC4/cyfitter_cfg.c **** static void CYCONFIGCPY(void *dest, const void *src, size_t n)
  83:Generated_Source\PSoC4/cyfitter_cfg.c **** {
  63              		.loc 1 83 0
  64              		.cfi_startproc
  65              		@ args = 0, pretend = 0, frame = 16
  66              		@ frame_needed = 1, uses_anonymous_args = 0
  67 0000 80B5     		push	{r7, lr}
  68              		.cfi_def_cfa_offset 8
  69              		.cfi_offset 7, -8
  70              		.cfi_offset 14, -4
  71 0002 84B0     		sub	sp, sp, #16
  72              		.cfi_def_cfa_offset 24
  73 0004 00AF     		add	r7, sp, #0
  74              		.cfi_def_cfa_register 7
  75 0006 F860     		str	r0, [r7, #12]
  76 0008 B960     		str	r1, [r7, #8]
  77 000a 7A60     		str	r2, [r7, #4]
  84:Generated_Source\PSoC4/cyfitter_cfg.c **** 	(void)memcpy(dest, src, n);
  78              		.loc 1 84 0
  79 000c 7A68     		ldr	r2, [r7, #4]
  80 000e B968     		ldr	r1, [r7, #8]
  81 0010 FB68     		ldr	r3, [r7, #12]
  82 0012 1800     		movs	r0, r3
  83 0014 FFF7FEFF 		bl	memcpy
  85:Generated_Source\PSoC4/cyfitter_cfg.c **** }
  84              		.loc 1 85 0
  85 0018 C046     		nop
  86 001a BD46     		mov	sp, r7
ARM GAS  C:\Users\JAMESS~1\AppData\Local\Temp\ccPoAgVB.s 			page 4


  87 001c 04B0     		add	sp, sp, #16
  88              		@ sp needed
  89 001e 80BD     		pop	{r7, pc}
  90              		.cfi_endproc
  91              	.LFE1:
  92              		.size	CYCONFIGCPY, .-CYCONFIGCPY
  93              		.section	.text.CYCONFIGCPYCODE,"ax",%progbits
  94              		.align	2
  95              		.code	16
  96              		.thumb_func
  97              		.type	CYCONFIGCPYCODE, %function
  98              	CYCONFIGCPYCODE:
  99              	.LFB2:
  86:Generated_Source\PSoC4/cyfitter_cfg.c **** CY_CFG_UNUSED
  87:Generated_Source\PSoC4/cyfitter_cfg.c **** static void CYCONFIGCPYCODE(void *dest, const void *src, size_t n);
  88:Generated_Source\PSoC4/cyfitter_cfg.c **** CY_CFG_UNUSED
  89:Generated_Source\PSoC4/cyfitter_cfg.c **** static void CYCONFIGCPYCODE(void *dest, const void *src, size_t n)
  90:Generated_Source\PSoC4/cyfitter_cfg.c **** {
 100              		.loc 1 90 0
 101              		.cfi_startproc
 102              		@ args = 0, pretend = 0, frame = 16
 103              		@ frame_needed = 1, uses_anonymous_args = 0
 104 0000 80B5     		push	{r7, lr}
 105              		.cfi_def_cfa_offset 8
 106              		.cfi_offset 7, -8
 107              		.cfi_offset 14, -4
 108 0002 84B0     		sub	sp, sp, #16
 109              		.cfi_def_cfa_offset 24
 110 0004 00AF     		add	r7, sp, #0
 111              		.cfi_def_cfa_register 7
 112 0006 F860     		str	r0, [r7, #12]
 113 0008 B960     		str	r1, [r7, #8]
 114 000a 7A60     		str	r2, [r7, #4]
  91:Generated_Source\PSoC4/cyfitter_cfg.c **** 	(void)memcpy(dest, src, n);
 115              		.loc 1 91 0
 116 000c 7A68     		ldr	r2, [r7, #4]
 117 000e B968     		ldr	r1, [r7, #8]
 118 0010 FB68     		ldr	r3, [r7, #12]
 119 0012 1800     		movs	r0, r3
 120 0014 FFF7FEFF 		bl	memcpy
  92:Generated_Source\PSoC4/cyfitter_cfg.c **** }
 121              		.loc 1 92 0
 122 0018 C046     		nop
 123 001a BD46     		mov	sp, r7
 124 001c 04B0     		add	sp, sp, #16
 125              		@ sp needed
 126 001e 80BD     		pop	{r7, pc}
 127              		.cfi_endproc
 128              	.LFE2:
 129              		.size	CYCONFIGCPYCODE, .-CYCONFIGCPYCODE
 130              		.section	.psocinit,"ax",%progbits
 131              		.align	2
 132              		.code	16
 133              		.thumb_func
 134              		.type	ClockSetup, %function
 135              	ClockSetup:
 136              	.LFB3:
ARM GAS  C:\Users\JAMESS~1\AppData\Local\Temp\ccPoAgVB.s 			page 5


  93:Generated_Source\PSoC4/cyfitter_cfg.c **** 
  94:Generated_Source\PSoC4/cyfitter_cfg.c **** 
  95:Generated_Source\PSoC4/cyfitter_cfg.c **** 
  96:Generated_Source\PSoC4/cyfitter_cfg.c **** 
  97:Generated_Source\PSoC4/cyfitter_cfg.c **** /* Clock startup error codes                                                   */
  98:Generated_Source\PSoC4/cyfitter_cfg.c **** #define CYCLOCKSTART_NO_ERROR    0u
  99:Generated_Source\PSoC4/cyfitter_cfg.c **** #define CYCLOCKSTART_XTAL_ERROR  1u
 100:Generated_Source\PSoC4/cyfitter_cfg.c **** #define CYCLOCKSTART_32KHZ_ERROR 2u
 101:Generated_Source\PSoC4/cyfitter_cfg.c **** #define CYCLOCKSTART_PLL_ERROR   3u
 102:Generated_Source\PSoC4/cyfitter_cfg.c **** #define CYCLOCKSTART_FLL_ERROR   4u
 103:Generated_Source\PSoC4/cyfitter_cfg.c **** 
 104:Generated_Source\PSoC4/cyfitter_cfg.c **** 
 105:Generated_Source\PSoC4/cyfitter_cfg.c **** #ifdef CY_NEED_CYCLOCKSTARTUPERROR
 106:Generated_Source\PSoC4/cyfitter_cfg.c **** /*******************************************************************************
 107:Generated_Source\PSoC4/cyfitter_cfg.c **** * Function Name: CyClockStartupError
 108:Generated_Source\PSoC4/cyfitter_cfg.c **** ********************************************************************************
 109:Generated_Source\PSoC4/cyfitter_cfg.c **** * Summary:
 110:Generated_Source\PSoC4/cyfitter_cfg.c **** *  If an error is encountered during clock configuration (crystal startup error,
 111:Generated_Source\PSoC4/cyfitter_cfg.c **** *  PLL lock error, etc.), the system will end up here.  Unless reimplemented by
 112:Generated_Source\PSoC4/cyfitter_cfg.c **** *  the customer, this function will stop in an infinite loop.
 113:Generated_Source\PSoC4/cyfitter_cfg.c **** *
 114:Generated_Source\PSoC4/cyfitter_cfg.c **** * Parameters:
 115:Generated_Source\PSoC4/cyfitter_cfg.c **** *   void
 116:Generated_Source\PSoC4/cyfitter_cfg.c **** *
 117:Generated_Source\PSoC4/cyfitter_cfg.c **** * Return:
 118:Generated_Source\PSoC4/cyfitter_cfg.c **** *   void
 119:Generated_Source\PSoC4/cyfitter_cfg.c **** *
 120:Generated_Source\PSoC4/cyfitter_cfg.c **** *******************************************************************************/
 121:Generated_Source\PSoC4/cyfitter_cfg.c **** CY_CFG_UNUSED
 122:Generated_Source\PSoC4/cyfitter_cfg.c **** static void CyClockStartupError(uint8 errorCode);
 123:Generated_Source\PSoC4/cyfitter_cfg.c **** CY_CFG_UNUSED
 124:Generated_Source\PSoC4/cyfitter_cfg.c **** static void CyClockStartupError(uint8 errorCode)
 125:Generated_Source\PSoC4/cyfitter_cfg.c **** {
 126:Generated_Source\PSoC4/cyfitter_cfg.c ****     /* To remove the compiler warning if errorCode not used. */
 127:Generated_Source\PSoC4/cyfitter_cfg.c **** #if defined(CY_PSOC3) && (CY_PSOC3)
 128:Generated_Source\PSoC4/cyfitter_cfg.c ****     errorCode = errorCode;
 129:Generated_Source\PSoC4/cyfitter_cfg.c **** #else
 130:Generated_Source\PSoC4/cyfitter_cfg.c ****     (void)errorCode;
 131:Generated_Source\PSoC4/cyfitter_cfg.c **** #endif /* CY_PSOC3 */
 132:Generated_Source\PSoC4/cyfitter_cfg.c **** 
 133:Generated_Source\PSoC4/cyfitter_cfg.c ****     /* If we have a clock startup error (bad MHz crystal, PLL lock, etc.),  */
 134:Generated_Source\PSoC4/cyfitter_cfg.c ****     /* we will end up here to allow the customer to implement something to  */
 135:Generated_Source\PSoC4/cyfitter_cfg.c ****     /* deal with the clock condition.                                       */
 136:Generated_Source\PSoC4/cyfitter_cfg.c **** 
 137:Generated_Source\PSoC4/cyfitter_cfg.c **** #ifdef CY_CFG_CLOCK_STARTUP_ERROR_CALLBACK
 138:Generated_Source\PSoC4/cyfitter_cfg.c ****     CY_CFG_Clock_Startup_ErrorCallback();
 139:Generated_Source\PSoC4/cyfitter_cfg.c **** #else
 140:Generated_Source\PSoC4/cyfitter_cfg.c ****     /*  If not using CY_CFG_CLOCK_STARTUP_ERROR_CALLBACK, place your clock startup code here. */
 141:Generated_Source\PSoC4/cyfitter_cfg.c ****     /* `#START CyClockStartupError` */
 142:Generated_Source\PSoC4/cyfitter_cfg.c **** 
 143:Generated_Source\PSoC4/cyfitter_cfg.c **** 
 144:Generated_Source\PSoC4/cyfitter_cfg.c **** 
 145:Generated_Source\PSoC4/cyfitter_cfg.c ****     /* `#END` */
 146:Generated_Source\PSoC4/cyfitter_cfg.c **** 
 147:Generated_Source\PSoC4/cyfitter_cfg.c ****     while(1) {}
 148:Generated_Source\PSoC4/cyfitter_cfg.c **** #endif /* CY_CFG_CLOCK_STARTUP_ERROR_CALLBACK */
 149:Generated_Source\PSoC4/cyfitter_cfg.c **** }
ARM GAS  C:\Users\JAMESS~1\AppData\Local\Temp\ccPoAgVB.s 			page 6


 150:Generated_Source\PSoC4/cyfitter_cfg.c **** #endif
 151:Generated_Source\PSoC4/cyfitter_cfg.c **** 
 152:Generated_Source\PSoC4/cyfitter_cfg.c **** 
 153:Generated_Source\PSoC4/cyfitter_cfg.c **** 
 154:Generated_Source\PSoC4/cyfitter_cfg.c **** /*******************************************************************************
 155:Generated_Source\PSoC4/cyfitter_cfg.c **** * Function Name: ClockSetup
 156:Generated_Source\PSoC4/cyfitter_cfg.c **** ********************************************************************************
 157:Generated_Source\PSoC4/cyfitter_cfg.c **** *
 158:Generated_Source\PSoC4/cyfitter_cfg.c **** * Summary:
 159:Generated_Source\PSoC4/cyfitter_cfg.c **** *   Performs the initialization of all of the clocks in the device based on the
 160:Generated_Source\PSoC4/cyfitter_cfg.c **** *   settings in the Clock tab of the DWR.  This includes enabling the requested
 161:Generated_Source\PSoC4/cyfitter_cfg.c **** *   clocks and setting the necessary dividers to produce the desired frequency. 
 162:Generated_Source\PSoC4/cyfitter_cfg.c **** *
 163:Generated_Source\PSoC4/cyfitter_cfg.c **** * Parameters:
 164:Generated_Source\PSoC4/cyfitter_cfg.c **** *   void
 165:Generated_Source\PSoC4/cyfitter_cfg.c **** *
 166:Generated_Source\PSoC4/cyfitter_cfg.c **** * Return:
 167:Generated_Source\PSoC4/cyfitter_cfg.c **** *   void
 168:Generated_Source\PSoC4/cyfitter_cfg.c **** *
 169:Generated_Source\PSoC4/cyfitter_cfg.c **** *******************************************************************************/
 170:Generated_Source\PSoC4/cyfitter_cfg.c **** static void ClockSetup(void);
 171:Generated_Source\PSoC4/cyfitter_cfg.c **** CY_CFG_SECTION
 172:Generated_Source\PSoC4/cyfitter_cfg.c **** static void ClockSetup(void)
 173:Generated_Source\PSoC4/cyfitter_cfg.c **** {
 137              		.loc 1 173 0
 138              		.cfi_startproc
 139              		@ args = 0, pretend = 0, frame = 0
 140              		@ frame_needed = 1, uses_anonymous_args = 0
 141 0000 80B5     		push	{r7, lr}
 142              		.cfi_def_cfa_offset 8
 143              		.cfi_offset 7, -8
 144              		.cfi_offset 14, -4
 145 0002 00AF     		add	r7, sp, #0
 146              		.cfi_def_cfa_register 7
 174:Generated_Source\PSoC4/cyfitter_cfg.c **** 	/* Enable HALF_EN before trimming for the flash accelerator. */
 175:Generated_Source\PSoC4/cyfitter_cfg.c **** 	CY_SET_REG32((void CYXDATA *)(CYREG_CLK_SELECT), (CY_GET_REG32((void *)CYREG_CLK_SELECT) | 0x00040
 147              		.loc 1 175 0
 148 0004 124B     		ldr	r3, .L5
 149 0006 124A     		ldr	r2, .L5
 150 0008 1268     		ldr	r2, [r2]
 151 000a 8021     		movs	r1, #128
 152 000c C902     		lsls	r1, r1, #11
 153 000e 0A43     		orrs	r2, r1
 154 0010 1A60     		str	r2, [r3]
 176:Generated_Source\PSoC4/cyfitter_cfg.c **** 
 177:Generated_Source\PSoC4/cyfitter_cfg.c **** 	/* Setup and trim IMO based on desired frequency. */
 178:Generated_Source\PSoC4/cyfitter_cfg.c **** 	CySysClkWriteImoFreq(24u);
 155              		.loc 1 178 0
 156 0012 1820     		movs	r0, #24
 157 0014 FFF7FEFF 		bl	CySysClkWriteImoFreq
 179:Generated_Source\PSoC4/cyfitter_cfg.c **** 
 180:Generated_Source\PSoC4/cyfitter_cfg.c **** 	/* Disable HALF_EN since it is not required at this IMO frequency. */
 181:Generated_Source\PSoC4/cyfitter_cfg.c **** 	CY_SET_REG32((void CYXDATA *)(CYREG_CLK_SELECT), (CY_GET_REG32((void *)CYREG_CLK_SELECT) & 0xFFFBF
 158              		.loc 1 181 0
 159 0018 0D4B     		ldr	r3, .L5
 160 001a 0D4A     		ldr	r2, .L5
 161 001c 1268     		ldr	r2, [r2]
ARM GAS  C:\Users\JAMESS~1\AppData\Local\Temp\ccPoAgVB.s 			page 7


 162 001e 0D49     		ldr	r1, .L5+4
 163 0020 0A40     		ands	r2, r1
 164 0022 1A60     		str	r2, [r3]
 182:Generated_Source\PSoC4/cyfitter_cfg.c **** 	/* CYDEV_CLK_ILO_CONFIG Starting address: CYDEV_CLK_ILO_CONFIG */
 183:Generated_Source\PSoC4/cyfitter_cfg.c **** 	CY_SET_REG32((void *)(CYREG_CLK_ILO_CONFIG), 0x80000006u);
 165              		.loc 1 183 0
 166 0024 0C4B     		ldr	r3, .L5+8
 167 0026 0D4A     		ldr	r2, .L5+12
 168 0028 1A60     		str	r2, [r3]
 184:Generated_Source\PSoC4/cyfitter_cfg.c **** 
 185:Generated_Source\PSoC4/cyfitter_cfg.c **** 
 186:Generated_Source\PSoC4/cyfitter_cfg.c **** 	/* CYDEV_CLK_SELECT00 Starting address: CYDEV_CLK_SELECT00 */
 187:Generated_Source\PSoC4/cyfitter_cfg.c **** 	CY_SET_REG32((void *)(CYREG_CLK_SELECT02), 0x00000010u);
 169              		.loc 1 187 0
 170 002a 0D4B     		ldr	r3, .L5+16
 171 002c 1022     		movs	r2, #16
 172 002e 1A60     		str	r2, [r3]
 188:Generated_Source\PSoC4/cyfitter_cfg.c **** 
 189:Generated_Source\PSoC4/cyfitter_cfg.c **** 	/* CYDEV_CLK_IMO_CONFIG Starting address: CYDEV_CLK_IMO_CONFIG */
 190:Generated_Source\PSoC4/cyfitter_cfg.c **** 	CY_SET_REG32((void *)(CYREG_CLK_IMO_CONFIG), 0x80000000u);
 173              		.loc 1 190 0
 174 0030 0C4B     		ldr	r3, .L5+20
 175 0032 8022     		movs	r2, #128
 176 0034 1206     		lsls	r2, r2, #24
 177 0036 1A60     		str	r2, [r3]
 191:Generated_Source\PSoC4/cyfitter_cfg.c **** 
 192:Generated_Source\PSoC4/cyfitter_cfg.c **** 	/* CYDEV_CLK_SELECT Starting address: CYDEV_CLK_SELECT */
 193:Generated_Source\PSoC4/cyfitter_cfg.c **** 	CY_SET_REG32((void *)(CYREG_CLK_SELECT), 0x00000000u);
 178              		.loc 1 193 0
 179 0038 054B     		ldr	r3, .L5
 180 003a 0022     		movs	r2, #0
 181 003c 1A60     		str	r2, [r3]
 194:Generated_Source\PSoC4/cyfitter_cfg.c **** 
 195:Generated_Source\PSoC4/cyfitter_cfg.c **** 	/* CYDEV_CLK_DIVIDER_A00 Starting address: CYDEV_CLK_DIVIDER_A00 */
 196:Generated_Source\PSoC4/cyfitter_cfg.c **** 	CY_SET_REG32((void *)(CYREG_CLK_DIVIDER_A00), 0x8000000Eu);
 182              		.loc 1 196 0
 183 003e 0A4B     		ldr	r3, .L5+24
 184 0040 0A4A     		ldr	r2, .L5+28
 185 0042 1A60     		str	r2, [r3]
 197:Generated_Source\PSoC4/cyfitter_cfg.c **** 
 198:Generated_Source\PSoC4/cyfitter_cfg.c **** 	CY_SET_REG32((void *)(CYREG_WDT_CONFIG), 0x00000000u);
 186              		.loc 1 198 0
 187 0044 0A4B     		ldr	r3, .L5+32
 188 0046 0022     		movs	r2, #0
 189 0048 1A60     		str	r2, [r3]
 199:Generated_Source\PSoC4/cyfitter_cfg.c **** }
 190              		.loc 1 199 0
 191 004a C046     		nop
 192 004c BD46     		mov	sp, r7
 193              		@ sp needed
 194 004e 80BD     		pop	{r7, pc}
 195              	.L6:
 196              		.align	2
 197              	.L5:
 198 0050 00010B40 		.word	1074462976
 199 0054 FFFFFBFF 		.word	-262145
 200 0058 04010B40 		.word	1074462980
ARM GAS  C:\Users\JAMESS~1\AppData\Local\Temp\ccPoAgVB.s 			page 8


 201 005c 06000080 		.word	-2147483642
 202 0060 08020240 		.word	1073873416
 203 0064 08010B40 		.word	1074462984
 204 0068 00000240 		.word	1073872896
 205 006c 0E000080 		.word	-2147483634
 206 0070 0C020B40 		.word	1074463244
 207              		.cfi_endproc
 208              	.LFE3:
 209              		.size	ClockSetup, .-ClockSetup
 210              		.section	.text.AnalogSetDefault,"ax",%progbits
 211              		.align	2
 212              		.code	16
 213              		.thumb_func
 214              		.type	AnalogSetDefault, %function
 215              	AnalogSetDefault:
 216              	.LFB4:
 200:Generated_Source\PSoC4/cyfitter_cfg.c **** 
 201:Generated_Source\PSoC4/cyfitter_cfg.c **** 
 202:Generated_Source\PSoC4/cyfitter_cfg.c **** /* Analog API Functions */
 203:Generated_Source\PSoC4/cyfitter_cfg.c **** 
 204:Generated_Source\PSoC4/cyfitter_cfg.c **** 
 205:Generated_Source\PSoC4/cyfitter_cfg.c **** /*******************************************************************************
 206:Generated_Source\PSoC4/cyfitter_cfg.c **** * Function Name: AnalogSetDefault
 207:Generated_Source\PSoC4/cyfitter_cfg.c **** ********************************************************************************
 208:Generated_Source\PSoC4/cyfitter_cfg.c **** *
 209:Generated_Source\PSoC4/cyfitter_cfg.c **** * Summary:
 210:Generated_Source\PSoC4/cyfitter_cfg.c **** *  Sets up the analog portions of the chip to default values based on chip
 211:Generated_Source\PSoC4/cyfitter_cfg.c **** *  configuration options from the project.
 212:Generated_Source\PSoC4/cyfitter_cfg.c **** *
 213:Generated_Source\PSoC4/cyfitter_cfg.c **** * Parameters:
 214:Generated_Source\PSoC4/cyfitter_cfg.c **** *  void
 215:Generated_Source\PSoC4/cyfitter_cfg.c **** *
 216:Generated_Source\PSoC4/cyfitter_cfg.c **** * Return:
 217:Generated_Source\PSoC4/cyfitter_cfg.c **** *  void
 218:Generated_Source\PSoC4/cyfitter_cfg.c **** *
 219:Generated_Source\PSoC4/cyfitter_cfg.c **** *******************************************************************************/
 220:Generated_Source\PSoC4/cyfitter_cfg.c **** static void AnalogSetDefault(void);
 221:Generated_Source\PSoC4/cyfitter_cfg.c **** static void AnalogSetDefault(void)
 222:Generated_Source\PSoC4/cyfitter_cfg.c **** {
 217              		.loc 1 222 0
 218              		.cfi_startproc
 219              		@ args = 0, pretend = 0, frame = 0
 220              		@ frame_needed = 1, uses_anonymous_args = 0
 221 0000 80B5     		push	{r7, lr}
 222              		.cfi_def_cfa_offset 8
 223              		.cfi_offset 7, -8
 224              		.cfi_offset 14, -4
 225 0002 00AF     		add	r7, sp, #0
 226              		.cfi_def_cfa_register 7
 223:Generated_Source\PSoC4/cyfitter_cfg.c **** }
 227              		.loc 1 223 0
 228 0004 C046     		nop
 229 0006 BD46     		mov	sp, r7
 230              		@ sp needed
 231 0008 80BD     		pop	{r7, pc}
 232              		.cfi_endproc
 233              	.LFE4:
ARM GAS  C:\Users\JAMESS~1\AppData\Local\Temp\ccPoAgVB.s 			page 9


 234              		.size	AnalogSetDefault, .-AnalogSetDefault
 235 000a C046     		.section	.psocinit
 236              		.align	2
 237              		.global	cyfitter_cfg
 238              		.code	16
 239              		.thumb_func
 240              		.type	cyfitter_cfg, %function
 241              	cyfitter_cfg:
 242              	.LFB5:
 224:Generated_Source\PSoC4/cyfitter_cfg.c **** 
 225:Generated_Source\PSoC4/cyfitter_cfg.c **** 
 226:Generated_Source\PSoC4/cyfitter_cfg.c **** 
 227:Generated_Source\PSoC4/cyfitter_cfg.c **** 
 228:Generated_Source\PSoC4/cyfitter_cfg.c **** /*******************************************************************************
 229:Generated_Source\PSoC4/cyfitter_cfg.c **** * Function Name: cyfitter_cfg
 230:Generated_Source\PSoC4/cyfitter_cfg.c **** ********************************************************************************
 231:Generated_Source\PSoC4/cyfitter_cfg.c **** * Summary:
 232:Generated_Source\PSoC4/cyfitter_cfg.c **** *  This function is called by the start-up code for the selected device. It
 233:Generated_Source\PSoC4/cyfitter_cfg.c **** *  performs all of the necessary device configuration based on the design
 234:Generated_Source\PSoC4/cyfitter_cfg.c **** *  settings.  This includes settings from the Design Wide Resources (DWR) such
 235:Generated_Source\PSoC4/cyfitter_cfg.c **** *  as Clocks and Pins as well as any component configuration that is necessary.
 236:Generated_Source\PSoC4/cyfitter_cfg.c **** *
 237:Generated_Source\PSoC4/cyfitter_cfg.c **** * Parameters:
 238:Generated_Source\PSoC4/cyfitter_cfg.c **** *   void
 239:Generated_Source\PSoC4/cyfitter_cfg.c **** *
 240:Generated_Source\PSoC4/cyfitter_cfg.c **** * Return:
 241:Generated_Source\PSoC4/cyfitter_cfg.c **** *   void
 242:Generated_Source\PSoC4/cyfitter_cfg.c **** *
 243:Generated_Source\PSoC4/cyfitter_cfg.c **** *******************************************************************************/
 244:Generated_Source\PSoC4/cyfitter_cfg.c **** CY_CFG_SECTION
 245:Generated_Source\PSoC4/cyfitter_cfg.c **** void cyfitter_cfg(void)
 246:Generated_Source\PSoC4/cyfitter_cfg.c **** {
 243              		.loc 1 246 0
 244              		.cfi_startproc
 245              		@ args = 0, pretend = 0, frame = 8
 246              		@ frame_needed = 1, uses_anonymous_args = 0
 247 0074 80B5     		push	{r7, lr}
 248              		.cfi_def_cfa_offset 8
 249              		.cfi_offset 7, -8
 250              		.cfi_offset 14, -4
 251 0076 82B0     		sub	sp, sp, #8
 252              		.cfi_def_cfa_offset 16
 253 0078 00AF     		add	r7, sp, #0
 254              		.cfi_def_cfa_register 7
 247:Generated_Source\PSoC4/cyfitter_cfg.c **** 	/* Disable interrupts by default. Let user enable if/when they want. */
 248:Generated_Source\PSoC4/cyfitter_cfg.c **** 	CyGlobalIntDisable;
 255              		.loc 1 248 0
 256              		.syntax divided
 257              	@ 248 "Generated_Source\PSoC4\cyfitter_cfg.c" 1
 258 007a 72B6     		CPSID   i
 259              	@ 0 "" 2
 260              		.thumb
 261              		.syntax unified
 262              	.LBB2:
 249:Generated_Source\PSoC4/cyfitter_cfg.c **** 
 250:Generated_Source\PSoC4/cyfitter_cfg.c **** 	{
 251:Generated_Source\PSoC4/cyfitter_cfg.c **** 
ARM GAS  C:\Users\JAMESS~1\AppData\Local\Temp\ccPoAgVB.s 			page 10


 252:Generated_Source\PSoC4/cyfitter_cfg.c **** 		CYPACKED typedef struct {
 253:Generated_Source\PSoC4/cyfitter_cfg.c **** 			void CYFAR *address;
 254:Generated_Source\PSoC4/cyfitter_cfg.c **** 			uint16 size;
 255:Generated_Source\PSoC4/cyfitter_cfg.c **** 		} CYPACKED_ATTR cfg_memset_t;
 256:Generated_Source\PSoC4/cyfitter_cfg.c **** 
 257:Generated_Source\PSoC4/cyfitter_cfg.c **** 		static const cfg_memset_t CYCODE cfg_memset_list[] = {
 258:Generated_Source\PSoC4/cyfitter_cfg.c **** 			/* address, size */
 259:Generated_Source\PSoC4/cyfitter_cfg.c **** 			{(void CYFAR *)(CYDEV_UDB_P0_U0_BASE), 1024u},
 260:Generated_Source\PSoC4/cyfitter_cfg.c **** 			{(void CYFAR *)(CYDEV_UDB_DSI0_BASE), 1024u},
 261:Generated_Source\PSoC4/cyfitter_cfg.c **** 		};
 262:Generated_Source\PSoC4/cyfitter_cfg.c **** 
 263:Generated_Source\PSoC4/cyfitter_cfg.c **** 		uint8 CYDATA i;
 264:Generated_Source\PSoC4/cyfitter_cfg.c **** 
 265:Generated_Source\PSoC4/cyfitter_cfg.c **** 		/* Zero out critical memory blocks before beginning configuration */
 266:Generated_Source\PSoC4/cyfitter_cfg.c **** 		for (i = 0u; i < (sizeof(cfg_memset_list)/sizeof(cfg_memset_list[0])); i++)
 263              		.loc 1 266 0
 264 007c FB1D     		adds	r3, r7, #7
 265 007e 0022     		movs	r2, #0
 266 0080 1A70     		strb	r2, [r3]
 267 0082 22E0     		b	.L9
 268              	.L10:
 269              	.LBB3:
 267:Generated_Source\PSoC4/cyfitter_cfg.c **** 		{
 268:Generated_Source\PSoC4/cyfitter_cfg.c **** 			const cfg_memset_t CYCODE * CYDATA ms = &cfg_memset_list[i];
 270              		.loc 1 268 0 discriminator 3
 271 0084 FB1D     		adds	r3, r7, #7
 272 0086 1A78     		ldrb	r2, [r3]
 273 0088 1300     		movs	r3, r2
 274 008a 5B00     		lsls	r3, r3, #1
 275 008c 9B18     		adds	r3, r3, r2
 276 008e 5B00     		lsls	r3, r3, #1
 277 0090 2D4A     		ldr	r2, .L11
 278 0092 9B18     		adds	r3, r3, r2
 279 0094 3B60     		str	r3, [r7]
 269:Generated_Source\PSoC4/cyfitter_cfg.c **** 			CYMEMZERO(ms->address, (size_t)(uint32)(ms->size));
 280              		.loc 1 269 0 discriminator 3
 281 0096 3B68     		ldr	r3, [r7]
 282 0098 1A78     		ldrb	r2, [r3]
 283 009a 5978     		ldrb	r1, [r3, #1]
 284 009c 0902     		lsls	r1, r1, #8
 285 009e 0A43     		orrs	r2, r1
 286 00a0 9978     		ldrb	r1, [r3, #2]
 287 00a2 0904     		lsls	r1, r1, #16
 288 00a4 0A43     		orrs	r2, r1
 289 00a6 DB78     		ldrb	r3, [r3, #3]
 290 00a8 1B06     		lsls	r3, r3, #24
 291 00aa 1343     		orrs	r3, r2
 292 00ac 1800     		movs	r0, r3
 293 00ae 3B68     		ldr	r3, [r7]
 294 00b0 1A79     		ldrb	r2, [r3, #4]
 295 00b2 5B79     		ldrb	r3, [r3, #5]
 296 00b4 1B02     		lsls	r3, r3, #8
 297 00b6 1343     		orrs	r3, r2
 298 00b8 9BB2     		uxth	r3, r3
 299 00ba 1900     		movs	r1, r3
 300 00bc FFF7FEFF 		bl	CYMEMZERO
 301              	.LBE3:
ARM GAS  C:\Users\JAMESS~1\AppData\Local\Temp\ccPoAgVB.s 			page 11


 266:Generated_Source\PSoC4/cyfitter_cfg.c **** 		{
 302              		.loc 1 266 0 discriminator 3
 303 00c0 FB1D     		adds	r3, r7, #7
 304 00c2 1A78     		ldrb	r2, [r3]
 305 00c4 FB1D     		adds	r3, r7, #7
 306 00c6 0132     		adds	r2, r2, #1
 307 00c8 1A70     		strb	r2, [r3]
 308              	.L9:
 266:Generated_Source\PSoC4/cyfitter_cfg.c **** 		{
 309              		.loc 1 266 0 is_stmt 0 discriminator 1
 310 00ca FB1D     		adds	r3, r7, #7
 311 00cc 1B78     		ldrb	r3, [r3]
 312 00ce 012B     		cmp	r3, #1
 313 00d0 D8D9     		bls	.L10
 270:Generated_Source\PSoC4/cyfitter_cfg.c **** 		}
 271:Generated_Source\PSoC4/cyfitter_cfg.c **** 
 272:Generated_Source\PSoC4/cyfitter_cfg.c **** 		/* HSIOM Starting address: CYDEV_HSIOM_BASE */
 273:Generated_Source\PSoC4/cyfitter_cfg.c **** 		CY_SET_REG32((void *)(CYREG_HSIOM_PORT_SEL3), 0x0000EE00u);
 314              		.loc 1 273 0 is_stmt 1
 315 00d2 1E4B     		ldr	r3, .L11+4
 316 00d4 EE22     		movs	r2, #238
 317 00d6 1202     		lsls	r2, r2, #8
 318 00d8 1A60     		str	r2, [r3]
 274:Generated_Source\PSoC4/cyfitter_cfg.c **** 		CY_SET_REG32((void *)(CYREG_HSIOM_PORT_SEL4), 0x000000EEu);
 319              		.loc 1 274 0
 320 00da 1D4B     		ldr	r3, .L11+8
 321 00dc EE22     		movs	r2, #238
 322 00de 1A60     		str	r2, [r3]
 275:Generated_Source\PSoC4/cyfitter_cfg.c **** 
 276:Generated_Source\PSoC4/cyfitter_cfg.c **** 		/* UDB_PA_0 Starting address: CYDEV_UDB_PA0_BASE */
 277:Generated_Source\PSoC4/cyfitter_cfg.c **** 		CY_SET_REG32((void *)(CYDEV_UDB_PA0_BASE), 0x00990000u);
 323              		.loc 1 277 0
 324 00e0 1C4B     		ldr	r3, .L11+12
 325 00e2 9922     		movs	r2, #153
 326 00e4 1204     		lsls	r2, r2, #16
 327 00e6 1A60     		str	r2, [r3]
 278:Generated_Source\PSoC4/cyfitter_cfg.c **** 
 279:Generated_Source\PSoC4/cyfitter_cfg.c **** 		/* UDB_PA_1 Starting address: CYDEV_UDB_PA1_BASE */
 280:Generated_Source\PSoC4/cyfitter_cfg.c **** 		CY_SET_REG32((void *)(CYDEV_UDB_PA1_BASE), 0x00990000u);
 328              		.loc 1 280 0
 329 00e8 1B4B     		ldr	r3, .L11+16
 330 00ea 9922     		movs	r2, #153
 331 00ec 1204     		lsls	r2, r2, #16
 332 00ee 1A60     		str	r2, [r3]
 281:Generated_Source\PSoC4/cyfitter_cfg.c **** 
 282:Generated_Source\PSoC4/cyfitter_cfg.c **** 		/* UDB_PA_3 Starting address: CYDEV_UDB_PA3_BASE */
 283:Generated_Source\PSoC4/cyfitter_cfg.c **** 		CY_SET_REG32((void *)(CYDEV_UDB_PA3_BASE), 0x00990000u);
 333              		.loc 1 283 0
 334 00f0 1A4B     		ldr	r3, .L11+20
 335 00f2 9922     		movs	r2, #153
 336 00f4 1204     		lsls	r2, r2, #16
 337 00f6 1A60     		str	r2, [r3]
 284:Generated_Source\PSoC4/cyfitter_cfg.c **** 
 285:Generated_Source\PSoC4/cyfitter_cfg.c **** 		/* Enable digital routing */
 286:Generated_Source\PSoC4/cyfitter_cfg.c **** 		CY_SET_XTND_REG8((void *)CYREG_UDB_UDBIF_BANK_CTL, (uint8)(CY_GET_XTND_REG8((void *)CYREG_UDB_UDB
 338              		.loc 1 286 0
 339 00f8 194A     		ldr	r2, .L11+24
ARM GAS  C:\Users\JAMESS~1\AppData\Local\Temp\ccPoAgVB.s 			page 12


 340 00fa 194B     		ldr	r3, .L11+24
 341 00fc 1B78     		ldrb	r3, [r3]
 342 00fe DBB2     		uxtb	r3, r3
 343 0100 0621     		movs	r1, #6
 344 0102 0B43     		orrs	r3, r1
 345 0104 DBB2     		uxtb	r3, r3
 346 0106 1370     		strb	r3, [r2]
 347              	.LBE2:
 287:Generated_Source\PSoC4/cyfitter_cfg.c **** 	}
 288:Generated_Source\PSoC4/cyfitter_cfg.c **** 
 289:Generated_Source\PSoC4/cyfitter_cfg.c **** 	/* Perform second pass device configuration. These items must be configured in specific order afte
 290:Generated_Source\PSoC4/cyfitter_cfg.c **** 	/* IOPINS0_0 Starting address: CYDEV_PRT0_BASE */
 291:Generated_Source\PSoC4/cyfitter_cfg.c **** 	CY_SET_REG32((void *)(CYDEV_PRT0_BASE), 0x00000004u);
 348              		.loc 1 291 0
 349 0108 164B     		ldr	r3, .L11+28
 350 010a 0422     		movs	r2, #4
 351 010c 1A60     		str	r2, [r3]
 292:Generated_Source\PSoC4/cyfitter_cfg.c **** 	CY_SET_REG32((void *)(CYREG_PRT0_PC), 0x00000180u);
 352              		.loc 1 292 0
 353 010e 164B     		ldr	r3, .L11+32
 354 0110 C022     		movs	r2, #192
 355 0112 5200     		lsls	r2, r2, #1
 356 0114 1A60     		str	r2, [r3]
 293:Generated_Source\PSoC4/cyfitter_cfg.c **** 
 294:Generated_Source\PSoC4/cyfitter_cfg.c **** 	/* IOPINS0_1 Starting address: CYDEV_PRT1_BASE */
 295:Generated_Source\PSoC4/cyfitter_cfg.c **** 	CY_SET_REG32((void *)(CYDEV_PRT1_BASE), 0x00000040u);
 357              		.loc 1 295 0
 358 0116 154B     		ldr	r3, .L11+36
 359 0118 4022     		movs	r2, #64
 360 011a 1A60     		str	r2, [r3]
 296:Generated_Source\PSoC4/cyfitter_cfg.c **** 	CY_SET_REG32((void *)(CYREG_PRT1_PC), 0x00180000u);
 361              		.loc 1 296 0
 362 011c 144B     		ldr	r3, .L11+40
 363 011e C022     		movs	r2, #192
 364 0120 5203     		lsls	r2, r2, #13
 365 0122 1A60     		str	r2, [r3]
 297:Generated_Source\PSoC4/cyfitter_cfg.c **** 
 298:Generated_Source\PSoC4/cyfitter_cfg.c **** 	/* IOPINS0_3 Starting address: CYDEV_PRT3_BASE */
 299:Generated_Source\PSoC4/cyfitter_cfg.c **** 	CY_SET_REG32((void *)(CYREG_PRT3_PC), 0x00000D80u);
 366              		.loc 1 299 0
 367 0124 134B     		ldr	r3, .L11+44
 368 0126 D822     		movs	r2, #216
 369 0128 1201     		lsls	r2, r2, #4
 370 012a 1A60     		str	r2, [r3]
 300:Generated_Source\PSoC4/cyfitter_cfg.c **** 
 301:Generated_Source\PSoC4/cyfitter_cfg.c **** 	/* IOPINS0_4 Starting address: CYDEV_PRT4_BASE */
 302:Generated_Source\PSoC4/cyfitter_cfg.c **** 	CY_SET_REG32((void *)(CYDEV_PRT4_BASE), 0x00000003u);
 371              		.loc 1 302 0
 372 012c 124B     		ldr	r3, .L11+48
 373 012e 0322     		movs	r2, #3
 374 0130 1A60     		str	r2, [r3]
 303:Generated_Source\PSoC4/cyfitter_cfg.c **** 	CY_SET_REG32((void *)(CYREG_PRT4_PC), 0x00000024u);
 375              		.loc 1 303 0
 376 0132 124B     		ldr	r3, .L11+52
 377 0134 2422     		movs	r2, #36
 378 0136 1A60     		str	r2, [r3]
 304:Generated_Source\PSoC4/cyfitter_cfg.c **** 
ARM GAS  C:\Users\JAMESS~1\AppData\Local\Temp\ccPoAgVB.s 			page 13


 305:Generated_Source\PSoC4/cyfitter_cfg.c **** 
 306:Generated_Source\PSoC4/cyfitter_cfg.c **** 	/* Setup clocks based on selections from Clock DWR */
 307:Generated_Source\PSoC4/cyfitter_cfg.c **** 	ClockSetup();
 379              		.loc 1 307 0
 380 0138 FFF762FF 		bl	ClockSetup
 308:Generated_Source\PSoC4/cyfitter_cfg.c **** 
 309:Generated_Source\PSoC4/cyfitter_cfg.c **** 	/* Perform basic analog initialization to defaults */
 310:Generated_Source\PSoC4/cyfitter_cfg.c **** 	AnalogSetDefault();
 381              		.loc 1 310 0
 382 013c FFF7FEFF 		bl	AnalogSetDefault
 311:Generated_Source\PSoC4/cyfitter_cfg.c **** 
 312:Generated_Source\PSoC4/cyfitter_cfg.c **** }
 383              		.loc 1 312 0
 384 0140 C046     		nop
 385 0142 BD46     		mov	sp, r7
 386 0144 02B0     		add	sp, sp, #8
 387              		@ sp needed
 388 0146 80BD     		pop	{r7, pc}
 389              	.L12:
 390              		.align	2
 391              	.L11:
 392 0148 00000000 		.word	cfg_memset_list.4847
 393 014c 0C000140 		.word	1073807372
 394 0150 10000140 		.word	1073807376
 395 0154 00500F40 		.word	1074745344
 396 0158 10500F40 		.word	1074745360
 397 015c 30500F40 		.word	1074745392
 398 0160 00700F40 		.word	1074753536
 399 0164 00000440 		.word	1074003968
 400 0168 08000440 		.word	1074003976
 401 016c 00010440 		.word	1074004224
 402 0170 08010440 		.word	1074004232
 403 0174 08030440 		.word	1074004744
 404 0178 00040440 		.word	1074004992
 405 017c 08040440 		.word	1074005000
 406              		.cfi_endproc
 407              	.LFE5:
 408              		.size	cyfitter_cfg, .-cyfitter_cfg
 409              		.section	.rodata
 410              		.align	2
 411              		.type	cfg_memset_list.4847, %object
 412              		.size	cfg_memset_list.4847, 12
 413              	cfg_memset_list.4847:
 414 0000 00300F40 		.word	1074737152
 415 0004 0004     		.short	1024
 416 0006 00400F40 		.4byte	1074741248
 417 000a 0004     		.short	1024
 418              		.text
 419              	.Letext0:
 420              		.file 2 "c:\\program files (x86)\\cypress\\psoc creator\\4.1\\psoc creator\\import\\gnu\\arm\\5.4.
 421              		.file 3 "Generated_Source\\PSoC4\\cytypes.h"
 422              		.section	.debug_info,"",%progbits
 423              	.Ldebug_info0:
 424 0000 50020000 		.4byte	0x250
 425 0004 0400     		.2byte	0x4
 426 0006 00000000 		.4byte	.Ldebug_abbrev0
 427 000a 04       		.byte	0x4
ARM GAS  C:\Users\JAMESS~1\AppData\Local\Temp\ccPoAgVB.s 			page 14


 428 000b 01       		.uleb128 0x1
 429 000c 0C010000 		.4byte	.LASF30
 430 0010 0C       		.byte	0xc
 431 0011 05020000 		.4byte	.LASF31
 432 0015 8B000000 		.4byte	.LASF32
 433 0019 00000000 		.4byte	.Ldebug_ranges0+0
 434 001d 00000000 		.4byte	0
 435 0021 00000000 		.4byte	.Ldebug_line0
 436 0025 02       		.uleb128 0x2
 437 0026 04       		.byte	0x4
 438 0027 05       		.byte	0x5
 439 0028 696E7400 		.ascii	"int\000"
 440 002c 03       		.uleb128 0x3
 441 002d 06000000 		.4byte	.LASF12
 442 0031 02       		.byte	0x2
 443 0032 D8       		.byte	0xd8
 444 0033 37000000 		.4byte	0x37
 445 0037 04       		.uleb128 0x4
 446 0038 04       		.byte	0x4
 447 0039 07       		.byte	0x7
 448 003a FF000000 		.4byte	.LASF0
 449 003e 04       		.uleb128 0x4
 450 003f 08       		.byte	0x8
 451 0040 05       		.byte	0x5
 452 0041 C7010000 		.4byte	.LASF1
 453 0045 04       		.uleb128 0x4
 454 0046 08       		.byte	0x8
 455 0047 04       		.byte	0x4
 456 0048 ED010000 		.4byte	.LASF2
 457 004c 04       		.uleb128 0x4
 458 004d 01       		.byte	0x1
 459 004e 06       		.byte	0x6
 460 004f F9010000 		.4byte	.LASF3
 461 0053 04       		.uleb128 0x4
 462 0054 01       		.byte	0x1
 463 0055 08       		.byte	0x8
 464 0056 CF000000 		.4byte	.LASF4
 465 005a 04       		.uleb128 0x4
 466 005b 02       		.byte	0x2
 467 005c 05       		.byte	0x5
 468 005d DA010000 		.4byte	.LASF5
 469 0061 04       		.uleb128 0x4
 470 0062 02       		.byte	0x2
 471 0063 07       		.byte	0x7
 472 0064 39000000 		.4byte	.LASF6
 473 0068 04       		.uleb128 0x4
 474 0069 04       		.byte	0x4
 475 006a 05       		.byte	0x5
 476 006b E4010000 		.4byte	.LASF7
 477 006f 04       		.uleb128 0x4
 478 0070 04       		.byte	0x4
 479 0071 07       		.byte	0x7
 480 0072 69000000 		.4byte	.LASF8
 481 0076 04       		.uleb128 0x4
 482 0077 08       		.byte	0x8
 483 0078 07       		.byte	0x7
 484 0079 9A010000 		.4byte	.LASF9
ARM GAS  C:\Users\JAMESS~1\AppData\Local\Temp\ccPoAgVB.s 			page 15


 485 007d 04       		.uleb128 0x4
 486 007e 04       		.byte	0x4
 487 007f 07       		.byte	0x7
 488 0080 BE010000 		.4byte	.LASF10
 489 0084 05       		.uleb128 0x5
 490 0085 04       		.byte	0x4
 491 0086 04       		.uleb128 0x4
 492 0087 01       		.byte	0x1
 493 0088 08       		.byte	0x8
 494 0089 D5010000 		.4byte	.LASF11
 495 008d 06       		.uleb128 0x6
 496 008e 7B000000 		.4byte	.LASF13
 497 0092 03       		.byte	0x3
 498 0093 D201     		.2byte	0x1d2
 499 0095 53000000 		.4byte	0x53
 500 0099 06       		.uleb128 0x6
 501 009a F1000000 		.4byte	.LASF14
 502 009e 03       		.byte	0x3
 503 009f D301     		.2byte	0x1d3
 504 00a1 61000000 		.4byte	0x61
 505 00a5 06       		.uleb128 0x6
 506 00a6 F8000000 		.4byte	.LASF15
 507 00aa 03       		.byte	0x3
 508 00ab D401     		.2byte	0x1d4
 509 00ad 6F000000 		.4byte	0x6f
 510 00b1 04       		.uleb128 0x4
 511 00b2 04       		.byte	0x4
 512 00b3 04       		.byte	0x4
 513 00b4 4C000000 		.4byte	.LASF16
 514 00b8 04       		.uleb128 0x4
 515 00b9 08       		.byte	0x8
 516 00ba 04       		.byte	0x4
 517 00bb DD000000 		.4byte	.LASF17
 518 00bf 06       		.uleb128 0x6
 519 00c0 5C000000 		.4byte	.LASF18
 520 00c4 03       		.byte	0x3
 521 00c5 7C02     		.2byte	0x27c
 522 00c7 CB000000 		.4byte	0xcb
 523 00cb 07       		.uleb128 0x7
 524 00cc 8D000000 		.4byte	0x8d
 525 00d0 06       		.uleb128 0x6
 526 00d1 00000000 		.4byte	.LASF19
 527 00d5 03       		.byte	0x3
 528 00d6 7E02     		.2byte	0x27e
 529 00d8 DC000000 		.4byte	0xdc
 530 00dc 07       		.uleb128 0x7
 531 00dd A5000000 		.4byte	0xa5
 532 00e1 08       		.uleb128 0x8
 533 00e2 81000000 		.4byte	.LASF20
 534 00e6 01       		.byte	0x1
 535 00e7 4B       		.byte	0x4b
 536 00e8 00000000 		.4byte	.LFB0
 537 00ec 1E000000 		.4byte	.LFE0-.LFB0
 538 00f0 01       		.uleb128 0x1
 539 00f1 9C       		.byte	0x9c
 540 00f2 0F010000 		.4byte	0x10f
 541 00f6 09       		.uleb128 0x9
ARM GAS  C:\Users\JAMESS~1\AppData\Local\Temp\ccPoAgVB.s 			page 16


 542 00f7 7300     		.ascii	"s\000"
 543 00f9 01       		.byte	0x1
 544 00fa 4B       		.byte	0x4b
 545 00fb 84000000 		.4byte	0x84
 546 00ff 02       		.uleb128 0x2
 547 0100 91       		.byte	0x91
 548 0101 74       		.sleb128 -12
 549 0102 09       		.uleb128 0x9
 550 0103 6E00     		.ascii	"n\000"
 551 0105 01       		.byte	0x1
 552 0106 4B       		.byte	0x4b
 553 0107 2C000000 		.4byte	0x2c
 554 010b 02       		.uleb128 0x2
 555 010c 91       		.byte	0x91
 556 010d 70       		.sleb128 -16
 557 010e 00       		.byte	0
 558 010f 08       		.uleb128 0x8
 559 0110 3B020000 		.4byte	.LASF21
 560 0114 01       		.byte	0x1
 561 0115 52       		.byte	0x52
 562 0116 00000000 		.4byte	.LFB1
 563 011a 20000000 		.4byte	.LFE1-.LFB1
 564 011e 01       		.uleb128 0x1
 565 011f 9C       		.byte	0x9c
 566 0120 4D010000 		.4byte	0x14d
 567 0124 0A       		.uleb128 0xa
 568 0125 52000000 		.4byte	.LASF22
 569 0129 01       		.byte	0x1
 570 012a 52       		.byte	0x52
 571 012b 84000000 		.4byte	0x84
 572 012f 02       		.uleb128 0x2
 573 0130 91       		.byte	0x91
 574 0131 74       		.sleb128 -12
 575 0132 09       		.uleb128 0x9
 576 0133 73726300 		.ascii	"src\000"
 577 0137 01       		.byte	0x1
 578 0138 52       		.byte	0x52
 579 0139 4D010000 		.4byte	0x14d
 580 013d 02       		.uleb128 0x2
 581 013e 91       		.byte	0x91
 582 013f 70       		.sleb128 -16
 583 0140 09       		.uleb128 0x9
 584 0141 6E00     		.ascii	"n\000"
 585 0143 01       		.byte	0x1
 586 0144 52       		.byte	0x52
 587 0145 2C000000 		.4byte	0x2c
 588 0149 02       		.uleb128 0x2
 589 014a 91       		.byte	0x91
 590 014b 6C       		.sleb128 -20
 591 014c 00       		.byte	0
 592 014d 0B       		.uleb128 0xb
 593 014e 04       		.byte	0x4
 594 014f 53010000 		.4byte	0x153
 595 0153 0C       		.uleb128 0xc
 596 0154 08       		.uleb128 0x8
 597 0155 2B020000 		.4byte	.LASF23
 598 0159 01       		.byte	0x1
ARM GAS  C:\Users\JAMESS~1\AppData\Local\Temp\ccPoAgVB.s 			page 17


 599 015a 59       		.byte	0x59
 600 015b 00000000 		.4byte	.LFB2
 601 015f 20000000 		.4byte	.LFE2-.LFB2
 602 0163 01       		.uleb128 0x1
 603 0164 9C       		.byte	0x9c
 604 0165 92010000 		.4byte	0x192
 605 0169 0A       		.uleb128 0xa
 606 016a 52000000 		.4byte	.LASF22
 607 016e 01       		.byte	0x1
 608 016f 59       		.byte	0x59
 609 0170 84000000 		.4byte	0x84
 610 0174 02       		.uleb128 0x2
 611 0175 91       		.byte	0x91
 612 0176 74       		.sleb128 -12
 613 0177 09       		.uleb128 0x9
 614 0178 73726300 		.ascii	"src\000"
 615 017c 01       		.byte	0x1
 616 017d 59       		.byte	0x59
 617 017e 4D010000 		.4byte	0x14d
 618 0182 02       		.uleb128 0x2
 619 0183 91       		.byte	0x91
 620 0184 70       		.sleb128 -16
 621 0185 09       		.uleb128 0x9
 622 0186 6E00     		.ascii	"n\000"
 623 0188 01       		.byte	0x1
 624 0189 59       		.byte	0x59
 625 018a 2C000000 		.4byte	0x2c
 626 018e 02       		.uleb128 0x2
 627 018f 91       		.byte	0x91
 628 0190 6C       		.sleb128 -20
 629 0191 00       		.byte	0
 630 0192 0D       		.uleb128 0xd
 631 0193 2E000000 		.4byte	.LASF24
 632 0197 01       		.byte	0x1
 633 0198 AC       		.byte	0xac
 634 0199 00000000 		.4byte	.LFB3
 635 019d 74000000 		.4byte	.LFE3-.LFB3
 636 01a1 01       		.uleb128 0x1
 637 01a2 9C       		.byte	0x9c
 638 01a3 0E       		.uleb128 0xe
 639 01a4 0D000000 		.4byte	.LASF25
 640 01a8 01       		.byte	0x1
 641 01a9 DD       		.byte	0xdd
 642 01aa 00000000 		.4byte	.LFB4
 643 01ae 0A000000 		.4byte	.LFE4-.LFB4
 644 01b2 01       		.uleb128 0x1
 645 01b3 9C       		.byte	0x9c
 646 01b4 0F       		.uleb128 0xf
 647 01b5 E4000000 		.4byte	.LASF33
 648 01b9 01       		.byte	0x1
 649 01ba F5       		.byte	0xf5
 650 01bb 74000000 		.4byte	.LFB5
 651 01bf 0C010000 		.4byte	.LFE5-.LFB5
 652 01c3 01       		.uleb128 0x1
 653 01c4 9C       		.byte	0x9c
 654 01c5 10       		.uleb128 0x10
 655 01c6 7C000000 		.4byte	.LBB2
ARM GAS  C:\Users\JAMESS~1\AppData\Local\Temp\ccPoAgVB.s 			page 18


 656 01ca 8C000000 		.4byte	.LBE2-.LBB2
 657 01ce 11       		.uleb128 0x11
 658 01cf 06       		.byte	0x6
 659 01d0 01       		.byte	0x1
 660 01d1 FC       		.byte	0xfc
 661 01d2 EF010000 		.4byte	0x1ef
 662 01d6 12       		.uleb128 0x12
 663 01d7 61000000 		.4byte	.LASF26
 664 01db 01       		.byte	0x1
 665 01dc FD       		.byte	0xfd
 666 01dd 84000000 		.4byte	0x84
 667 01e1 00       		.byte	0
 668 01e2 12       		.uleb128 0x12
 669 01e3 57000000 		.4byte	.LASF27
 670 01e7 01       		.byte	0x1
 671 01e8 FE       		.byte	0xfe
 672 01e9 99000000 		.4byte	0x99
 673 01ed 04       		.byte	0x4
 674 01ee 00       		.byte	0
 675 01ef 03       		.uleb128 0x3
 676 01f0 B1010000 		.4byte	.LASF28
 677 01f4 01       		.byte	0x1
 678 01f5 FF       		.byte	0xff
 679 01f6 CE010000 		.4byte	0x1ce
 680 01fa 13       		.uleb128 0x13
 681 01fb 0A020000 		.4byte	0x20a
 682 01ff 0A020000 		.4byte	0x20a
 683 0203 14       		.uleb128 0x14
 684 0204 7D000000 		.4byte	0x7d
 685 0208 01       		.byte	0x1
 686 0209 00       		.byte	0
 687 020a 15       		.uleb128 0x15
 688 020b EF010000 		.4byte	0x1ef
 689 020f 16       		.uleb128 0x16
 690 0210 1E000000 		.4byte	.LASF29
 691 0214 01       		.byte	0x1
 692 0215 0101     		.2byte	0x101
 693 0217 21020000 		.4byte	0x221
 694 021b 05       		.uleb128 0x5
 695 021c 03       		.byte	0x3
 696 021d 00000000 		.4byte	cfg_memset_list.4847
 697 0221 15       		.uleb128 0x15
 698 0222 FA010000 		.4byte	0x1fa
 699 0226 17       		.uleb128 0x17
 700 0227 6900     		.ascii	"i\000"
 701 0229 01       		.byte	0x1
 702 022a 0701     		.2byte	0x107
 703 022c 8D000000 		.4byte	0x8d
 704 0230 02       		.uleb128 0x2
 705 0231 91       		.byte	0x91
 706 0232 77       		.sleb128 -9
 707 0233 10       		.uleb128 0x10
 708 0234 84000000 		.4byte	.LBB3
 709 0238 3C000000 		.4byte	.LBE3-.LBB3
 710 023c 17       		.uleb128 0x17
 711 023d 6D7300   		.ascii	"ms\000"
 712 0240 01       		.byte	0x1
ARM GAS  C:\Users\JAMESS~1\AppData\Local\Temp\ccPoAgVB.s 			page 19


 713 0241 0C01     		.2byte	0x10c
 714 0243 4A020000 		.4byte	0x24a
 715 0247 02       		.uleb128 0x2
 716 0248 91       		.byte	0x91
 717 0249 70       		.sleb128 -16
 718 024a 0B       		.uleb128 0xb
 719 024b 04       		.byte	0x4
 720 024c 0A020000 		.4byte	0x20a
 721 0250 00       		.byte	0
 722 0251 00       		.byte	0
 723 0252 00       		.byte	0
 724 0253 00       		.byte	0
 725              		.section	.debug_abbrev,"",%progbits
 726              	.Ldebug_abbrev0:
 727 0000 01       		.uleb128 0x1
 728 0001 11       		.uleb128 0x11
 729 0002 01       		.byte	0x1
 730 0003 25       		.uleb128 0x25
 731 0004 0E       		.uleb128 0xe
 732 0005 13       		.uleb128 0x13
 733 0006 0B       		.uleb128 0xb
 734 0007 03       		.uleb128 0x3
 735 0008 0E       		.uleb128 0xe
 736 0009 1B       		.uleb128 0x1b
 737 000a 0E       		.uleb128 0xe
 738 000b 55       		.uleb128 0x55
 739 000c 17       		.uleb128 0x17
 740 000d 11       		.uleb128 0x11
 741 000e 01       		.uleb128 0x1
 742 000f 10       		.uleb128 0x10
 743 0010 17       		.uleb128 0x17
 744 0011 00       		.byte	0
 745 0012 00       		.byte	0
 746 0013 02       		.uleb128 0x2
 747 0014 24       		.uleb128 0x24
 748 0015 00       		.byte	0
 749 0016 0B       		.uleb128 0xb
 750 0017 0B       		.uleb128 0xb
 751 0018 3E       		.uleb128 0x3e
 752 0019 0B       		.uleb128 0xb
 753 001a 03       		.uleb128 0x3
 754 001b 08       		.uleb128 0x8
 755 001c 00       		.byte	0
 756 001d 00       		.byte	0
 757 001e 03       		.uleb128 0x3
 758 001f 16       		.uleb128 0x16
 759 0020 00       		.byte	0
 760 0021 03       		.uleb128 0x3
 761 0022 0E       		.uleb128 0xe
 762 0023 3A       		.uleb128 0x3a
 763 0024 0B       		.uleb128 0xb
 764 0025 3B       		.uleb128 0x3b
 765 0026 0B       		.uleb128 0xb
 766 0027 49       		.uleb128 0x49
 767 0028 13       		.uleb128 0x13
 768 0029 00       		.byte	0
 769 002a 00       		.byte	0
ARM GAS  C:\Users\JAMESS~1\AppData\Local\Temp\ccPoAgVB.s 			page 20


 770 002b 04       		.uleb128 0x4
 771 002c 24       		.uleb128 0x24
 772 002d 00       		.byte	0
 773 002e 0B       		.uleb128 0xb
 774 002f 0B       		.uleb128 0xb
 775 0030 3E       		.uleb128 0x3e
 776 0031 0B       		.uleb128 0xb
 777 0032 03       		.uleb128 0x3
 778 0033 0E       		.uleb128 0xe
 779 0034 00       		.byte	0
 780 0035 00       		.byte	0
 781 0036 05       		.uleb128 0x5
 782 0037 0F       		.uleb128 0xf
 783 0038 00       		.byte	0
 784 0039 0B       		.uleb128 0xb
 785 003a 0B       		.uleb128 0xb
 786 003b 00       		.byte	0
 787 003c 00       		.byte	0
 788 003d 06       		.uleb128 0x6
 789 003e 16       		.uleb128 0x16
 790 003f 00       		.byte	0
 791 0040 03       		.uleb128 0x3
 792 0041 0E       		.uleb128 0xe
 793 0042 3A       		.uleb128 0x3a
 794 0043 0B       		.uleb128 0xb
 795 0044 3B       		.uleb128 0x3b
 796 0045 05       		.uleb128 0x5
 797 0046 49       		.uleb128 0x49
 798 0047 13       		.uleb128 0x13
 799 0048 00       		.byte	0
 800 0049 00       		.byte	0
 801 004a 07       		.uleb128 0x7
 802 004b 35       		.uleb128 0x35
 803 004c 00       		.byte	0
 804 004d 49       		.uleb128 0x49
 805 004e 13       		.uleb128 0x13
 806 004f 00       		.byte	0
 807 0050 00       		.byte	0
 808 0051 08       		.uleb128 0x8
 809 0052 2E       		.uleb128 0x2e
 810 0053 01       		.byte	0x1
 811 0054 03       		.uleb128 0x3
 812 0055 0E       		.uleb128 0xe
 813 0056 3A       		.uleb128 0x3a
 814 0057 0B       		.uleb128 0xb
 815 0058 3B       		.uleb128 0x3b
 816 0059 0B       		.uleb128 0xb
 817 005a 27       		.uleb128 0x27
 818 005b 19       		.uleb128 0x19
 819 005c 11       		.uleb128 0x11
 820 005d 01       		.uleb128 0x1
 821 005e 12       		.uleb128 0x12
 822 005f 06       		.uleb128 0x6
 823 0060 40       		.uleb128 0x40
 824 0061 18       		.uleb128 0x18
 825 0062 9642     		.uleb128 0x2116
 826 0064 19       		.uleb128 0x19
ARM GAS  C:\Users\JAMESS~1\AppData\Local\Temp\ccPoAgVB.s 			page 21


 827 0065 01       		.uleb128 0x1
 828 0066 13       		.uleb128 0x13
 829 0067 00       		.byte	0
 830 0068 00       		.byte	0
 831 0069 09       		.uleb128 0x9
 832 006a 05       		.uleb128 0x5
 833 006b 00       		.byte	0
 834 006c 03       		.uleb128 0x3
 835 006d 08       		.uleb128 0x8
 836 006e 3A       		.uleb128 0x3a
 837 006f 0B       		.uleb128 0xb
 838 0070 3B       		.uleb128 0x3b
 839 0071 0B       		.uleb128 0xb
 840 0072 49       		.uleb128 0x49
 841 0073 13       		.uleb128 0x13
 842 0074 02       		.uleb128 0x2
 843 0075 18       		.uleb128 0x18
 844 0076 00       		.byte	0
 845 0077 00       		.byte	0
 846 0078 0A       		.uleb128 0xa
 847 0079 05       		.uleb128 0x5
 848 007a 00       		.byte	0
 849 007b 03       		.uleb128 0x3
 850 007c 0E       		.uleb128 0xe
 851 007d 3A       		.uleb128 0x3a
 852 007e 0B       		.uleb128 0xb
 853 007f 3B       		.uleb128 0x3b
 854 0080 0B       		.uleb128 0xb
 855 0081 49       		.uleb128 0x49
 856 0082 13       		.uleb128 0x13
 857 0083 02       		.uleb128 0x2
 858 0084 18       		.uleb128 0x18
 859 0085 00       		.byte	0
 860 0086 00       		.byte	0
 861 0087 0B       		.uleb128 0xb
 862 0088 0F       		.uleb128 0xf
 863 0089 00       		.byte	0
 864 008a 0B       		.uleb128 0xb
 865 008b 0B       		.uleb128 0xb
 866 008c 49       		.uleb128 0x49
 867 008d 13       		.uleb128 0x13
 868 008e 00       		.byte	0
 869 008f 00       		.byte	0
 870 0090 0C       		.uleb128 0xc
 871 0091 26       		.uleb128 0x26
 872 0092 00       		.byte	0
 873 0093 00       		.byte	0
 874 0094 00       		.byte	0
 875 0095 0D       		.uleb128 0xd
 876 0096 2E       		.uleb128 0x2e
 877 0097 00       		.byte	0
 878 0098 03       		.uleb128 0x3
 879 0099 0E       		.uleb128 0xe
 880 009a 3A       		.uleb128 0x3a
 881 009b 0B       		.uleb128 0xb
 882 009c 3B       		.uleb128 0x3b
 883 009d 0B       		.uleb128 0xb
ARM GAS  C:\Users\JAMESS~1\AppData\Local\Temp\ccPoAgVB.s 			page 22


 884 009e 27       		.uleb128 0x27
 885 009f 19       		.uleb128 0x19
 886 00a0 11       		.uleb128 0x11
 887 00a1 01       		.uleb128 0x1
 888 00a2 12       		.uleb128 0x12
 889 00a3 06       		.uleb128 0x6
 890 00a4 40       		.uleb128 0x40
 891 00a5 18       		.uleb128 0x18
 892 00a6 9642     		.uleb128 0x2116
 893 00a8 19       		.uleb128 0x19
 894 00a9 00       		.byte	0
 895 00aa 00       		.byte	0
 896 00ab 0E       		.uleb128 0xe
 897 00ac 2E       		.uleb128 0x2e
 898 00ad 00       		.byte	0
 899 00ae 03       		.uleb128 0x3
 900 00af 0E       		.uleb128 0xe
 901 00b0 3A       		.uleb128 0x3a
 902 00b1 0B       		.uleb128 0xb
 903 00b2 3B       		.uleb128 0x3b
 904 00b3 0B       		.uleb128 0xb
 905 00b4 27       		.uleb128 0x27
 906 00b5 19       		.uleb128 0x19
 907 00b6 11       		.uleb128 0x11
 908 00b7 01       		.uleb128 0x1
 909 00b8 12       		.uleb128 0x12
 910 00b9 06       		.uleb128 0x6
 911 00ba 40       		.uleb128 0x40
 912 00bb 18       		.uleb128 0x18
 913 00bc 9742     		.uleb128 0x2117
 914 00be 19       		.uleb128 0x19
 915 00bf 00       		.byte	0
 916 00c0 00       		.byte	0
 917 00c1 0F       		.uleb128 0xf
 918 00c2 2E       		.uleb128 0x2e
 919 00c3 01       		.byte	0x1
 920 00c4 3F       		.uleb128 0x3f
 921 00c5 19       		.uleb128 0x19
 922 00c6 03       		.uleb128 0x3
 923 00c7 0E       		.uleb128 0xe
 924 00c8 3A       		.uleb128 0x3a
 925 00c9 0B       		.uleb128 0xb
 926 00ca 3B       		.uleb128 0x3b
 927 00cb 0B       		.uleb128 0xb
 928 00cc 27       		.uleb128 0x27
 929 00cd 19       		.uleb128 0x19
 930 00ce 11       		.uleb128 0x11
 931 00cf 01       		.uleb128 0x1
 932 00d0 12       		.uleb128 0x12
 933 00d1 06       		.uleb128 0x6
 934 00d2 40       		.uleb128 0x40
 935 00d3 18       		.uleb128 0x18
 936 00d4 9642     		.uleb128 0x2116
 937 00d6 19       		.uleb128 0x19
 938 00d7 00       		.byte	0
 939 00d8 00       		.byte	0
 940 00d9 10       		.uleb128 0x10
ARM GAS  C:\Users\JAMESS~1\AppData\Local\Temp\ccPoAgVB.s 			page 23


 941 00da 0B       		.uleb128 0xb
 942 00db 01       		.byte	0x1
 943 00dc 11       		.uleb128 0x11
 944 00dd 01       		.uleb128 0x1
 945 00de 12       		.uleb128 0x12
 946 00df 06       		.uleb128 0x6
 947 00e0 00       		.byte	0
 948 00e1 00       		.byte	0
 949 00e2 11       		.uleb128 0x11
 950 00e3 13       		.uleb128 0x13
 951 00e4 01       		.byte	0x1
 952 00e5 0B       		.uleb128 0xb
 953 00e6 0B       		.uleb128 0xb
 954 00e7 3A       		.uleb128 0x3a
 955 00e8 0B       		.uleb128 0xb
 956 00e9 3B       		.uleb128 0x3b
 957 00ea 0B       		.uleb128 0xb
 958 00eb 01       		.uleb128 0x1
 959 00ec 13       		.uleb128 0x13
 960 00ed 00       		.byte	0
 961 00ee 00       		.byte	0
 962 00ef 12       		.uleb128 0x12
 963 00f0 0D       		.uleb128 0xd
 964 00f1 00       		.byte	0
 965 00f2 03       		.uleb128 0x3
 966 00f3 0E       		.uleb128 0xe
 967 00f4 3A       		.uleb128 0x3a
 968 00f5 0B       		.uleb128 0xb
 969 00f6 3B       		.uleb128 0x3b
 970 00f7 0B       		.uleb128 0xb
 971 00f8 49       		.uleb128 0x49
 972 00f9 13       		.uleb128 0x13
 973 00fa 38       		.uleb128 0x38
 974 00fb 0B       		.uleb128 0xb
 975 00fc 00       		.byte	0
 976 00fd 00       		.byte	0
 977 00fe 13       		.uleb128 0x13
 978 00ff 01       		.uleb128 0x1
 979 0100 01       		.byte	0x1
 980 0101 49       		.uleb128 0x49
 981 0102 13       		.uleb128 0x13
 982 0103 01       		.uleb128 0x1
 983 0104 13       		.uleb128 0x13
 984 0105 00       		.byte	0
 985 0106 00       		.byte	0
 986 0107 14       		.uleb128 0x14
 987 0108 21       		.uleb128 0x21
 988 0109 00       		.byte	0
 989 010a 49       		.uleb128 0x49
 990 010b 13       		.uleb128 0x13
 991 010c 2F       		.uleb128 0x2f
 992 010d 0B       		.uleb128 0xb
 993 010e 00       		.byte	0
 994 010f 00       		.byte	0
 995 0110 15       		.uleb128 0x15
 996 0111 26       		.uleb128 0x26
 997 0112 00       		.byte	0
ARM GAS  C:\Users\JAMESS~1\AppData\Local\Temp\ccPoAgVB.s 			page 24


 998 0113 49       		.uleb128 0x49
 999 0114 13       		.uleb128 0x13
 1000 0115 00       		.byte	0
 1001 0116 00       		.byte	0
 1002 0117 16       		.uleb128 0x16
 1003 0118 34       		.uleb128 0x34
 1004 0119 00       		.byte	0
 1005 011a 03       		.uleb128 0x3
 1006 011b 0E       		.uleb128 0xe
 1007 011c 3A       		.uleb128 0x3a
 1008 011d 0B       		.uleb128 0xb
 1009 011e 3B       		.uleb128 0x3b
 1010 011f 05       		.uleb128 0x5
 1011 0120 49       		.uleb128 0x49
 1012 0121 13       		.uleb128 0x13
 1013 0122 02       		.uleb128 0x2
 1014 0123 18       		.uleb128 0x18
 1015 0124 00       		.byte	0
 1016 0125 00       		.byte	0
 1017 0126 17       		.uleb128 0x17
 1018 0127 34       		.uleb128 0x34
 1019 0128 00       		.byte	0
 1020 0129 03       		.uleb128 0x3
 1021 012a 08       		.uleb128 0x8
 1022 012b 3A       		.uleb128 0x3a
 1023 012c 0B       		.uleb128 0xb
 1024 012d 3B       		.uleb128 0x3b
 1025 012e 05       		.uleb128 0x5
 1026 012f 49       		.uleb128 0x49
 1027 0130 13       		.uleb128 0x13
 1028 0131 02       		.uleb128 0x2
 1029 0132 18       		.uleb128 0x18
 1030 0133 00       		.byte	0
 1031 0134 00       		.byte	0
 1032 0135 00       		.byte	0
 1033              		.section	.debug_aranges,"",%progbits
 1034 0000 44000000 		.4byte	0x44
 1035 0004 0200     		.2byte	0x2
 1036 0006 00000000 		.4byte	.Ldebug_info0
 1037 000a 04       		.byte	0x4
 1038 000b 00       		.byte	0
 1039 000c 0000     		.2byte	0
 1040 000e 0000     		.2byte	0
 1041 0010 00000000 		.4byte	.LFB0
 1042 0014 1E000000 		.4byte	.LFE0-.LFB0
 1043 0018 00000000 		.4byte	.LFB1
 1044 001c 20000000 		.4byte	.LFE1-.LFB1
 1045 0020 00000000 		.4byte	.LFB2
 1046 0024 20000000 		.4byte	.LFE2-.LFB2
 1047 0028 00000000 		.4byte	.LFB3
 1048 002c 74000000 		.4byte	.LFE3-.LFB3
 1049 0030 00000000 		.4byte	.LFB4
 1050 0034 0A000000 		.4byte	.LFE4-.LFB4
 1051 0038 74000000 		.4byte	.LFB5
 1052 003c 0C010000 		.4byte	.LFE5-.LFB5
 1053 0040 00000000 		.4byte	0
 1054 0044 00000000 		.4byte	0
ARM GAS  C:\Users\JAMESS~1\AppData\Local\Temp\ccPoAgVB.s 			page 25


 1055              		.section	.debug_ranges,"",%progbits
 1056              	.Ldebug_ranges0:
 1057 0000 00000000 		.4byte	.LFB0
 1058 0004 1E000000 		.4byte	.LFE0
 1059 0008 00000000 		.4byte	.LFB1
 1060 000c 20000000 		.4byte	.LFE1
 1061 0010 00000000 		.4byte	.LFB2
 1062 0014 20000000 		.4byte	.LFE2
 1063 0018 00000000 		.4byte	.LFB3
 1064 001c 74000000 		.4byte	.LFE3
 1065 0020 00000000 		.4byte	.LFB4
 1066 0024 0A000000 		.4byte	.LFE4
 1067 0028 74000000 		.4byte	.LFB5
 1068 002c 80010000 		.4byte	.LFE5
 1069 0030 00000000 		.4byte	0
 1070 0034 00000000 		.4byte	0
 1071              		.section	.debug_line,"",%progbits
 1072              	.Ldebug_line0:
 1073 0000 61010000 		.section	.debug_str,"MS",%progbits,1
 1073      0200CB00 
 1073      00000201 
 1073      FB0E0D00 
 1073      01010101 
 1074              	.LASF19:
 1075 0000 72656733 		.ascii	"reg32\000"
 1075      3200
 1076              	.LASF12:
 1077 0006 73697A65 		.ascii	"size_t\000"
 1077      5F7400
 1078              	.LASF25:
 1079 000d 416E616C 		.ascii	"AnalogSetDefault\000"
 1079      6F675365 
 1079      74446566 
 1079      61756C74 
 1079      00
 1080              	.LASF29:
 1081 001e 6366675F 		.ascii	"cfg_memset_list\000"
 1081      6D656D73 
 1081      65745F6C 
 1081      69737400 
 1082              	.LASF24:
 1083 002e 436C6F63 		.ascii	"ClockSetup\000"
 1083      6B536574 
 1083      757000
 1084              	.LASF6:
 1085 0039 73686F72 		.ascii	"short unsigned int\000"
 1085      7420756E 
 1085      7369676E 
 1085      65642069 
 1085      6E7400
 1086              	.LASF16:
 1087 004c 666C6F61 		.ascii	"float\000"
 1087      7400
 1088              	.LASF22:
 1089 0052 64657374 		.ascii	"dest\000"
 1089      00
 1090              	.LASF27:
ARM GAS  C:\Users\JAMESS~1\AppData\Local\Temp\ccPoAgVB.s 			page 26


 1091 0057 73697A65 		.ascii	"size\000"
 1091      00
 1092              	.LASF18:
 1093 005c 72656738 		.ascii	"reg8\000"
 1093      00
 1094              	.LASF26:
 1095 0061 61646472 		.ascii	"address\000"
 1095      65737300 
 1096              	.LASF8:
 1097 0069 6C6F6E67 		.ascii	"long unsigned int\000"
 1097      20756E73 
 1097      69676E65 
 1097      6420696E 
 1097      7400
 1098              	.LASF13:
 1099 007b 75696E74 		.ascii	"uint8\000"
 1099      3800
 1100              	.LASF20:
 1101 0081 43594D45 		.ascii	"CYMEMZERO\000"
 1101      4D5A4552 
 1101      4F00
 1102              	.LASF32:
 1103 008b 433A5C55 		.ascii	"C:\\Users\\James Sun\\Documents\\Git\\Whackamole\\W"
 1103      73657273 
 1103      5C4A616D 
 1103      65732053 
 1103      756E5C44 
 1104 00b8 6861636B 		.ascii	"hackamole\\Master.cydsn\000"
 1104      616D6F6C 
 1104      655C4D61 
 1104      73746572 
 1104      2E637964 
 1105              	.LASF4:
 1106 00cf 756E7369 		.ascii	"unsigned char\000"
 1106      676E6564 
 1106      20636861 
 1106      7200
 1107              	.LASF17:
 1108 00dd 646F7562 		.ascii	"double\000"
 1108      6C6500
 1109              	.LASF33:
 1110 00e4 63796669 		.ascii	"cyfitter_cfg\000"
 1110      74746572 
 1110      5F636667 
 1110      00
 1111              	.LASF14:
 1112 00f1 75696E74 		.ascii	"uint16\000"
 1112      313600
 1113              	.LASF15:
 1114 00f8 75696E74 		.ascii	"uint32\000"
 1114      333200
 1115              	.LASF0:
 1116 00ff 756E7369 		.ascii	"unsigned int\000"
 1116      676E6564 
 1116      20696E74 
 1116      00
 1117              	.LASF30:
ARM GAS  C:\Users\JAMESS~1\AppData\Local\Temp\ccPoAgVB.s 			page 27


 1118 010c 474E5520 		.ascii	"GNU C11 5.4.1 20160609 (release) [ARM/embedded-5-br"
 1118      43313120 
 1118      352E342E 
 1118      31203230 
 1118      31363036 
 1119 013f 616E6368 		.ascii	"anch revision 237715] -mcpu=cortex-m0 -mthumb -g -O"
 1119      20726576 
 1119      6973696F 
 1119      6E203233 
 1119      37373135 
 1120 0172 30202D66 		.ascii	"0 -ffunction-sections -ffat-lto-objects\000"
 1120      66756E63 
 1120      74696F6E 
 1120      2D736563 
 1120      74696F6E 
 1121              	.LASF9:
 1122 019a 6C6F6E67 		.ascii	"long long unsigned int\000"
 1122      206C6F6E 
 1122      6720756E 
 1122      7369676E 
 1122      65642069 
 1123              	.LASF28:
 1124 01b1 6366675F 		.ascii	"cfg_memset_t\000"
 1124      6D656D73 
 1124      65745F74 
 1124      00
 1125              	.LASF10:
 1126 01be 73697A65 		.ascii	"sizetype\000"
 1126      74797065 
 1126      00
 1127              	.LASF1:
 1128 01c7 6C6F6E67 		.ascii	"long long int\000"
 1128      206C6F6E 
 1128      6720696E 
 1128      7400
 1129              	.LASF11:
 1130 01d5 63686172 		.ascii	"char\000"
 1130      00
 1131              	.LASF5:
 1132 01da 73686F72 		.ascii	"short int\000"
 1132      7420696E 
 1132      7400
 1133              	.LASF7:
 1134 01e4 6C6F6E67 		.ascii	"long int\000"
 1134      20696E74 
 1134      00
 1135              	.LASF2:
 1136 01ed 6C6F6E67 		.ascii	"long double\000"
 1136      20646F75 
 1136      626C6500 
 1137              	.LASF3:
 1138 01f9 7369676E 		.ascii	"signed char\000"
 1138      65642063 
 1138      68617200 
 1139              	.LASF31:
 1140 0205 47656E65 		.ascii	"Generated_Source\\PSoC4\\cyfitter_cfg.c\000"
 1140      72617465 
ARM GAS  C:\Users\JAMESS~1\AppData\Local\Temp\ccPoAgVB.s 			page 28


 1140      645F536F 
 1140      75726365 
 1140      5C50536F 
 1141              	.LASF23:
 1142 022b 4359434F 		.ascii	"CYCONFIGCPYCODE\000"
 1142      4E464947 
 1142      43505943 
 1142      4F444500 
 1143              	.LASF21:
 1144 023b 4359434F 		.ascii	"CYCONFIGCPY\000"
 1144      4E464947 
 1144      43505900 
 1145              		.ident	"GCC: (GNU Tools for ARM Embedded Processors) 5.4.1 20160609 (release) [ARM/embedded-5-bran
