Loading plugins phase: Elapsed time ==> 0s.109ms
<CYPRESSTAG name="CyDsfit arguments...">
cydsfit arguments: -.fdsnotice -.fdswarpdepfile=warp_dependencies.txt -.fdselabdepfile=elab_dependencies.txt -.fdsbldfile=generated_files.txt -.fdsreffile=referenced_files.txt -p C:\Users\James Sun\Documents\Git\Whackamole\Whackamole\Slave.cydsn\Slave.cyprj -d CY8C4245AXI-483 -s C:\Users\James Sun\Documents\Git\Whackamole\Whackamole\Slave.cydsn\Generated_Source\PSoC4 -- -yv2 -q10 -ygs -o2 -v3 -.fftcfgtype=LE
</CYPRESSTAG>
<CYPRESSTAG name="Design elaboration results...">
</CYPRESSTAG>
Elaboration phase: Elapsed time ==> 1s.423ms
<CYPRESSTAG name="HDL generation results...">
</CYPRESSTAG>
HDL generation phase: Elapsed time ==> 0s.051ms
<CYPRESSTAG name="Synthesis results...">

     | | | | | | |
   _________________
  -|               |-
  -|               |-
  -|               |-
  -|    CYPRESS    |-
  -|               |-
  -|               |-   Warp Verilog Synthesis Compiler: Version 6.3 IR 41
  -|               |-   Copyright (C) 1991-2001 Cypress Semiconductor
   |_______________|
     | | | | | | |

======================================================================
Compiling:  Slave.v
Program  :   C:\Program Files (x86)\Cypress\PSoC Creator\4.1\PSoC Creator\warp\bin\warp.exe
Options  :    -yv2 -q10 -ygs -o2 -v3 -.fftcfgtype=LE -ya -.fftprj=C:\Users\James Sun\Documents\Git\Whackamole\Whackamole\Slave.cydsn\Slave.cyprj -dcpsoc3 Slave.v -verilog
======================================================================

======================================================================
Compiling:  Slave.v
Program  :   C:\Program Files (x86)\Cypress\PSoC Creator\4.1\PSoC Creator\warp\bin\warp.exe
Options  :    -yv2 -q10 -ygs -o2 -v3 -.fftcfgtype=LE -ya -.fftprj=C:\Users\James Sun\Documents\Git\Whackamole\Whackamole\Slave.cydsn\Slave.cyprj -dcpsoc3 Slave.v -verilog
======================================================================

======================================================================
Compiling:  Slave.v
Program  :   vlogfe
Options  :    -yv2 -q10 -ygs -o2 -v3 -.fftcfgtype=LE -ya -.fftprj=C:\Users\James Sun\Documents\Git\Whackamole\Whackamole\Slave.cydsn\Slave.cyprj -dcpsoc3 -verilog Slave.v
======================================================================

vlogfe V6.3 IR 41:  Verilog parser
Thu Apr 12 20:06:23 2018


======================================================================
Compiling:  Slave.v
Program  :   vpp
Options  :    -yv2 -q10 Slave.v
======================================================================

vpp V6.3 IR 41:  Verilog Pre-Processor
Thu Apr 12 20:06:23 2018

Flattening file 'C:\Program Files (x86)\Cypress\PSoC Creator\4.1\PSoC Creator\psoc\content\CyPrimitives\cyprimitives.cylib\cy_virtualmux_v1_0\cy_virtualmux_v1_0.v'
Flattening file 'C:\Program Files (x86)\Cypress\PSoC Creator\4.1\PSoC Creator\psoc\content\CyPrimitives\cyprimitives.cylib\ZeroTerminal\ZeroTerminal.v'
Flattening file 'C:\Program Files (x86)\Cypress\PSoC Creator\4.1\PSoC Creator\psoc\content\CyPrimitives\cyprimitives.cylib\or_v1_0\or_v1_0.v'
Flattening file 'C:\Program Files (x86)\Cypress\PSoC Creator\4.1\PSoC Creator\psoc\content\CyPrimitives\cyprimitives.cylib\demux_v1_10\demux_v1_10.v'
Flattening file 'C:\Program Files (x86)\Cypress\PSoC Creator\4.1\PSoC Creator\psoc\content\CyPrimitives\cyprimitives.cylib\CyControlReg_v1_80\CyControlReg_v1_80.v'
Flattening file 'C:\Program Files (x86)\Cypress\PSoC Creator\4.1\PSoC Creator\warp\lib\common\cypress.v'
Flattening file 'C:\Program Files (x86)\Cypress\PSoC Creator\4.1\PSoC Creator\warp\lib\common\cy_psoc3_inc.v'
Flattening file 'C:\Users\James Sun\Documents\Git\Whackamole\Whackamole\WS281xLib.cylib\B_WS2811_v1_3\B_WS2811_v1_3.v'
Flattening file 'C:\Program Files (x86)\Cypress\PSoC Creator\4.1\PSoC Creator\warp\lib\common\cypress.v'

vpp:  No errors.

Library 'work' => directory 'lcpsoc3'
General_symbol_table
General_symbol_table
Linking 'C:\Program Files (x86)\Cypress\PSoC Creator\4.1\PSoC Creator\warp\lib\common\std.vhd'.
Linking 'C:\Program Files (x86)\Cypress\PSoC Creator\4.1\PSoC Creator\warp\lib\common\cypress.vhd'.
Linking 'C:\Program Files (x86)\Cypress\PSoC Creator\4.1\PSoC Creator\warp\lib\common\work\cypress.vif'.
Linking 'C:\Program Files (x86)\Cypress\PSoC Creator\4.1\PSoC Creator\warp\lib\ieee\work\stdlogic.vif'.
Linking 'C:\Program Files (x86)\Cypress\PSoC Creator\4.1\PSoC Creator\warp\lib\common\stdlogic\lpmpkg.vif'.
Linking 'C:\Program Files (x86)\Cypress\PSoC Creator\4.1\PSoC Creator\warp\lib\common\stdlogic\rtlpkg.vif'.
Linking 'C:\Program Files (x86)\Cypress\PSoC Creator\4.1\PSoC Creator\warp\lib\common\stdlogic\mod_cnst.vif'.
Linking 'C:\Program Files (x86)\Cypress\PSoC Creator\4.1\PSoC Creator\warp\lib\common\stdlogic\mod_mthv.vif'.
Linking 'C:\Program Files (x86)\Cypress\PSoC Creator\4.1\PSoC Creator\warp\lib\common\stdlogic\mod_genv.vif'.
Using control file 'Slave.ctl'.
C:\Users\James Sun\Documents\Git\Whackamole\Whackamole\WS281xLib.cylib\B_WS2811_v1_3\B_WS2811_v1_3.v (line 165, col 50):  Note: Substituting module 'add_vv_vv' for '+'.
Linking 'C:\Program Files (x86)\Cypress\PSoC Creator\4.1\PSoC Creator\warp\lib\common\stdlogic\cy_psoc3pkg.vif'.
Linking 'C:\Program Files (x86)\Cypress\PSoC Creator\4.1\PSoC Creator\warp\lib\common\stdlogic\cy_psoc3.vif'.

vlogfe:  No errors.


======================================================================
Compiling:  Slave.v
Program  :   tovif
Options  :    -yv2 -q10 -ygs -o2 -v3 -.fftcfgtype=LE -ya -.fftprj=C:\Users\James Sun\Documents\Git\Whackamole\Whackamole\Slave.cydsn\Slave.cyprj -dcpsoc3 -verilog Slave.v
======================================================================

tovif V6.3 IR 41:  High-level synthesis
Thu Apr 12 20:06:23 2018

Linking 'C:\Program Files (x86)\Cypress\PSoC Creator\4.1\PSoC Creator\warp\lib\common\std.vhd'.
Linking 'C:\Program Files (x86)\Cypress\PSoC Creator\4.1\PSoC Creator\warp\lib\common\cypress.vhd'.
Linking 'C:\Program Files (x86)\Cypress\PSoC Creator\4.1\PSoC Creator\warp\lib\common\work\cypress.vif'.
Linking 'C:\Program Files (x86)\Cypress\PSoC Creator\4.1\PSoC Creator\warp\lib\ieee\work\stdlogic.vif'.
Linking 'C:\Program Files (x86)\Cypress\PSoC Creator\4.1\PSoC Creator\warp\lib\common\stdlogic\lpmpkg.vif'.
Linking 'C:\Program Files (x86)\Cypress\PSoC Creator\4.1\PSoC Creator\warp\lib\common\stdlogic\rtlpkg.vif'.
Linking 'C:\Program Files (x86)\Cypress\PSoC Creator\4.1\PSoC Creator\warp\lib\common\stdlogic\mod_cnst.vif'.
Linking 'C:\Program Files (x86)\Cypress\PSoC Creator\4.1\PSoC Creator\warp\lib\common\stdlogic\mod_mthv.vif'.
Linking 'C:\Program Files (x86)\Cypress\PSoC Creator\4.1\PSoC Creator\warp\lib\common\stdlogic\mod_genv.vif'.
Linking 'C:\Users\James Sun\Documents\Git\Whackamole\Whackamole\Slave.cydsn\codegentemp\Slave.ctl'.
Linking 'C:\Program Files (x86)\Cypress\PSoC Creator\4.1\PSoC Creator\psoc\content\CyPrimitives\cyprimitives.cylib\cy_virtualmux_v1_0\cy_virtualmux_v1_0.v'.
Linking 'C:\Users\James Sun\Documents\Git\Whackamole\Whackamole\Slave.cydsn\codegentemp\Slave.v'.
Linking 'C:\Program Files (x86)\Cypress\PSoC Creator\4.1\PSoC Creator\psoc\content\CyPrimitives\cyprimitives.cylib\ZeroTerminal\ZeroTerminal.v'.
Linking 'C:\Program Files (x86)\Cypress\PSoC Creator\4.1\PSoC Creator\psoc\content\CyPrimitives\cyprimitives.cylib\or_v1_0\or_v1_0.v'.
Linking 'C:\Program Files (x86)\Cypress\PSoC Creator\4.1\PSoC Creator\psoc\content\CyPrimitives\cyprimitives.cylib\demux_v1_10\demux_v1_10.v'.
Linking 'C:\Program Files (x86)\Cypress\PSoC Creator\4.1\PSoC Creator\psoc\content\CyPrimitives\cyprimitives.cylib\CyControlReg_v1_80\CyControlReg_v1_80.v'.
Linking 'C:\Program Files (x86)\Cypress\PSoC Creator\4.1\PSoC Creator\warp\lib\common\cypress.v'.
Linking 'C:\Program Files (x86)\Cypress\PSoC Creator\4.1\PSoC Creator\warp\lib\common\cy_psoc3_inc.v'.
Linking 'C:\Users\James Sun\Documents\Git\Whackamole\Whackamole\WS281xLib.cylib\B_WS2811_v1_3\B_WS2811_v1_3.v'.
Linking 'C:\Program Files (x86)\Cypress\PSoC Creator\4.1\PSoC Creator\warp\lib\common\stdlogic\cy_psoc3pkg.vif'.
Linking 'C:\Program Files (x86)\Cypress\PSoC Creator\4.1\PSoC Creator\warp\lib\common\stdlogic\cy_psoc3.vif'.
Linking 'C:\Program Files (x86)\Cypress\PSoC Creator\4.1\PSoC Creator\warp\lib\lcpsoc3\stdlogic\mod_cnst.vif'.

tovif:  No errors.


======================================================================
Compiling:  Slave.v
Program  :   topld
Options  :    -yv2 -q10 -ygs -o2 -v3 -.fftcfgtype=LE -ya -.fftprj=C:\Users\James Sun\Documents\Git\Whackamole\Whackamole\Slave.cydsn\Slave.cyprj -dcpsoc3 -verilog Slave.v
======================================================================

topld V6.3 IR 41:  Synthesis and optimization
Thu Apr 12 20:06:24 2018

Linking 'C:\Program Files (x86)\Cypress\PSoC Creator\4.1\PSoC Creator\warp\lib\common\std.vhd'.
Linking 'C:\Program Files (x86)\Cypress\PSoC Creator\4.1\PSoC Creator\warp\lib\common\cypress.vhd'.
Linking 'C:\Program Files (x86)\Cypress\PSoC Creator\4.1\PSoC Creator\warp\lib\common\work\cypress.vif'.
Linking 'C:\Program Files (x86)\Cypress\PSoC Creator\4.1\PSoC Creator\warp\lib\ieee\work\stdlogic.vif'.
Linking 'C:\Program Files (x86)\Cypress\PSoC Creator\4.1\PSoC Creator\warp\lib\common\stdlogic\lpmpkg.vif'.
Linking 'C:\Program Files (x86)\Cypress\PSoC Creator\4.1\PSoC Creator\warp\lib\common\stdlogic\rtlpkg.vif'.
Linking 'C:\Program Files (x86)\Cypress\PSoC Creator\4.1\PSoC Creator\warp\lib\common\stdlogic\mod_cnst.vif'.
Linking 'C:\Program Files (x86)\Cypress\PSoC Creator\4.1\PSoC Creator\warp\lib\common\stdlogic\mod_mthv.vif'.
Linking 'C:\Program Files (x86)\Cypress\PSoC Creator\4.1\PSoC Creator\warp\lib\common\stdlogic\mod_genv.vif'.
Linking 'C:\Users\James Sun\Documents\Git\Whackamole\Whackamole\Slave.cydsn\codegentemp\Slave.ctl'.
Linking 'C:\Program Files (x86)\Cypress\PSoC Creator\4.1\PSoC Creator\psoc\content\CyPrimitives\cyprimitives.cylib\cy_virtualmux_v1_0\cy_virtualmux_v1_0.v'.
Linking 'C:\Users\James Sun\Documents\Git\Whackamole\Whackamole\Slave.cydsn\codegentemp\Slave.v'.
Linking 'C:\Program Files (x86)\Cypress\PSoC Creator\4.1\PSoC Creator\psoc\content\CyPrimitives\cyprimitives.cylib\ZeroTerminal\ZeroTerminal.v'.
Linking 'C:\Program Files (x86)\Cypress\PSoC Creator\4.1\PSoC Creator\psoc\content\CyPrimitives\cyprimitives.cylib\or_v1_0\or_v1_0.v'.
Linking 'C:\Program Files (x86)\Cypress\PSoC Creator\4.1\PSoC Creator\psoc\content\CyPrimitives\cyprimitives.cylib\demux_v1_10\demux_v1_10.v'.
Linking 'C:\Program Files (x86)\Cypress\PSoC Creator\4.1\PSoC Creator\psoc\content\CyPrimitives\cyprimitives.cylib\CyControlReg_v1_80\CyControlReg_v1_80.v'.
Linking 'C:\Program Files (x86)\Cypress\PSoC Creator\4.1\PSoC Creator\warp\lib\common\cypress.v'.
Linking 'C:\Program Files (x86)\Cypress\PSoC Creator\4.1\PSoC Creator\warp\lib\common\cy_psoc3_inc.v'.
Linking 'C:\Users\James Sun\Documents\Git\Whackamole\Whackamole\WS281xLib.cylib\B_WS2811_v1_3\B_WS2811_v1_3.v'.
Linking 'C:\Program Files (x86)\Cypress\PSoC Creator\4.1\PSoC Creator\warp\lib\common\stdlogic\cy_psoc3pkg.vif'.
Linking 'C:\Program Files (x86)\Cypress\PSoC Creator\4.1\PSoC Creator\warp\lib\common\stdlogic\cy_psoc3.vif'.
Linking 'C:\Program Files (x86)\Cypress\PSoC Creator\4.1\PSoC Creator\warp\lib\lcpsoc3\stdlogic\mod_cnst.vif'.
Linking 'C:\Program Files (x86)\Cypress\PSoC Creator\4.1\PSoC Creator\warp\lib\lcpsoc3\stdlogic\cpsoc3.vif'.

----------------------------------------------------------
Detecting unused logic.
----------------------------------------------------------
    User names
	\I2CS:Net_1257\
	\I2CS:uncfg_rx_irq\
	\I2CS:Net_1099\
	\I2CS:Net_1258\
	Net_81
	Net_82
	Net_91
	Net_92
	Net_93
	Net_94
	Net_95
	Net_96
	Net_97
	\StripLights:demux_1:tmp__demux_1_1_reg\
	\StripLights:demux_1:tmp__demux_1_2_reg\
	\StripLights:demux_1:tmp__demux_1_3_reg\
	\StripLights:demux_1:tmp__demux_1_4_reg\
	\StripLights:demux_1:tmp__demux_1_5_reg\
	\StripLights:demux_1:tmp__demux_1_6_reg\
	\StripLights:demux_1:tmp__demux_1_7_reg\
	\StripLights:demux_1:tmp__demux_1_8_reg\
	\StripLights:demux_1:tmp__demux_1_9_reg\
	\StripLights:demux_1:tmp__demux_1_10_reg\
	\StripLights:demux_1:tmp__demux_1_11_reg\
	\StripLights:demux_1:tmp__demux_1_12_reg\
	\StripLights:demux_1:tmp__demux_1_13_reg\
	\StripLights:demux_1:tmp__demux_1_14_reg\
	\StripLights:demux_1:tmp__demux_1_15_reg\
	Net_127
	Net_128
	Net_129
	Net_130
	Net_131
	Net_132
	Net_133
	Net_134
	Net_135
	Net_136
	Net_137
	Net_138
	Net_139
	Net_140
	Net_141
	\StripLights:Net_167\
	\StripLights:StringSel:control_out_4\
	\StripLights:Net_168\
	\StripLights:StringSel:control_out_5\
	\StripLights:Net_169\
	\StripLights:StringSel:control_out_6\
	\StripLights:Net_170\
	\StripLights:StringSel:control_out_7\
	\StripLights:B_WS2811:npwmTC\
	\StripLights:B_WS2811:restart\
	\StripLights:Net_163\
	\StripLights:B_WS2811:MODULE_1:g2:a0:b_2\
	\StripLights:B_WS2811:MODULE_1:g2:a0:b_1\
	\StripLights:B_WS2811:MODULE_1:g2:a0:b_0\


Deleted 57 User equations/components.
Deleted 0 Synthesized equations/components.

------------------------------------------------------
Alias Detection
------------------------------------------------------
Aliasing one to tmpOE__LED_RED_net_0
Aliasing tmpOE__LED_GREEN_net_0 to tmpOE__LED_RED_net_0
Aliasing tmpOE__LED_BLUE_net_0 to tmpOE__LED_RED_net_0
Aliasing \I2CS:select_s_wire\ to zero
Aliasing \I2CS:rx_wire\ to zero
Aliasing \I2CS:sclk_s_wire\ to zero
Aliasing \I2CS:mosi_s_wire\ to zero
Aliasing \I2CS:miso_m_wire\ to zero
Aliasing \I2CS:tmpOE__sda_net_0\ to tmpOE__LED_RED_net_0
Aliasing \I2CS:tmpOE__scl_net_0\ to tmpOE__LED_RED_net_0
Aliasing \I2CS:cts_wire\ to zero
Aliasing \StripLights:Net_7\ to zero
Aliasing \StripLights:StringSel:clk\ to zero
Aliasing \StripLights:StringSel:rst\ to zero
Aliasing \StripLights:B_WS2811:status_5\ to zero
Aliasing \StripLights:B_WS2811:status_4\ to zero
Aliasing \StripLights:B_WS2811:status_3\ to zero
Aliasing \StripLights:B_WS2811:status_2\ to zero
Aliasing \StripLights:B_WS2811:dataOut\\S\ to zero
Aliasing \StripLights:B_WS2811:xferCmpt\\R\ to \StripLights:B_WS2811:dataOut\\R\
Aliasing \StripLights:B_WS2811:xferCmpt\\S\ to zero
Aliasing \StripLights:B_WS2811:bitCount_2\\R\ to \StripLights:B_WS2811:dataOut\\R\
Aliasing \StripLights:B_WS2811:bitCount_2\\S\ to zero
Aliasing \StripLights:B_WS2811:state_1\\R\ to \StripLights:B_WS2811:dataOut\\R\
Aliasing \StripLights:B_WS2811:state_1\\S\ to zero
Aliasing \StripLights:B_WS2811:state_0\\R\ to \StripLights:B_WS2811:dataOut\\R\
Aliasing \StripLights:B_WS2811:state_0\\S\ to zero
Aliasing \StripLights:B_WS2811:bitCount_1\\R\ to \StripLights:B_WS2811:dataOut\\R\
Aliasing \StripLights:B_WS2811:bitCount_1\\S\ to zero
Aliasing \StripLights:B_WS2811:bitCount_0\\R\ to \StripLights:B_WS2811:dataOut\\R\
Aliasing \StripLights:B_WS2811:bitCount_0\\S\ to zero
Aliasing \StripLights:B_WS2811:dpAddr_1\\R\ to \StripLights:B_WS2811:dataOut\\R\
Aliasing \StripLights:B_WS2811:dpAddr_1\\S\ to zero
Aliasing \StripLights:B_WS2811:dpAddr_0\\R\ to \StripLights:B_WS2811:dataOut\\R\
Aliasing \StripLights:B_WS2811:dpAddr_0\\S\ to zero
Aliasing \StripLights:B_WS2811:pwmCntl\\R\ to zero
Aliasing \StripLights:B_WS2811:pwmCntl\\S\ to \StripLights:B_WS2811:dataOut\\R\
Aliasing \StripLights:B_WS2811:dshifter:cs_addr_2\ to zero
Aliasing \StripLights:B_WS2811:pwm8:cs_addr_2\ to zero
Aliasing \StripLights:B_WS2811:MODULE_1:g2:a0:g1:z1:s0:g1:u0:b_0\ to tmpOE__LED_RED_net_0
Aliasing tmpOE__S0_net_0 to tmpOE__LED_RED_net_0
Aliasing tmpOE__Button_net_0 to tmpOE__LED_RED_net_0
Aliasing tmpOE__flex0_net_0 to tmpOE__LED_RED_net_0
Aliasing tmpOE__flex1_net_0 to tmpOE__LED_RED_net_0
Aliasing tmpOE__flex2_net_0 to tmpOE__LED_RED_net_0
Aliasing tmpOE__flex3_net_0 to tmpOE__LED_RED_net_0
Removing Lhs of wire one[12] = tmpOE__LED_RED_net_0[7]
Removing Lhs of wire tmpOE__LED_GREEN_net_0[24] = tmpOE__LED_RED_net_0[7]
Removing Lhs of wire tmpOE__LED_BLUE_net_0[30] = tmpOE__LED_RED_net_0[7]
Removing Lhs of wire \I2CS:select_s_wire\[40] = zero[8]
Removing Lhs of wire \I2CS:rx_wire\[41] = zero[8]
Removing Lhs of wire \I2CS:Net_1170\[44] = \I2CS:Net_847\[39]
Removing Lhs of wire \I2CS:sclk_s_wire\[45] = zero[8]
Removing Lhs of wire \I2CS:mosi_s_wire\[46] = zero[8]
Removing Lhs of wire \I2CS:miso_m_wire\[47] = zero[8]
Removing Lhs of wire \I2CS:tmpOE__sda_net_0\[49] = tmpOE__LED_RED_net_0[7]
Removing Lhs of wire \I2CS:tmpOE__scl_net_0\[55] = tmpOE__LED_RED_net_0[7]
Removing Lhs of wire \I2CS:cts_wire\[64] = zero[8]
Removing Lhs of wire \StripLights:Net_7\[91] = zero[8]
Removing Rhs of wire \StripLights:saddr_3\[99] = \StripLights:StringSel:control_out_3\[140]
Removing Rhs of wire \StripLights:saddr_3\[99] = \StripLights:StringSel:control_3\[154]
Removing Rhs of wire \StripLights:saddr_2\[100] = \StripLights:StringSel:control_out_2\[139]
Removing Rhs of wire \StripLights:saddr_2\[100] = \StripLights:StringSel:control_2\[155]
Removing Rhs of wire \StripLights:saddr_1\[101] = \StripLights:StringSel:control_out_1\[138]
Removing Rhs of wire \StripLights:saddr_1\[101] = \StripLights:StringSel:control_1\[156]
Removing Rhs of wire \StripLights:saddr_0\[102] = \StripLights:StringSel:control_out_0\[137]
Removing Rhs of wire \StripLights:saddr_0\[102] = \StripLights:StringSel:control_0\[157]
Removing Rhs of wire \StripLights:Net_64\[103] = \StripLights:B_WS2811:dataOut\[164]
Removing Rhs of wire Net_125[119] = \StripLights:demux_1:tmp__demux_1_0_reg\[98]
Removing Lhs of wire \StripLights:StringSel:clk\[135] = zero[8]
Removing Lhs of wire \StripLights:StringSel:rst\[136] = zero[8]
Removing Rhs of wire \StripLights:B_WS2811:status_7\[175] = \StripLights:B_WS2811:enable\[183]
Removing Lhs of wire \StripLights:B_WS2811:status_7\[175] = \StripLights:B_WS2811:control_0\[173]
Removing Rhs of wire \StripLights:B_WS2811:status_6\[176] = \StripLights:B_WS2811:xferCmpt\[191]
Removing Lhs of wire \StripLights:B_WS2811:status_5\[177] = zero[8]
Removing Lhs of wire \StripLights:B_WS2811:status_4\[178] = zero[8]
Removing Lhs of wire \StripLights:B_WS2811:status_3\[179] = zero[8]
Removing Lhs of wire \StripLights:B_WS2811:status_2\[180] = zero[8]
Removing Rhs of wire \StripLights:B_WS2811:status_1\[181] = \StripLights:B_WS2811:fifoNotFull\[190]
Removing Rhs of wire \StripLights:B_WS2811:status_0\[182] = \StripLights:B_WS2811:fifoEmpty\[189]
Removing Lhs of wire \StripLights:B_WS2811:fifo_irq_en\[186] = \StripLights:B_WS2811:control_3\[170]
Removing Lhs of wire \StripLights:B_WS2811:xfrCmpt_irq_en\[187] = \StripLights:B_WS2811:control_4\[169]
Removing Lhs of wire \StripLights:B_WS2811:next_row\[188] = \StripLights:B_WS2811:control_5\[168]
Removing Lhs of wire \StripLights:B_WS2811:add_vv_vv_MODGEN_1_2\[195] = \StripLights:B_WS2811:MODULE_1:g2:a0:s_2\[295]
Removing Lhs of wire \StripLights:B_WS2811:add_vv_vv_MODGEN_1_1\[197] = \StripLights:B_WS2811:MODULE_1:g2:a0:s_1\[296]
Removing Lhs of wire \StripLights:B_WS2811:add_vv_vv_MODGEN_1_0\[199] = \StripLights:B_WS2811:MODULE_1:g2:a0:s_0\[297]
Removing Lhs of wire \StripLights:B_WS2811:dataOut\\R\[204] = zero[8]
Removing Lhs of wire \StripLights:B_WS2811:dataOut\\S\[205] = zero[8]
Removing Lhs of wire \StripLights:B_WS2811:xferCmpt\\R\[206] = zero[8]
Removing Lhs of wire \StripLights:B_WS2811:xferCmpt\\S\[207] = zero[8]
Removing Lhs of wire \StripLights:B_WS2811:bitCount_2\\R\[208] = zero[8]
Removing Lhs of wire \StripLights:B_WS2811:bitCount_2\\S\[209] = zero[8]
Removing Lhs of wire \StripLights:B_WS2811:state_1\\R\[210] = zero[8]
Removing Lhs of wire \StripLights:B_WS2811:state_1\\S\[211] = zero[8]
Removing Lhs of wire \StripLights:B_WS2811:state_0\\R\[212] = zero[8]
Removing Lhs of wire \StripLights:B_WS2811:state_0\\S\[213] = zero[8]
Removing Lhs of wire \StripLights:B_WS2811:bitCount_1\\R\[214] = zero[8]
Removing Lhs of wire \StripLights:B_WS2811:bitCount_1\\S\[215] = zero[8]
Removing Lhs of wire \StripLights:B_WS2811:bitCount_0\\R\[216] = zero[8]
Removing Lhs of wire \StripLights:B_WS2811:bitCount_0\\S\[217] = zero[8]
Removing Lhs of wire \StripLights:B_WS2811:dpAddr_1\\R\[218] = zero[8]
Removing Lhs of wire \StripLights:B_WS2811:dpAddr_1\\S\[219] = zero[8]
Removing Lhs of wire \StripLights:B_WS2811:dpAddr_0\\R\[220] = zero[8]
Removing Lhs of wire \StripLights:B_WS2811:dpAddr_0\\S\[221] = zero[8]
Removing Lhs of wire \StripLights:B_WS2811:pwmCntl\\R\[222] = zero[8]
Removing Lhs of wire \StripLights:B_WS2811:pwmCntl\\S\[223] = zero[8]
Removing Lhs of wire \StripLights:B_WS2811:dshifter:cs_addr_2\[225] = zero[8]
Removing Lhs of wire \StripLights:B_WS2811:pwm8:cs_addr_2\[256] = zero[8]
Removing Lhs of wire \StripLights:B_WS2811:MODULE_1:g2:a0:a_2\[286] = \StripLights:B_WS2811:MODIN1_2\[287]
Removing Lhs of wire \StripLights:B_WS2811:MODIN1_2\[287] = \StripLights:B_WS2811:bitCount_2\[192]
Removing Lhs of wire \StripLights:B_WS2811:MODULE_1:g2:a0:a_1\[288] = \StripLights:B_WS2811:MODIN1_1\[289]
Removing Lhs of wire \StripLights:B_WS2811:MODIN1_1\[289] = \StripLights:B_WS2811:bitCount_1\[196]
Removing Lhs of wire \StripLights:B_WS2811:MODULE_1:g2:a0:a_0\[290] = \StripLights:B_WS2811:MODIN1_0\[291]
Removing Lhs of wire \StripLights:B_WS2811:MODIN1_0\[291] = \StripLights:B_WS2811:bitCount_0\[198]
Removing Lhs of wire \StripLights:B_WS2811:MODULE_1:g2:a0:g1:z1:s0:g1:u0:c_0\[300] = tmpOE__LED_RED_net_0[7]
Removing Lhs of wire \StripLights:B_WS2811:MODULE_1:g2:a0:g1:z1:s0:g1:u0:b_0\[301] = tmpOE__LED_RED_net_0[7]
Removing Lhs of wire tmpOE__S0_net_0[305] = tmpOE__LED_RED_net_0[7]
Removing Lhs of wire tmpOE__Button_net_0[311] = tmpOE__LED_RED_net_0[7]
Removing Lhs of wire tmpOE__flex0_net_0[317] = tmpOE__LED_RED_net_0[7]
Removing Lhs of wire tmpOE__flex1_net_0[323] = tmpOE__LED_RED_net_0[7]
Removing Lhs of wire tmpOE__flex2_net_0[329] = tmpOE__LED_RED_net_0[7]
Removing Lhs of wire tmpOE__flex3_net_0[335] = tmpOE__LED_RED_net_0[7]

------------------------------------------------------
Aliased 0 equations, 76 wires.
------------------------------------------------------

----------------------------------------------------------
Circuit simplification
----------------------------------------------------------

Substituting virtuals - pass 1:

Note:  Expanding virtual equation for 'tmpOE__LED_RED_net_0' (cost = 0):
tmpOE__LED_RED_net_0 <=  ('1') ;

Note:  Expanding virtual equation for '\StripLights:B_WS2811:zeroBit\' (cost = 0):
\StripLights:B_WS2811:zeroBit\ <= (not \StripLights:B_WS2811:zeroCmp\);

Note:  Expanding virtual equation for '\StripLights:B_WS2811:oneBit\' (cost = 0):
\StripLights:B_WS2811:oneBit\ <= (not \StripLights:B_WS2811:oneCmp\);

Note:  Expanding virtual equation for '\StripLights:B_WS2811:MODULE_1:g2:a0:g1:z1:s0:g1:u0:c_1\' (cost = 0):
\StripLights:B_WS2811:MODULE_1:g2:a0:g1:z1:s0:g1:u0:c_1\ <= (\StripLights:B_WS2811:bitCount_0\);

Note:  Expanding virtual equation for '\StripLights:B_WS2811:MODULE_1:g2:a0:s_0\' (cost = 0):
\StripLights:B_WS2811:MODULE_1:g2:a0:s_0\ <= (not \StripLights:B_WS2811:bitCount_0\);


Substituting virtuals - pass 2:

Note:  Expanding virtual equation for '\StripLights:B_WS2811:MODULE_1:g2:a0:g1:z1:s0:g1:u0:c_2\' (cost = 3):
\StripLights:B_WS2811:MODULE_1:g2:a0:g1:z1:s0:g1:u0:c_2\ <= ((\StripLights:B_WS2811:bitCount_1\ and \StripLights:B_WS2811:bitCount_0\));

Note:  Expanding virtual equation for '\StripLights:B_WS2811:MODULE_1:g2:a0:s_1\' (cost = 8):
\StripLights:B_WS2811:MODULE_1:g2:a0:s_1\ <= ((not \StripLights:B_WS2811:bitCount_0\ and \StripLights:B_WS2811:bitCount_1\)
	OR (not \StripLights:B_WS2811:bitCount_1\ and \StripLights:B_WS2811:bitCount_0\));


Substituting virtuals - pass 3:

Note:  Expanding virtual equation for '\StripLights:B_WS2811:MODULE_1:g2:a0:s_2\' (cost = 48):
\StripLights:B_WS2811:MODULE_1:g2:a0:s_2\ <= ((not \StripLights:B_WS2811:bitCount_1\ and \StripLights:B_WS2811:bitCount_2\)
	OR (not \StripLights:B_WS2811:bitCount_0\ and \StripLights:B_WS2811:bitCount_2\)
	OR (not \StripLights:B_WS2811:bitCount_2\ and \StripLights:B_WS2811:bitCount_1\ and \StripLights:B_WS2811:bitCount_0\));


Substituting virtuals - pass 4:


----------------------------------------------------------
Circuit simplification results:

	Expanded 8 signals.
	Turned 0 signals into soft nodes.
	Maximum default expansion cost was set at 3.
----------------------------------------------------------

------------------------------------------------------
Alias Detection
------------------------------------------------------

------------------------------------------------------
Aliased 0 equations, 0 wires.
------------------------------------------------------

Last attempt to remove unused logic - pass 1:


Last attempt to remove unused logic - pass 2:


topld:  No errors.

CYPRESS_DIR    : C:\Program Files (x86)\Cypress\PSoC Creator\4.1\PSoC Creator\warp
Warp Program   : C:\Program Files (x86)\Cypress\PSoC Creator\4.1\PSoC Creator\warp\bin\warp.exe
Warp Arguments : -yv2 -q10 -ygs -o2 -v3 -.fftcfgtype=LE -ya "-.fftprj=C:\Users\James Sun\Documents\Git\Whackamole\Whackamole\Slave.cydsn\Slave.cyprj" -dcpsoc3 Slave.v -verilog
</CYPRESSTAG>
Warp synthesis phase: Elapsed time ==> 0s.565ms
<CYPRESSTAG name="Fitter results...">
<CYPRESSTAG name="Fitter startup details...">
cyp3fit: V4.1.0.3210, Family: PSoC3, Started at: Thursday, 12 April 2018 20:06:24
Options: -yv2 -q10 -ygs -o2 -v3 -.fftcfgtype=LE -ya -.fftprj=C:\Users\James Sun\Documents\Git\Whackamole\Whackamole\Slave.cydsn\Slave.cyprj -d CY8C4245AXI-483 Slave.v -verilog
</CYPRESSTAG>
<CYPRESSTAG name="Design parsing">
Design parsing phase: Elapsed time ==> 0s.015ms
</CYPRESSTAG>
<CYPRESSTAG name="Tech Mapping">
<CYPRESSTAG name="Initial Mapping" icon="FILE_RPT_TECHM">
Info: mpr.M0053: Information from the design wide resources Pin Editor has overridden the control file entry for "\I2CS:sda(0)\". (App=cydsfit)
Info: mpr.M0053: Information from the design wide resources Pin Editor has overridden the control file entry for "\I2CS:scl(0)\". (App=cydsfit)
<CYPRESSTAG name="Global Clock Selection" icon="FILE_RPT_TECHM">
    Digital Clock 0: Automatic-assigning  clock 'StripLights_HFCLK'. Fanout=12, Signal=\StripLights:Net_18_digital\
    Fixed Function Clock 2: Automatic-assigning  clock 'I2CS_SCBCLK'. Signal=\I2CS:Net_847_ff2\
<CYPRESSTAG name="UDB Clock/Enable Remapping Results">
</CYPRESSTAG>
</CYPRESSTAG>

Removing unused cells resulting from optimization
Done removing unused cells.
<CYPRESSTAG name="Duplicate Macrocell detection">
</CYPRESSTAG>
</CYPRESSTAG>
<CYPRESSTAG name="Duplicate Macrocell detection">
</CYPRESSTAG>
<CYPRESSTAG name="Design Equations" icon="FILE_RPT_EQUATION">

------------------------------------------------------------
Design Equations
------------------------------------------------------------
    <CYPRESSTAG name="Pin listing">

    ------------------------------------------------------------
    Pin listing
    ------------------------------------------------------------

    Pin : Name = LED_RED(0)
        Attributes:
            In Group/Port: True
            In Sync Option: AUTO
            Out Sync Option: NOSYNC
            Interrupt generated: False
            Interrupt mode: NONE
            Drive mode: CMOS_OUT
            VTrip: EITHER
            Slew: FAST
            Input Sync needed: False
            Output Sync needed: False
            SC shield enabled: False
            POR State: ANY
            LCD Mode: COMMON
            Register Mode: RegComb
            CaSense Mode: NEITHER
            Treat as pin: True
            Is OE Registered: False
            Uses Analog: False
            Can contain Digital: True
            Is SIO: False
            SIO Output Buf: NONREGULATED
            SIO Input Buf: SINGLE_ENDED
            SIO HiFreq: LOW
            SIO Hyst: DISABLED
            SIO Vtrip: MULTIPLIER_0_5
            SIO Multiplier Index: 0
            SIO RefSel: VCC_IO
            Required Capabilities: DIGITAL
            Initial Value: 1
            IO Voltage: 0
        PORT MAP (
            pa_out => LED_RED(0)__PA ,
            annotation => Net_56 ,
            pad => LED_RED(0)_PAD );
        Properties:
        {
            port_location = "PORT(1,6)"
        }

    Pin : Name = LED_GREEN(0)
        Attributes:
            In Group/Port: True
            In Sync Option: AUTO
            Out Sync Option: NOSYNC
            Interrupt generated: False
            Interrupt mode: NONE
            Drive mode: CMOS_OUT
            VTrip: EITHER
            Slew: FAST
            Input Sync needed: False
            Output Sync needed: False
            SC shield enabled: False
            POR State: ANY
            LCD Mode: COMMON
            Register Mode: RegComb
            CaSense Mode: NEITHER
            Treat as pin: True
            Is OE Registered: False
            Uses Analog: False
            Can contain Digital: True
            Is SIO: False
            SIO Output Buf: NONREGULATED
            SIO Input Buf: SINGLE_ENDED
            SIO HiFreq: LOW
            SIO Hyst: DISABLED
            SIO Vtrip: MULTIPLIER_0_5
            SIO Multiplier Index: 0
            SIO RefSel: VCC_IO
            Required Capabilities: DIGITAL
            Initial Value: 1
            IO Voltage: 0
        PORT MAP (
            pa_out => LED_GREEN(0)__PA ,
            annotation => Net_46 ,
            pad => LED_GREEN(0)_PAD );
        Properties:
        {
            port_location = "PORT(0,2)"
        }

    Pin : Name = LED_BLUE(0)
        Attributes:
            In Group/Port: True
            In Sync Option: AUTO
            Out Sync Option: NOSYNC
            Interrupt generated: False
            Interrupt mode: NONE
            Drive mode: CMOS_OUT
            VTrip: EITHER
            Slew: FAST
            Input Sync needed: False
            Output Sync needed: False
            SC shield enabled: False
            POR State: ANY
            LCD Mode: COMMON
            Register Mode: RegComb
            CaSense Mode: NEITHER
            Treat as pin: True
            Is OE Registered: False
            Uses Analog: False
            Can contain Digital: True
            Is SIO: False
            SIO Output Buf: NONREGULATED
            SIO Input Buf: SINGLE_ENDED
            SIO HiFreq: LOW
            SIO Hyst: DISABLED
            SIO Vtrip: MULTIPLIER_0_5
            SIO Multiplier Index: 0
            SIO RefSel: VCC_IO
            Required Capabilities: DIGITAL
            Initial Value: 1
            IO Voltage: 0
        PORT MAP (
            pa_out => LED_BLUE(0)__PA ,
            annotation => Net_54 ,
            pad => LED_BLUE(0)_PAD );
        Properties:
        {
            port_location = "PORT(0,3)"
        }

    Pin : Name = \I2CS:sda(0)\
        Attributes:
            In Group/Port: True
            In Sync Option: NOSYNC
            Out Sync Option: NOSYNC
            Interrupt generated: False
            Interrupt mode: NONE
            Drive mode: OPEN_DRAIN_LO
            VTrip: CMOS
            Slew: FAST
            Input Sync needed: False
            Output Sync needed: False
            SC shield enabled: False
            POR State: ANY
            LCD Mode: COMMON
            Register Mode: RegComb
            CaSense Mode: NEITHER
            Treat as pin: True
            Is OE Registered: False
            Uses Analog: False
            Can contain Digital: True
            Is SIO: False
            SIO Output Buf: NONREGULATED
            SIO Input Buf: SINGLE_ENDED
            SIO HiFreq: LOW
            SIO Hyst: DISABLED
            SIO Vtrip: MULTIPLIER_0_5
            SIO Multiplier Index: 0
            SIO RefSel: VCC_IO
            Required Capabilities: DIGITAL
            Initial Value: 1
            IO Voltage: 0
        PORT MAP (
            pa_out => \I2CS:sda(0)\__PA ,
            fb => \I2CS:sda_wire\ ,
            pad => \I2CS:sda(0)_PAD\ );
        Properties:
        {
            port_location = "PORT(3,1)"
        }

    Pin : Name = \I2CS:scl(0)\
        Attributes:
            In Group/Port: True
            In Sync Option: NOSYNC
            Out Sync Option: NOSYNC
            Interrupt generated: False
            Interrupt mode: NONE
            Drive mode: OPEN_DRAIN_LO
            VTrip: CMOS
            Slew: FAST
            Input Sync needed: False
            Output Sync needed: False
            SC shield enabled: False
            POR State: ANY
            LCD Mode: COMMON
            Register Mode: RegComb
            CaSense Mode: NEITHER
            Treat as pin: True
            Is OE Registered: False
            Uses Analog: False
            Can contain Digital: True
            Is SIO: False
            SIO Output Buf: NONREGULATED
            SIO Input Buf: SINGLE_ENDED
            SIO HiFreq: LOW
            SIO Hyst: DISABLED
            SIO Vtrip: MULTIPLIER_0_5
            SIO Multiplier Index: 0
            SIO RefSel: VCC_IO
            Required Capabilities: DIGITAL
            Initial Value: 1
            IO Voltage: 0
        PORT MAP (
            pa_out => \I2CS:scl(0)\__PA ,
            fb => \I2CS:scl_wire\ ,
            pad => \I2CS:scl(0)_PAD\ );
        Properties:
        {
            port_location = "PORT(3,0)"
        }

    Pin : Name = S0(0)
        Attributes:
            In Group/Port: True
            In Sync Option: AUTO
            Out Sync Option: NOSYNC
            Interrupt generated: False
            Interrupt mode: NONE
            Drive mode: CMOS_OUT
            VTrip: EITHER
            Slew: FAST
            Input Sync needed: False
            Output Sync needed: False
            SC shield enabled: False
            POR State: ANY
            LCD Mode: COMMON
            Register Mode: RegComb
            CaSense Mode: NEITHER
            Treat as pin: True
            Is OE Registered: False
            Uses Analog: False
            Can contain Digital: True
            Is SIO: False
            SIO Output Buf: NONREGULATED
            SIO Input Buf: SINGLE_ENDED
            SIO HiFreq: LOW
            SIO Hyst: DISABLED
            SIO Vtrip: MULTIPLIER_0_5
            SIO Multiplier Index: 0
            SIO RefSel: VCC_IO
            Required Capabilities: DIGITAL, ROUTABLE
            Initial Value: 1
            IO Voltage: 0
        PORT MAP (
            pa_out => S0(0)__PA ,
            pin_input => Net_125 ,
            annotation => Net_1 ,
            pad => S0(0)_PAD );
        Properties:
        {
        }

    Pin : Name = Button(0)
        Attributes:
            In Group/Port: True
            In Sync Option: NOSYNC
            Out Sync Option: AUTO
            Interrupt generated: False
            Interrupt mode: NONE
            Drive mode: RES_PULL_UP
            VTrip: CMOS
            Slew: FAST
            Input Sync needed: False
            Output Sync needed: False
            SC shield enabled: False
            POR State: ANY
            LCD Mode: COMMON
            Register Mode: RegComb
            CaSense Mode: NEITHER
            Treat as pin: True
            Is OE Registered: False
            Uses Analog: False
            Can contain Digital: True
            Is SIO: False
            SIO Output Buf: NONREGULATED
            SIO Input Buf: SINGLE_ENDED
            SIO HiFreq: LOW
            SIO Hyst: DISABLED
            SIO Vtrip: MULTIPLIER_0_5
            SIO Multiplier Index: 0
            SIO RefSel: VCC_IO
            Required Capabilities: DIGITAL
            Initial Value: 1
            IO Voltage: 0
        PORT MAP (
            pa_out => Button(0)__PA ,
            pad => Button(0)_PAD );
        Properties:
        {
        }

    Pin : Name = flex0(0)
        Attributes:
            In Group/Port: True
            In Sync Option: NOSYNC
            Out Sync Option: AUTO
            Interrupt generated: False
            Interrupt mode: NONE
            Drive mode: RES_PULL_UP
            VTrip: CMOS
            Slew: FAST
            Input Sync needed: False
            Output Sync needed: False
            SC shield enabled: False
            POR State: ANY
            LCD Mode: COMMON
            Register Mode: RegComb
            CaSense Mode: NEITHER
            Treat as pin: True
            Is OE Registered: False
            Uses Analog: False
            Can contain Digital: True
            Is SIO: False
            SIO Output Buf: NONREGULATED
            SIO Input Buf: SINGLE_ENDED
            SIO HiFreq: LOW
            SIO Hyst: DISABLED
            SIO Vtrip: MULTIPLIER_0_5
            SIO Multiplier Index: 0
            SIO RefSel: VCC_IO
            Required Capabilities: DIGITAL
            Initial Value: 1
            IO Voltage: 0
        PORT MAP (
            pa_out => flex0(0)__PA ,
            pad => flex0(0)_PAD );
        Properties:
        {
        }

    Pin : Name = flex1(0)
        Attributes:
            In Group/Port: True
            In Sync Option: NOSYNC
            Out Sync Option: AUTO
            Interrupt generated: False
            Interrupt mode: NONE
            Drive mode: RES_PULL_UP
            VTrip: CMOS
            Slew: FAST
            Input Sync needed: False
            Output Sync needed: False
            SC shield enabled: False
            POR State: ANY
            LCD Mode: COMMON
            Register Mode: RegComb
            CaSense Mode: NEITHER
            Treat as pin: True
            Is OE Registered: False
            Uses Analog: False
            Can contain Digital: True
            Is SIO: False
            SIO Output Buf: NONREGULATED
            SIO Input Buf: SINGLE_ENDED
            SIO HiFreq: LOW
            SIO Hyst: DISABLED
            SIO Vtrip: MULTIPLIER_0_5
            SIO Multiplier Index: 0
            SIO RefSel: VCC_IO
            Required Capabilities: DIGITAL
            Initial Value: 1
            IO Voltage: 0
        PORT MAP (
            pa_out => flex1(0)__PA ,
            pad => flex1(0)_PAD );
        Properties:
        {
        }

    Pin : Name = flex2(0)
        Attributes:
            In Group/Port: True
            In Sync Option: NOSYNC
            Out Sync Option: AUTO
            Interrupt generated: False
            Interrupt mode: NONE
            Drive mode: RES_PULL_UP
            VTrip: CMOS
            Slew: FAST
            Input Sync needed: False
            Output Sync needed: False
            SC shield enabled: False
            POR State: ANY
            LCD Mode: COMMON
            Register Mode: RegComb
            CaSense Mode: NEITHER
            Treat as pin: True
            Is OE Registered: False
            Uses Analog: False
            Can contain Digital: True
            Is SIO: False
            SIO Output Buf: NONREGULATED
            SIO Input Buf: SINGLE_ENDED
            SIO HiFreq: LOW
            SIO Hyst: DISABLED
            SIO Vtrip: MULTIPLIER_0_5
            SIO Multiplier Index: 0
            SIO RefSel: VCC_IO
            Required Capabilities: DIGITAL
            Initial Value: 1
            IO Voltage: 0
        PORT MAP (
            pa_out => flex2(0)__PA ,
            pad => flex2(0)_PAD );
        Properties:
        {
        }

    Pin : Name = flex3(0)
        Attributes:
            In Group/Port: True
            In Sync Option: NOSYNC
            Out Sync Option: AUTO
            Interrupt generated: False
            Interrupt mode: NONE
            Drive mode: RES_PULL_UP
            VTrip: CMOS
            Slew: FAST
            Input Sync needed: False
            Output Sync needed: False
            SC shield enabled: False
            POR State: ANY
            LCD Mode: COMMON
            Register Mode: RegComb
            CaSense Mode: NEITHER
            Treat as pin: True
            Is OE Registered: False
            Uses Analog: False
            Can contain Digital: True
            Is SIO: False
            SIO Output Buf: NONREGULATED
            SIO Input Buf: SINGLE_ENDED
            SIO HiFreq: LOW
            SIO Hyst: DISABLED
            SIO Vtrip: MULTIPLIER_0_5
            SIO Multiplier Index: 0
            SIO RefSel: VCC_IO
            Required Capabilities: DIGITAL
            Initial Value: 1
            IO Voltage: 0
        PORT MAP (
            pa_out => flex3(0)__PA ,
            pad => flex3(0)_PAD );
        Properties:
        {
        }
    </CYPRESSTAG>
    <CYPRESSTAG name="Macrocell listing" icon="FILE_RPT_EQUATION">

    ------------------------------------------------------------
    Macrocell listing
    ------------------------------------------------------------

    MacroCell: Name=Net_125, Mode=(Combinatorial)
        Total # of inputs        : 5
        Total # of product terms : 1
            Clock Enable: True
        Main Equation            : 1 pterm
        (
              !\StripLights:saddr_3\ * !\StripLights:saddr_2\ * 
              !\StripLights:saddr_1\ * !\StripLights:saddr_0\ * 
              \StripLights:Net_64\
        );
        Output = Net_125 (fanout=1)

    MacroCell: Name=\StripLights:Net_159\, Mode=(Combinatorial)
        Total # of inputs        : 3
        Total # of product terms : 1
            Clock Enable: True
        Main Equation            : 1 pterm
        (
              \StripLights:B_WS2811:control_3\ * 
              \StripLights:B_WS2811:control_0\ * 
              \StripLights:B_WS2811:status_0\
        );
        Output = \StripLights:Net_159\ (fanout=1)

    MacroCell: Name=Net_126, Mode=(Combinatorial)
        Total # of inputs        : 3
        Total # of product terms : 1
            Clock Enable: True
        Main Equation            : 1 pterm
        (
              \StripLights:B_WS2811:control_4\ * 
              \StripLights:B_WS2811:control_0\ * 
              \StripLights:B_WS2811:status_6\
        );
        Output = Net_126 (fanout=1)

    MacroCell: Name=\StripLights:Net_64\, Mode=(D-Register)
        Total # of inputs        : 5
        Total # of product terms : 3
        List of special equations: 
            Clock  = (\StripLights:Net_18_digital\) => Global
            Clock Enable: True
        Main Equation            : 3 pterms
        (
              !\StripLights:B_WS2811:zeroCmp\ * 
              \StripLights:B_WS2811:state_1\ * 
              !\StripLights:B_WS2811:state_0\ * 
              !\StripLights:B_WS2811:shiftOut\
            + !\StripLights:B_WS2811:oneCmp\ * \StripLights:B_WS2811:state_1\ * 
              !\StripLights:B_WS2811:state_0\ * 
              \StripLights:B_WS2811:shiftOut\
            + !\StripLights:B_WS2811:state_1\ * 
              \StripLights:B_WS2811:state_0\
        );
        Output = \StripLights:Net_64\ (fanout=1)

    MacroCell: Name=\StripLights:B_WS2811:status_6\, Mode=(D-Register)
        Total # of inputs        : 2
        Total # of product terms : 1
        List of special equations: 
            Clock  = (\StripLights:Net_18_digital\) => Global
            Clock Enable: True
        Main Equation            : 1 pterm
        (
              \StripLights:B_WS2811:state_1\ * \StripLights:B_WS2811:state_0\
        );
        Output = \StripLights:B_WS2811:status_6\ (fanout=2)

    MacroCell: Name=\StripLights:B_WS2811:bitCount_2\, Mode=(T-Register)
        Total # of inputs        : 6
        Total # of product terms : 2
        List of special equations: 
            Clock  = (\StripLights:Net_18_digital\) => Global
            Clock Enable: True
        Main Equation            : 2 pterms
        (
              \StripLights:B_WS2811:pwmTC\ * \StripLights:B_WS2811:state_1\ * 
              !\StripLights:B_WS2811:state_0\ * 
              \StripLights:B_WS2811:bitCount_1\ * 
              \StripLights:B_WS2811:bitCount_0\
            + \StripLights:B_WS2811:bitCount_2\ * 
              !\StripLights:B_WS2811:state_1\
        );
        Output = \StripLights:B_WS2811:bitCount_2\ (fanout=4)

    MacroCell: Name=\StripLights:B_WS2811:state_1\, Mode=(D-Register)
        Total # of inputs        : 9
        Total # of product terms : 3
        List of special equations: 
            Clock  = (\StripLights:Net_18_digital\) => Global
            Clock Enable: True
        Main Equation            : 3 pterms
        !(
              \StripLights:B_WS2811:pwmTC\ * \StripLights:B_WS2811:control_0\ * 
              !\StripLights:B_WS2811:status_0\ * 
              \StripLights:B_WS2811:bitCount_2\ * 
              !\StripLights:B_WS2811:state_0\ * 
              \StripLights:B_WS2811:bitCount_1\ * 
              \StripLights:B_WS2811:bitCount_0\
            + \StripLights:B_WS2811:control_5\ * 
              \StripLights:B_WS2811:state_1\ * \StripLights:B_WS2811:state_0\
            + !\StripLights:B_WS2811:state_1\ * 
              !\StripLights:B_WS2811:state_0\
        );
        Output = \StripLights:B_WS2811:state_1\ (fanout=10)

    MacroCell: Name=\StripLights:B_WS2811:state_0\, Mode=(D-Register)
        Total # of inputs        : 9
        Total # of product terms : 3
        List of special equations: 
            Clock  = (\StripLights:Net_18_digital\) => Global
            Clock Enable: True
        Main Equation            : 3 pterms
        (
              \StripLights:B_WS2811:pwmTC\ * 
              \StripLights:B_WS2811:bitCount_2\ * 
              \StripLights:B_WS2811:state_1\ * 
              !\StripLights:B_WS2811:state_0\ * 
              \StripLights:B_WS2811:bitCount_1\ * 
              \StripLights:B_WS2811:bitCount_0\
            + !\StripLights:B_WS2811:control_5\ * 
              \StripLights:B_WS2811:state_1\ * \StripLights:B_WS2811:state_0\
            + \StripLights:B_WS2811:control_0\ * 
              !\StripLights:B_WS2811:status_0\ * 
              !\StripLights:B_WS2811:state_1\ * 
              !\StripLights:B_WS2811:state_0\
        );
        Output = \StripLights:B_WS2811:state_0\ (fanout=10)

    MacroCell: Name=\StripLights:B_WS2811:bitCount_1\, Mode=(T-Register)
        Total # of inputs        : 5
        Total # of product terms : 2
        List of special equations: 
            Clock  = (\StripLights:Net_18_digital\) => Global
            Clock Enable: True
        Main Equation            : 2 pterms
        (
              \StripLights:B_WS2811:pwmTC\ * \StripLights:B_WS2811:state_1\ * 
              !\StripLights:B_WS2811:state_0\ * 
              \StripLights:B_WS2811:bitCount_0\
            + !\StripLights:B_WS2811:state_1\ * 
              \StripLights:B_WS2811:bitCount_1\
        );
        Output = \StripLights:B_WS2811:bitCount_1\ (fanout=5)

    MacroCell: Name=\StripLights:B_WS2811:bitCount_0\, Mode=(T-Register)
        Total # of inputs        : 4
        Total # of product terms : 2
        List of special equations: 
            Clock  = (\StripLights:Net_18_digital\) => Global
            Clock Enable: True
        Main Equation            : 2 pterms
        (
              \StripLights:B_WS2811:pwmTC\ * \StripLights:B_WS2811:state_1\ * 
              !\StripLights:B_WS2811:state_0\
            + !\StripLights:B_WS2811:state_1\ * 
              \StripLights:B_WS2811:bitCount_0\
        );
        Output = \StripLights:B_WS2811:bitCount_0\ (fanout=6)

    MacroCell: Name=\StripLights:B_WS2811:dpAddr_1\, Mode=(D-Register)
        Total # of inputs        : 7
        Total # of product terms : 4
        List of special equations: 
            Clock  = (\StripLights:Net_18_digital\) => Global
            Clock Enable: True
        Main Equation            : 4 pterms
        (
              \StripLights:B_WS2811:pwmTC\ * 
              !\StripLights:B_WS2811:bitCount_2\ * 
              \StripLights:B_WS2811:state_1\ * 
              !\StripLights:B_WS2811:state_0\
            + \StripLights:B_WS2811:pwmTC\ * \StripLights:B_WS2811:state_1\ * 
              !\StripLights:B_WS2811:state_0\ * 
              !\StripLights:B_WS2811:bitCount_1\
            + \StripLights:B_WS2811:pwmTC\ * \StripLights:B_WS2811:state_1\ * 
              !\StripLights:B_WS2811:state_0\ * 
              !\StripLights:B_WS2811:bitCount_0\
            + \StripLights:B_WS2811:state_1\ * \StripLights:B_WS2811:state_0\ * 
              \StripLights:B_WS2811:dpAddr_1\
        );
        Output = \StripLights:B_WS2811:dpAddr_1\ (fanout=2)

    MacroCell: Name=\StripLights:B_WS2811:dpAddr_0\, Mode=(D-Register)
        Total # of inputs        : 3
        Total # of product terms : 2
        List of special equations: 
            Clock  = (\StripLights:Net_18_digital\) => Global
            Clock Enable: True
        Main Equation            : 2 pterms
        (
              !\StripLights:B_WS2811:state_1\ * 
              \StripLights:B_WS2811:state_0\
            + \StripLights:B_WS2811:state_0\ * 
              \StripLights:B_WS2811:dpAddr_0\
        );
        Output = \StripLights:B_WS2811:dpAddr_0\ (fanout=2)

    MacroCell: Name=\StripLights:B_WS2811:pwmCntl\, Mode=(D-Register)
        Total # of inputs        : 5
        Total # of product terms : 3
        List of special equations: 
            Clock  = (\StripLights:Net_18_digital\) => Global
            Clock Enable: True
        Main Equation            : 3 pterms
        !(
              \StripLights:B_WS2811:control_0\ * 
              !\StripLights:B_WS2811:status_0\ * 
              !\StripLights:B_WS2811:state_0\
            + \StripLights:B_WS2811:state_1\ * 
              !\StripLights:B_WS2811:state_0\
            + \StripLights:B_WS2811:state_1\ * 
              !\StripLights:B_WS2811:pwmCntl\
        );
        Output = \StripLights:B_WS2811:pwmCntl\ (fanout=2)
    </CYPRESSTAG>
    <CYPRESSTAG name="Datapath listing">

    ------------------------------------------------------------
    Datapath listing
    ------------------------------------------------------------

    datapathcell: Name =\StripLights:B_WS2811:dshifter:u0\
        PORT MAP (
            clock => \StripLights:Net_18_digital\ ,
            cs_addr_1 => \StripLights:B_WS2811:dpAddr_1\ ,
            cs_addr_0 => \StripLights:B_WS2811:dpAddr_0\ ,
            so_comb => \StripLights:B_WS2811:shiftOut\ ,
            f0_bus_stat_comb => \StripLights:B_WS2811:status_1\ ,
            f0_blk_stat_comb => \StripLights:B_WS2811:status_0\ );
        Properties:
        {
            a0_init = "00000000"
            a1_init = "00000000"
            ce0_sync = 1
            ce1_sync = 1
            cl0_sync = 1
            cl1_sync = 1
            cmsb_sync = 1
            co_msb_sync = 1
            cy_dpconfig = "0000000000000000000000001100000000000001010000000000000000000000000000000000000000000000000000000000000000000000000000000000000011111111000000001111111111111111000000000000000000000000000000000000000000000000"
            d0_init = "00000000"
            d1_init = "00000000"
            f0_blk_sync = 1
            f0_bus_sync = 1
            f1_blk_sync = 1
            f1_bus_sync = 1
            ff0_sync = 1
            ff1_sync = 1
            ov_msb_sync = 1
            so_sync = 1
            z0_sync = 1
            z1_sync = 1
        }
        Clock Polarity: Active High
        Clock Enable: True

    datapathcell: Name =\StripLights:B_WS2811:pwm8:u0\
        PORT MAP (
            clock => \StripLights:Net_18_digital\ ,
            cs_addr_1 => \StripLights:B_WS2811:pwmCntl\ ,
            cs_addr_0 => \StripLights:B_WS2811:pwmTC\ ,
            cl0_comb => \StripLights:B_WS2811:zeroCmp\ ,
            z0_comb => \StripLights:B_WS2811:pwmTC\ ,
            cl1_comb => \StripLights:B_WS2811:oneCmp\ );
        Properties:
        {
            a0_init = "00011000"
            a1_init = "00011000"
            ce0_sync = 1
            ce1_sync = 1
            cl0_sync = 1
            cl1_sync = 1
            cmsb_sync = 1
            co_msb_sync = 1
            cy_dpconfig = "0100000001000000000000001100000000000000110000000000000011000000000000000000000000000000000000000000000000000000000000000000000011111111000000001111111111111111101000000000000000000000000000000000000000000000"
            d0_init = "00010100"
            d1_init = "00001100"
            f0_blk_sync = 1
            f0_bus_sync = 1
            f1_blk_sync = 1
            f1_bus_sync = 1
            ff0_sync = 1
            ff1_sync = 1
            ov_msb_sync = 1
            so_sync = 1
            z0_sync = 1
            z1_sync = 1
        }
        Clock Polarity: Active High
        Clock Enable: True
    </CYPRESSTAG>
    <CYPRESSTAG name="Status register listing">

    ------------------------------------------------------------
    Status register listing
    ------------------------------------------------------------

    statuscell: Name =\StripLights:B_WS2811:StatusReg\
        PORT MAP (
            status_7 => \StripLights:B_WS2811:control_0\ ,
            status_6 => \StripLights:B_WS2811:status_6\ ,
            status_1 => \StripLights:B_WS2811:status_1\ ,
            status_0 => \StripLights:B_WS2811:status_0\ );
        Properties:
        {
            cy_force_order = 1
            cy_md_select = "00000000"
        }
        Clock Enable: True
    </CYPRESSTAG>
    <CYPRESSTAG name="StatusI register listing">
    </CYPRESSTAG>
    <CYPRESSTAG name="Sync listing">
    </CYPRESSTAG>
    <CYPRESSTAG name="Control register listing">

    ------------------------------------------------------------
    Control register listing
    ------------------------------------------------------------

    controlcell: Name =\StripLights:StringSel:Sync:ctrl_reg\
        PORT MAP (
            control_7 => \StripLights:StringSel:control_7\ ,
            control_6 => \StripLights:StringSel:control_6\ ,
            control_5 => \StripLights:StringSel:control_5\ ,
            control_4 => \StripLights:StringSel:control_4\ ,
            control_3 => \StripLights:saddr_3\ ,
            control_2 => \StripLights:saddr_2\ ,
            control_1 => \StripLights:saddr_1\ ,
            control_0 => \StripLights:saddr_0\ );
        Properties:
        {
            cy_ctrl_mode_0 = "00000000"
            cy_ctrl_mode_1 = "00000000"
            cy_ext_reset = 0
            cy_force_order = 1
            cy_init_value = "00000000"
        }
        Clock Enable: True

    controlcell: Name =\StripLights:B_WS2811:ctrl\
        PORT MAP (
            control_7 => \StripLights:B_WS2811:control_7\ ,
            control_6 => \StripLights:B_WS2811:control_6\ ,
            control_5 => \StripLights:B_WS2811:control_5\ ,
            control_4 => \StripLights:B_WS2811:control_4\ ,
            control_3 => \StripLights:B_WS2811:control_3\ ,
            control_2 => \StripLights:B_WS2811:control_2\ ,
            control_1 => \StripLights:B_WS2811:control_1\ ,
            control_0 => \StripLights:B_WS2811:control_0\ );
        Properties:
        {
            cy_ctrl_mode_0 = "00000000"
            cy_ctrl_mode_1 = "00000000"
            cy_ext_reset = 0
            cy_force_order = 1
            cy_init_value = "00000000"
        }
        Clock Enable: True
    </CYPRESSTAG>
    <CYPRESSTAG name="Count7 listing">
    </CYPRESSTAG>
    <CYPRESSTAG name="DRQ listing">
    </CYPRESSTAG>
    <CYPRESSTAG name="Interrupt listing">

    ------------------------------------------------------------
    Interrupt listing
    ------------------------------------------------------------

    interrupt: Name =\I2CS:SCB_IRQ\
        PORT MAP (
            interrupt => Net_83 );
        Properties:
        {
            int_type = "10"
            is_nmi = 0
        }

    interrupt: Name =\StripLights:cisr\
        PORT MAP (
            interrupt => Net_126 );
        Properties:
        {
            int_type = "00"
            is_nmi = 0
        }

    interrupt: Name =\StripLights:fisr\
        PORT MAP (
            interrupt => \StripLights:Net_159\ );
        Properties:
        {
            int_type = "00"
            is_nmi = 0
        }
    </CYPRESSTAG>
</CYPRESSTAG>
<CYPRESSTAG name="Technology mapping summary" expanded>

------------------------------------------------------------
Technology mapping summary
------------------------------------------------------------

Resource Type                 : Used : Free :  Max :  % Used
============================================================
Digital Clocks                :    1 :    3 :    4 : 25.00 %
Interrupts                    :    3 :   29 :   32 :  9.38 %
IO                            :   13 :   23 :   36 : 36.11 %
Segment LCD                   :    0 :    1 :    1 :  0.00 %
CapSense                      :    0 :    1 :    1 :  0.00 %
Die Temp                      :    0 :    1 :    1 :  0.00 %
Serial Communication (SCB)    :    1 :    1 :    2 : 50.00 %
Timer/Counter/PWM             :    0 :    4 :    4 :  0.00 %
UDB                           :      :      :      :        
  Macrocells                  :   13 :   19 :   32 : 40.63 %
  Unique P-terms              :   27 :   37 :   64 : 42.19 %
  Total P-terms               :   28 :      :      :        
  Datapath Cells              :    2 :    2 :    4 : 50.00 %
  Status Cells                :    1 :    3 :    4 : 25.00 %
    Status Registers          :    1 :      :      :        
  Control Cells               :    2 :    2 :    4 : 50.00 %
    Control Registers         :    2 :      :      :        
Comparator/Opamp              :    0 :    2 :    2 :  0.00 %
LP Comparator                 :    0 :    2 :    2 :  0.00 %
SAR ADC                       :    0 :    1 :    1 :  0.00 %
DAC                           :      :      :      :        
  7-bit IDAC                  :    0 :    1 :    1 :  0.00 %
  8-bit IDAC                  :    0 :    1 :    1 :  0.00 %
</CYPRESSTAG>
Technology Mapping: Elapsed time ==> 0s.094ms
Tech Mapping phase: Elapsed time ==> 0s.110ms
</CYPRESSTAG>
<CYPRESSTAG name="Analog Placement">
<CYPRESSTAG name="FFB & IO Pre Placement">
<CYPRESSTAG name="Placement" icon="FILE_RPT_PLACEMENT">

Cell                                : Block                              
=========================================================================
LED_RED(0)                          : [IOP=(1)][IoId=(6)]                
LED_GREEN(0)                        : [IOP=(0)][IoId=(2)]                
LED_BLUE(0)                         : [IOP=(0)][IoId=(3)]                
\I2CS:sda(0)\                       : [IOP=(4)][IoId=(1)]                
\I2CS:scl(0)\                       : [IOP=(4)][IoId=(0)]                
S0(0)                               : [IOP=(0)][IoId=(4)]                
Button(0)                           : [IOP=(0)][IoId=(7)]                
flex0(0)                            : [IOP=(2)][IoId=(6)]                
flex1(0)                            : [IOP=(3)][IoId=(6)]                
flex2(0)                            : [IOP=(3)][IoId=(4)]                
flex3(0)                            : [IOP=(3)][IoId=(0)]                
ClockGenBlock                       : CLK_GEN_[FFB(CLK_GEN,0)]           
\I2CS:SCB\                          : SCB_[FFB(SCB,0)]                   

</CYPRESSTAG>
</CYPRESSTAG>
<CYPRESSTAG name="Real Analog Placement">
Elapsed time ==> 0.1236904s
</CYPRESSTAG>
Analog Placement phase: Elapsed time ==> 0s.270ms
</CYPRESSTAG>
<CYPRESSTAG name="Analog Routing">
<CYPRESSTAG name="Analog Routing">
Route success=True, Iterations=1 Elapsed=0.0006625 secs
</CYPRESSTAG>
Analog Routing phase: Elapsed time ==> 0s.000ms
</CYPRESSTAG>
<CYPRESSTAG name="Analog Code Generation">
============ Analog Final Answer Routes ============
Dump of CyAnalogRoutingResultsDB
Map of net to items {
}
Map of item to net {
}
Mux Info {
}
Analog Code Generation phase: Elapsed time ==> 0s.015ms
</CYPRESSTAG>
<CYPRESSTAG name="Digital Placement">
<CYPRESSTAG name="Detailed placement messages">
I2076: Total run-time: 0.3 sec.

</CYPRESSTAG>
<CYPRESSTAG name="PLD Packing">
<CYPRESSTAG name="PLD Packing Summary" expanded>

------------------------------------------------------------
PLD Packing Summary
------------------------------------------------------------
            Resource Type : Used : Free :  Max :  % Used
    ====================================================
                     PLDs :    4 :    4 :    8 :  50.00%

<CYPRESSTAG name="PLD Statistics">

        PLD Resource Type :     Average/LAB
    =======================================
                   Inputs :            8.75
                   Pterms :            6.75
               Macrocells :            3.25
</CYPRESSTAG>
<CYPRESSTAG name="Packed PLD Contents">
Packed PLD Contents not displayed at this verbose level.</CYPRESSTAG>
</CYPRESSTAG>
PLD Packing: Elapsed time ==> 0s.000ms
</CYPRESSTAG>
<CYPRESSTAG name="Partitioning">
<CYPRESSTAG name="Initial Partitioning Summary">
Initial Partitioning Summary not displayed at this verbose level.</CYPRESSTAG>
<CYPRESSTAG name="Final Partitioning Summary">
Final Partitioning Summary not displayed at this verbose level.</CYPRESSTAG>
Partitioning: Elapsed time ==> 0s.015ms
</CYPRESSTAG>
<CYPRESSTAG name="Final Placement Summary">

------------------------------------------------------------
Final Placement Summary
------------------------------------------------------------

       Resource Type :      Count : Avg Inputs : Avg Outputs
    ========================================================
                 UDB :          2 :      13.50 :       6.50
<CYPRESSTAG name="Final Placement Details">
<CYPRESSTAG name="Component Details">

------------------------------------------------------------
Component Placement Details
------------------------------------------------------------
UDB [UDB=(0,0)] is empty.
UDB [UDB=(0,1)] contents:
LAB@[UDB=(0,1)][LB=0] #macrocells=3, #inputs=9, #pterms=8
{
    [McSlotId=0]:     MacroCell: Name=\StripLights:B_WS2811:state_0\, Mode=(D-Register) @ [UDB=(0,1)][LB=0][MC=0]
        Total # of inputs        : 9
        Total # of product terms : 3
        List of special equations: 
            Clock  = (\StripLights:Net_18_digital\) => Global
            Clock Enable: True
        Main Equation            : 3 pterms
        (
              \StripLights:B_WS2811:pwmTC\ * 
              \StripLights:B_WS2811:bitCount_2\ * 
              \StripLights:B_WS2811:state_1\ * 
              !\StripLights:B_WS2811:state_0\ * 
              \StripLights:B_WS2811:bitCount_1\ * 
              \StripLights:B_WS2811:bitCount_0\
            + !\StripLights:B_WS2811:control_5\ * 
              \StripLights:B_WS2811:state_1\ * \StripLights:B_WS2811:state_0\
            + \StripLights:B_WS2811:control_0\ * 
              !\StripLights:B_WS2811:status_0\ * 
              !\StripLights:B_WS2811:state_1\ * 
              !\StripLights:B_WS2811:state_0\
        );
        Output = \StripLights:B_WS2811:state_0\ (fanout=10)
        Properties               : 
        {
        }

    [McSlotId=1]:     MacroCell: Name=\StripLights:B_WS2811:state_1\, Mode=(D-Register) @ [UDB=(0,1)][LB=0][MC=1]
        Total # of inputs        : 9
        Total # of product terms : 3
        List of special equations: 
            Clock  = (\StripLights:Net_18_digital\) => Global
            Clock Enable: True
        Main Equation            : 3 pterms
        !(
              \StripLights:B_WS2811:pwmTC\ * \StripLights:B_WS2811:control_0\ * 
              !\StripLights:B_WS2811:status_0\ * 
              \StripLights:B_WS2811:bitCount_2\ * 
              !\StripLights:B_WS2811:state_0\ * 
              \StripLights:B_WS2811:bitCount_1\ * 
              \StripLights:B_WS2811:bitCount_0\
            + \StripLights:B_WS2811:control_5\ * 
              \StripLights:B_WS2811:state_1\ * \StripLights:B_WS2811:state_0\
            + !\StripLights:B_WS2811:state_1\ * 
              !\StripLights:B_WS2811:state_0\
        );
        Output = \StripLights:B_WS2811:state_1\ (fanout=10)
        Properties               : 
        {
        }

    [McSlotId=2]:     MacroCell: Name=\StripLights:B_WS2811:bitCount_2\, Mode=(T-Register) @ [UDB=(0,1)][LB=0][MC=2]
        Total # of inputs        : 6
        Total # of product terms : 2
        List of special equations: 
            Clock  = (\StripLights:Net_18_digital\) => Global
            Clock Enable: True
        Main Equation            : 2 pterms
        (
              \StripLights:B_WS2811:pwmTC\ * \StripLights:B_WS2811:state_1\ * 
              !\StripLights:B_WS2811:state_0\ * 
              \StripLights:B_WS2811:bitCount_1\ * 
              \StripLights:B_WS2811:bitCount_0\
            + \StripLights:B_WS2811:bitCount_2\ * 
              !\StripLights:B_WS2811:state_1\
        );
        Output = \StripLights:B_WS2811:bitCount_2\ (fanout=4)
        Properties               : 
        {
        }

    [McSlotId=3]: (empty)
}

LAB@[UDB=(0,1)][LB=1] #macrocells=3, #inputs=7, #pterms=8
{
    [McSlotId=0]:     MacroCell: Name=\StripLights:B_WS2811:dpAddr_1\, Mode=(D-Register) @ [UDB=(0,1)][LB=1][MC=0]
        Total # of inputs        : 7
        Total # of product terms : 4
        List of special equations: 
            Clock  = (\StripLights:Net_18_digital\) => Global
            Clock Enable: True
        Main Equation            : 4 pterms
        (
              \StripLights:B_WS2811:pwmTC\ * 
              !\StripLights:B_WS2811:bitCount_2\ * 
              \StripLights:B_WS2811:state_1\ * 
              !\StripLights:B_WS2811:state_0\
            + \StripLights:B_WS2811:pwmTC\ * \StripLights:B_WS2811:state_1\ * 
              !\StripLights:B_WS2811:state_0\ * 
              !\StripLights:B_WS2811:bitCount_1\
            + \StripLights:B_WS2811:pwmTC\ * \StripLights:B_WS2811:state_1\ * 
              !\StripLights:B_WS2811:state_0\ * 
              !\StripLights:B_WS2811:bitCount_0\
            + \StripLights:B_WS2811:state_1\ * \StripLights:B_WS2811:state_0\ * 
              \StripLights:B_WS2811:dpAddr_1\
        );
        Output = \StripLights:B_WS2811:dpAddr_1\ (fanout=2)
        Properties               : 
        {
        }

    [McSlotId=1]:     MacroCell: Name=\StripLights:B_WS2811:bitCount_1\, Mode=(T-Register) @ [UDB=(0,1)][LB=1][MC=1]
        Total # of inputs        : 5
        Total # of product terms : 2
        List of special equations: 
            Clock  = (\StripLights:Net_18_digital\) => Global
            Clock Enable: True
        Main Equation            : 2 pterms
        (
              \StripLights:B_WS2811:pwmTC\ * \StripLights:B_WS2811:state_1\ * 
              !\StripLights:B_WS2811:state_0\ * 
              \StripLights:B_WS2811:bitCount_0\
            + !\StripLights:B_WS2811:state_1\ * 
              \StripLights:B_WS2811:bitCount_1\
        );
        Output = \StripLights:B_WS2811:bitCount_1\ (fanout=5)
        Properties               : 
        {
        }

    [McSlotId=2]:     MacroCell: Name=\StripLights:B_WS2811:bitCount_0\, Mode=(T-Register) @ [UDB=(0,1)][LB=1][MC=2]
        Total # of inputs        : 4
        Total # of product terms : 2
        List of special equations: 
            Clock  = (\StripLights:Net_18_digital\) => Global
            Clock Enable: True
        Main Equation            : 2 pterms
        (
              \StripLights:B_WS2811:pwmTC\ * \StripLights:B_WS2811:state_1\ * 
              !\StripLights:B_WS2811:state_0\
            + !\StripLights:B_WS2811:state_1\ * 
              \StripLights:B_WS2811:bitCount_0\
        );
        Output = \StripLights:B_WS2811:bitCount_0\ (fanout=6)
        Properties               : 
        {
        }

    [McSlotId=3]: (empty)
}

datapathcell: Name =\StripLights:B_WS2811:dshifter:u0\
    PORT MAP (
        clock => \StripLights:Net_18_digital\ ,
        cs_addr_1 => \StripLights:B_WS2811:dpAddr_1\ ,
        cs_addr_0 => \StripLights:B_WS2811:dpAddr_0\ ,
        so_comb => \StripLights:B_WS2811:shiftOut\ ,
        f0_bus_stat_comb => \StripLights:B_WS2811:status_1\ ,
        f0_blk_stat_comb => \StripLights:B_WS2811:status_0\ );
    Properties:
    {
        a0_init = "00000000"
        a1_init = "00000000"
        ce0_sync = 1
        ce1_sync = 1
        cl0_sync = 1
        cl1_sync = 1
        cmsb_sync = 1
        co_msb_sync = 1
        cy_dpconfig = "0000000000000000000000001100000000000001010000000000000000000000000000000000000000000000000000000000000000000000000000000000000011111111000000001111111111111111000000000000000000000000000000000000000000000000"
        d0_init = "00000000"
        d1_init = "00000000"
        f0_blk_sync = 1
        f0_bus_sync = 1
        f1_blk_sync = 1
        f1_bus_sync = 1
        ff0_sync = 1
        ff1_sync = 1
        ov_msb_sync = 1
        so_sync = 1
        z0_sync = 1
        z1_sync = 1
    }
    Clock Polarity: Active High
    Clock Enable: True

statuscell: Name =\StripLights:B_WS2811:StatusReg\
    PORT MAP (
        status_7 => \StripLights:B_WS2811:control_0\ ,
        status_6 => \StripLights:B_WS2811:status_6\ ,
        status_1 => \StripLights:B_WS2811:status_1\ ,
        status_0 => \StripLights:B_WS2811:status_0\ );
    Properties:
    {
        cy_force_order = 1
        cy_md_select = "00000000"
    }
    Clock Enable: True

controlcell: Name =\StripLights:B_WS2811:ctrl\
    PORT MAP (
        control_7 => \StripLights:B_WS2811:control_7\ ,
        control_6 => \StripLights:B_WS2811:control_6\ ,
        control_5 => \StripLights:B_WS2811:control_5\ ,
        control_4 => \StripLights:B_WS2811:control_4\ ,
        control_3 => \StripLights:B_WS2811:control_3\ ,
        control_2 => \StripLights:B_WS2811:control_2\ ,
        control_1 => \StripLights:B_WS2811:control_1\ ,
        control_0 => \StripLights:B_WS2811:control_0\ );
    Properties:
    {
        cy_ctrl_mode_0 = "00000000"
        cy_ctrl_mode_1 = "00000000"
        cy_ext_reset = 0
        cy_force_order = 1
        cy_init_value = "00000000"
    }
    Clock Enable: True

UDB [UDB=(1,0)] is empty.
UDB [UDB=(1,1)] contents:
LAB@[UDB=(1,1)][LB=0] #macrocells=4, #inputs=11, #pterms=6
{
    [McSlotId=0]:     MacroCell: Name=Net_125, Mode=(Combinatorial) @ [UDB=(1,1)][LB=0][MC=0]
        Total # of inputs        : 5
        Total # of product terms : 1
            Clock Enable: True
        Main Equation            : 1 pterm
        (
              !\StripLights:saddr_3\ * !\StripLights:saddr_2\ * 
              !\StripLights:saddr_1\ * !\StripLights:saddr_0\ * 
              \StripLights:Net_64\
        );
        Output = Net_125 (fanout=1)
        Properties               : 
        {
        }

    [McSlotId=1]:     MacroCell: Name=\StripLights:Net_64\, Mode=(D-Register) @ [UDB=(1,1)][LB=0][MC=1]
        Total # of inputs        : 5
        Total # of product terms : 3
        List of special equations: 
            Clock  = (\StripLights:Net_18_digital\) => Global
            Clock Enable: True
        Main Equation            : 3 pterms
        (
              !\StripLights:B_WS2811:zeroCmp\ * 
              \StripLights:B_WS2811:state_1\ * 
              !\StripLights:B_WS2811:state_0\ * 
              !\StripLights:B_WS2811:shiftOut\
            + !\StripLights:B_WS2811:oneCmp\ * \StripLights:B_WS2811:state_1\ * 
              !\StripLights:B_WS2811:state_0\ * 
              \StripLights:B_WS2811:shiftOut\
            + !\StripLights:B_WS2811:state_1\ * 
              \StripLights:B_WS2811:state_0\
        );
        Output = \StripLights:Net_64\ (fanout=1)
        Properties               : 
        {
        }

    [McSlotId=2]:     MacroCell: Name=\StripLights:B_WS2811:dpAddr_0\, Mode=(D-Register) @ [UDB=(1,1)][LB=0][MC=2]
        Total # of inputs        : 3
        Total # of product terms : 2
        List of special equations: 
            Clock  = (\StripLights:Net_18_digital\) => Global
            Clock Enable: True
        Main Equation            : 2 pterms
        (
              !\StripLights:B_WS2811:state_1\ * 
              \StripLights:B_WS2811:state_0\
            + \StripLights:B_WS2811:state_0\ * 
              \StripLights:B_WS2811:dpAddr_0\
        );
        Output = \StripLights:B_WS2811:dpAddr_0\ (fanout=2)
        Properties               : 
        {
        }

    [McSlotId=3]:     MacroCell: Name=\StripLights:B_WS2811:status_6\, Mode=(D-Register) @ [UDB=(1,1)][LB=0][MC=3]
        Total # of inputs        : 2
        Total # of product terms : 1
        List of special equations: 
            Clock  = (\StripLights:Net_18_digital\) => Global
            Clock Enable: True
        Main Equation            : 1 pterm
        (
              \StripLights:B_WS2811:state_1\ * \StripLights:B_WS2811:state_0\
        );
        Output = \StripLights:B_WS2811:status_6\ (fanout=2)
        Properties               : 
        {
        }
}

LAB@[UDB=(1,1)][LB=1] #macrocells=3, #inputs=8, #pterms=5
{
    [McSlotId=0]:     MacroCell: Name=\StripLights:B_WS2811:pwmCntl\, Mode=(D-Register) @ [UDB=(1,1)][LB=1][MC=0]
        Total # of inputs        : 5
        Total # of product terms : 3
        List of special equations: 
            Clock  = (\StripLights:Net_18_digital\) => Global
            Clock Enable: True
        Main Equation            : 3 pterms
        !(
              \StripLights:B_WS2811:control_0\ * 
              !\StripLights:B_WS2811:status_0\ * 
              !\StripLights:B_WS2811:state_0\
            + \StripLights:B_WS2811:state_1\ * 
              !\StripLights:B_WS2811:state_0\
            + \StripLights:B_WS2811:state_1\ * 
              !\StripLights:B_WS2811:pwmCntl\
        );
        Output = \StripLights:B_WS2811:pwmCntl\ (fanout=2)
        Properties               : 
        {
        }

    [McSlotId=1]:     MacroCell: Name=\StripLights:Net_159\, Mode=(Combinatorial) @ [UDB=(1,1)][LB=1][MC=1]
        Total # of inputs        : 3
        Total # of product terms : 1
            Clock Enable: True
        Main Equation            : 1 pterm
        (
              \StripLights:B_WS2811:control_3\ * 
              \StripLights:B_WS2811:control_0\ * 
              \StripLights:B_WS2811:status_0\
        );
        Output = \StripLights:Net_159\ (fanout=1)
        Properties               : 
        {
        }

    [McSlotId=2]:     MacroCell: Name=Net_126, Mode=(Combinatorial) @ [UDB=(1,1)][LB=1][MC=2]
        Total # of inputs        : 3
        Total # of product terms : 1
            Clock Enable: True
        Main Equation            : 1 pterm
        (
              \StripLights:B_WS2811:control_4\ * 
              \StripLights:B_WS2811:control_0\ * 
              \StripLights:B_WS2811:status_6\
        );
        Output = Net_126 (fanout=1)
        Properties               : 
        {
        }

    [McSlotId=3]: (empty)
}

datapathcell: Name =\StripLights:B_WS2811:pwm8:u0\
    PORT MAP (
        clock => \StripLights:Net_18_digital\ ,
        cs_addr_1 => \StripLights:B_WS2811:pwmCntl\ ,
        cs_addr_0 => \StripLights:B_WS2811:pwmTC\ ,
        cl0_comb => \StripLights:B_WS2811:zeroCmp\ ,
        z0_comb => \StripLights:B_WS2811:pwmTC\ ,
        cl1_comb => \StripLights:B_WS2811:oneCmp\ );
    Properties:
    {
        a0_init = "00011000"
        a1_init = "00011000"
        ce0_sync = 1
        ce1_sync = 1
        cl0_sync = 1
        cl1_sync = 1
        cmsb_sync = 1
        co_msb_sync = 1
        cy_dpconfig = "0100000001000000000000001100000000000000110000000000000011000000000000000000000000000000000000000000000000000000000000000000000011111111000000001111111111111111101000000000000000000000000000000000000000000000"
        d0_init = "00010100"
        d1_init = "00001100"
        f0_blk_sync = 1
        f0_bus_sync = 1
        f1_blk_sync = 1
        f1_bus_sync = 1
        ff0_sync = 1
        ff1_sync = 1
        ov_msb_sync = 1
        so_sync = 1
        z0_sync = 1
        z1_sync = 1
    }
    Clock Polarity: Active High
    Clock Enable: True

controlcell: Name =\StripLights:StringSel:Sync:ctrl_reg\
    PORT MAP (
        control_7 => \StripLights:StringSel:control_7\ ,
        control_6 => \StripLights:StringSel:control_6\ ,
        control_5 => \StripLights:StringSel:control_5\ ,
        control_4 => \StripLights:StringSel:control_4\ ,
        control_3 => \StripLights:saddr_3\ ,
        control_2 => \StripLights:saddr_2\ ,
        control_1 => \StripLights:saddr_1\ ,
        control_0 => \StripLights:saddr_0\ );
    Properties:
    {
        cy_ctrl_mode_0 = "00000000"
        cy_ctrl_mode_1 = "00000000"
        cy_ext_reset = 0
        cy_force_order = 1
        cy_init_value = "00000000"
    }
    Clock Enable: True

Intr container @ [IntrContainer=(0)]: 
  Intr@ [IntrContainer=(0)][IntrId=(0)] 
    interrupt: Name =\StripLights:cisr\
        PORT MAP (
            interrupt => Net_126 );
        Properties:
        {
            int_type = "00"
            is_nmi = 0
        }
  Intr@ [IntrContainer=(0)][IntrId=(2)] 
    interrupt: Name =\StripLights:fisr\
        PORT MAP (
            interrupt => \StripLights:Net_159\ );
        Properties:
        {
            int_type = "00"
            is_nmi = 0
        }
  Intr@ [IntrContainer=(0)][IntrId=(10)] 
    interrupt: Name =\I2CS:SCB_IRQ\
        PORT MAP (
            interrupt => Net_83 );
        Properties:
        {
            int_type = "10"
            is_nmi = 0
        }
Port 0 contains the following IO cells:
[IoId=2]: 
Pin : Name = LED_GREEN(0)
    Attributes:
        In Group/Port: True
        In Sync Option: AUTO
        Out Sync Option: NOSYNC
        Interrupt generated: False
        Interrupt mode: NONE
        Drive mode: CMOS_OUT
        VTrip: EITHER
        Slew: FAST
        Input Sync needed: False
        Output Sync needed: False
        SC shield enabled: False
        POR State: ANY
        LCD Mode: COMMON
        Register Mode: RegComb
        CaSense Mode: NEITHER
        Treat as pin: True
        Is OE Registered: False
        Uses Analog: False
        Can contain Digital: True
        Is SIO: False
        SIO Output Buf: NONREGULATED
        SIO Input Buf: SINGLE_ENDED
        SIO HiFreq: LOW
        SIO Hyst: DISABLED
        SIO Vtrip: MULTIPLIER_0_5
        SIO Multiplier Index: 0
        SIO RefSel: VCC_IO
        Required Capabilities: DIGITAL
        Initial Value: 1
        IO Voltage: 0
    PORT MAP (
        pa_out => LED_GREEN(0)__PA ,
        annotation => Net_46 ,
        pad => LED_GREEN(0)_PAD );
    Properties:
    {
        port_location = "PORT(0,2)"
    }

[IoId=3]: 
Pin : Name = LED_BLUE(0)
    Attributes:
        In Group/Port: True
        In Sync Option: AUTO
        Out Sync Option: NOSYNC
        Interrupt generated: False
        Interrupt mode: NONE
        Drive mode: CMOS_OUT
        VTrip: EITHER
        Slew: FAST
        Input Sync needed: False
        Output Sync needed: False
        SC shield enabled: False
        POR State: ANY
        LCD Mode: COMMON
        Register Mode: RegComb
        CaSense Mode: NEITHER
        Treat as pin: True
        Is OE Registered: False
        Uses Analog: False
        Can contain Digital: True
        Is SIO: False
        SIO Output Buf: NONREGULATED
        SIO Input Buf: SINGLE_ENDED
        SIO HiFreq: LOW
        SIO Hyst: DISABLED
        SIO Vtrip: MULTIPLIER_0_5
        SIO Multiplier Index: 0
        SIO RefSel: VCC_IO
        Required Capabilities: DIGITAL
        Initial Value: 1
        IO Voltage: 0
    PORT MAP (
        pa_out => LED_BLUE(0)__PA ,
        annotation => Net_54 ,
        pad => LED_BLUE(0)_PAD );
    Properties:
    {
        port_location = "PORT(0,3)"
    }

[IoId=4]: 
Pin : Name = S0(0)
    Attributes:
        In Group/Port: True
        In Sync Option: AUTO
        Out Sync Option: NOSYNC
        Interrupt generated: False
        Interrupt mode: NONE
        Drive mode: CMOS_OUT
        VTrip: EITHER
        Slew: FAST
        Input Sync needed: False
        Output Sync needed: False
        SC shield enabled: False
        POR State: ANY
        LCD Mode: COMMON
        Register Mode: RegComb
        CaSense Mode: NEITHER
        Treat as pin: True
        Is OE Registered: False
        Uses Analog: False
        Can contain Digital: True
        Is SIO: False
        SIO Output Buf: NONREGULATED
        SIO Input Buf: SINGLE_ENDED
        SIO HiFreq: LOW
        SIO Hyst: DISABLED
        SIO Vtrip: MULTIPLIER_0_5
        SIO Multiplier Index: 0
        SIO RefSel: VCC_IO
        Required Capabilities: DIGITAL, ROUTABLE
        Initial Value: 1
        IO Voltage: 0
    PORT MAP (
        pa_out => S0(0)__PA ,
        pin_input => Net_125 ,
        annotation => Net_1 ,
        pad => S0(0)_PAD );
    Properties:
    {
    }

[IoId=7]: 
Pin : Name = Button(0)
    Attributes:
        In Group/Port: True
        In Sync Option: NOSYNC
        Out Sync Option: AUTO
        Interrupt generated: False
        Interrupt mode: NONE
        Drive mode: RES_PULL_UP
        VTrip: CMOS
        Slew: FAST
        Input Sync needed: False
        Output Sync needed: False
        SC shield enabled: False
        POR State: ANY
        LCD Mode: COMMON
        Register Mode: RegComb
        CaSense Mode: NEITHER
        Treat as pin: True
        Is OE Registered: False
        Uses Analog: False
        Can contain Digital: True
        Is SIO: False
        SIO Output Buf: NONREGULATED
        SIO Input Buf: SINGLE_ENDED
        SIO HiFreq: LOW
        SIO Hyst: DISABLED
        SIO Vtrip: MULTIPLIER_0_5
        SIO Multiplier Index: 0
        SIO RefSel: VCC_IO
        Required Capabilities: DIGITAL
        Initial Value: 1
        IO Voltage: 0
    PORT MAP (
        pa_out => Button(0)__PA ,
        pad => Button(0)_PAD );
    Properties:
    {
    }

Port 1 contains the following IO cells:
[IoId=6]: 
Pin : Name = LED_RED(0)
    Attributes:
        In Group/Port: True
        In Sync Option: AUTO
        Out Sync Option: NOSYNC
        Interrupt generated: False
        Interrupt mode: NONE
        Drive mode: CMOS_OUT
        VTrip: EITHER
        Slew: FAST
        Input Sync needed: False
        Output Sync needed: False
        SC shield enabled: False
        POR State: ANY
        LCD Mode: COMMON
        Register Mode: RegComb
        CaSense Mode: NEITHER
        Treat as pin: True
        Is OE Registered: False
        Uses Analog: False
        Can contain Digital: True
        Is SIO: False
        SIO Output Buf: NONREGULATED
        SIO Input Buf: SINGLE_ENDED
        SIO HiFreq: LOW
        SIO Hyst: DISABLED
        SIO Vtrip: MULTIPLIER_0_5
        SIO Multiplier Index: 0
        SIO RefSel: VCC_IO
        Required Capabilities: DIGITAL
        Initial Value: 1
        IO Voltage: 0
    PORT MAP (
        pa_out => LED_RED(0)__PA ,
        annotation => Net_56 ,
        pad => LED_RED(0)_PAD );
    Properties:
    {
        port_location = "PORT(1,6)"
    }

Port 2 contains the following IO cells:
[IoId=6]: 
Pin : Name = flex0(0)
    Attributes:
        In Group/Port: True
        In Sync Option: NOSYNC
        Out Sync Option: AUTO
        Interrupt generated: False
        Interrupt mode: NONE
        Drive mode: RES_PULL_UP
        VTrip: CMOS
        Slew: FAST
        Input Sync needed: False
        Output Sync needed: False
        SC shield enabled: False
        POR State: ANY
        LCD Mode: COMMON
        Register Mode: RegComb
        CaSense Mode: NEITHER
        Treat as pin: True
        Is OE Registered: False
        Uses Analog: False
        Can contain Digital: True
        Is SIO: False
        SIO Output Buf: NONREGULATED
        SIO Input Buf: SINGLE_ENDED
        SIO HiFreq: LOW
        SIO Hyst: DISABLED
        SIO Vtrip: MULTIPLIER_0_5
        SIO Multiplier Index: 0
        SIO RefSel: VCC_IO
        Required Capabilities: DIGITAL
        Initial Value: 1
        IO Voltage: 0
    PORT MAP (
        pa_out => flex0(0)__PA ,
        pad => flex0(0)_PAD );
    Properties:
    {
    }

Port 3 contains the following IO cells:
[IoId=0]: 
Pin : Name = flex3(0)
    Attributes:
        In Group/Port: True
        In Sync Option: NOSYNC
        Out Sync Option: AUTO
        Interrupt generated: False
        Interrupt mode: NONE
        Drive mode: RES_PULL_UP
        VTrip: CMOS
        Slew: FAST
        Input Sync needed: False
        Output Sync needed: False
        SC shield enabled: False
        POR State: ANY
        LCD Mode: COMMON
        Register Mode: RegComb
        CaSense Mode: NEITHER
        Treat as pin: True
        Is OE Registered: False
        Uses Analog: False
        Can contain Digital: True
        Is SIO: False
        SIO Output Buf: NONREGULATED
        SIO Input Buf: SINGLE_ENDED
        SIO HiFreq: LOW
        SIO Hyst: DISABLED
        SIO Vtrip: MULTIPLIER_0_5
        SIO Multiplier Index: 0
        SIO RefSel: VCC_IO
        Required Capabilities: DIGITAL
        Initial Value: 1
        IO Voltage: 0
    PORT MAP (
        pa_out => flex3(0)__PA ,
        pad => flex3(0)_PAD );
    Properties:
    {
    }

[IoId=4]: 
Pin : Name = flex2(0)
    Attributes:
        In Group/Port: True
        In Sync Option: NOSYNC
        Out Sync Option: AUTO
        Interrupt generated: False
        Interrupt mode: NONE
        Drive mode: RES_PULL_UP
        VTrip: CMOS
        Slew: FAST
        Input Sync needed: False
        Output Sync needed: False
        SC shield enabled: False
        POR State: ANY
        LCD Mode: COMMON
        Register Mode: RegComb
        CaSense Mode: NEITHER
        Treat as pin: True
        Is OE Registered: False
        Uses Analog: False
        Can contain Digital: True
        Is SIO: False
        SIO Output Buf: NONREGULATED
        SIO Input Buf: SINGLE_ENDED
        SIO HiFreq: LOW
        SIO Hyst: DISABLED
        SIO Vtrip: MULTIPLIER_0_5
        SIO Multiplier Index: 0
        SIO RefSel: VCC_IO
        Required Capabilities: DIGITAL
        Initial Value: 1
        IO Voltage: 0
    PORT MAP (
        pa_out => flex2(0)__PA ,
        pad => flex2(0)_PAD );
    Properties:
    {
    }

[IoId=6]: 
Pin : Name = flex1(0)
    Attributes:
        In Group/Port: True
        In Sync Option: NOSYNC
        Out Sync Option: AUTO
        Interrupt generated: False
        Interrupt mode: NONE
        Drive mode: RES_PULL_UP
        VTrip: CMOS
        Slew: FAST
        Input Sync needed: False
        Output Sync needed: False
        SC shield enabled: False
        POR State: ANY
        LCD Mode: COMMON
        Register Mode: RegComb
        CaSense Mode: NEITHER
        Treat as pin: True
        Is OE Registered: False
        Uses Analog: False
        Can contain Digital: True
        Is SIO: False
        SIO Output Buf: NONREGULATED
        SIO Input Buf: SINGLE_ENDED
        SIO HiFreq: LOW
        SIO Hyst: DISABLED
        SIO Vtrip: MULTIPLIER_0_5
        SIO Multiplier Index: 0
        SIO RefSel: VCC_IO
        Required Capabilities: DIGITAL
        Initial Value: 1
        IO Voltage: 0
    PORT MAP (
        pa_out => flex1(0)__PA ,
        pad => flex1(0)_PAD );
    Properties:
    {
    }

Port 4 contains the following IO cells:
[IoId=0]: 
Pin : Name = \I2CS:scl(0)\
    Attributes:
        In Group/Port: True
        In Sync Option: NOSYNC
        Out Sync Option: NOSYNC
        Interrupt generated: False
        Interrupt mode: NONE
        Drive mode: OPEN_DRAIN_LO
        VTrip: CMOS
        Slew: FAST
        Input Sync needed: False
        Output Sync needed: False
        SC shield enabled: False
        POR State: ANY
        LCD Mode: COMMON
        Register Mode: RegComb
        CaSense Mode: NEITHER
        Treat as pin: True
        Is OE Registered: False
        Uses Analog: False
        Can contain Digital: True
        Is SIO: False
        SIO Output Buf: NONREGULATED
        SIO Input Buf: SINGLE_ENDED
        SIO HiFreq: LOW
        SIO Hyst: DISABLED
        SIO Vtrip: MULTIPLIER_0_5
        SIO Multiplier Index: 0
        SIO RefSel: VCC_IO
        Required Capabilities: DIGITAL
        Initial Value: 1
        IO Voltage: 0
    PORT MAP (
        pa_out => \I2CS:scl(0)\__PA ,
        fb => \I2CS:scl_wire\ ,
        pad => \I2CS:scl(0)_PAD\ );
    Properties:
    {
        port_location = "PORT(3,0)"
    }

[IoId=1]: 
Pin : Name = \I2CS:sda(0)\
    Attributes:
        In Group/Port: True
        In Sync Option: NOSYNC
        Out Sync Option: NOSYNC
        Interrupt generated: False
        Interrupt mode: NONE
        Drive mode: OPEN_DRAIN_LO
        VTrip: CMOS
        Slew: FAST
        Input Sync needed: False
        Output Sync needed: False
        SC shield enabled: False
        POR State: ANY
        LCD Mode: COMMON
        Register Mode: RegComb
        CaSense Mode: NEITHER
        Treat as pin: True
        Is OE Registered: False
        Uses Analog: False
        Can contain Digital: True
        Is SIO: False
        SIO Output Buf: NONREGULATED
        SIO Input Buf: SINGLE_ENDED
        SIO HiFreq: LOW
        SIO Hyst: DISABLED
        SIO Vtrip: MULTIPLIER_0_5
        SIO Multiplier Index: 0
        SIO RefSel: VCC_IO
        Required Capabilities: DIGITAL
        Initial Value: 1
        IO Voltage: 0
    PORT MAP (
        pa_out => \I2CS:sda(0)\__PA ,
        fb => \I2CS:sda_wire\ ,
        pad => \I2CS:sda(0)_PAD\ );
    Properties:
    {
        port_location = "PORT(3,1)"
    }

ARM group 0: empty
Clock group 0: 
    Clock Block @ F(Clock,0): 
    m0s8clockblockcell: Name =ClockBlock
        PORT MAP (
            hfclk => ClockBlock_HFCLK ,
            imo => ClockBlock_IMO ,
            ext => ClockBlock_EXTCLK ,
            sysclk => ClockBlock_SYSCLK ,
            ilo => ClockBlock_ILO ,
            lfclk => ClockBlock_LFCLK ,
            dsi_in_0 => ClockBlock_Routed1 ,
            udb_div_0 => dclk_to_genclk ,
            ff_div_2 => \I2CS:Net_847_ff2\ );
        Properties:
        {
        }
LCD group 0: empty
PICU group 0: empty
LPCOMP group 0: empty
SCB group 0: 
    SCB Block @ F(SCB,0): 
    m0s8scbcell: Name =\I2CS:SCB\
        PORT MAP (
            clock => \I2CS:Net_847_ff2\ ,
            interrupt => Net_83 ,
            uart_tx => \I2CS:tx_wire\ ,
            uart_rts => \I2CS:rts_wire\ ,
            mosi_m => \I2CS:mosi_m_wire\ ,
            select_m_3 => \I2CS:select_m_wire_3\ ,
            select_m_2 => \I2CS:select_m_wire_2\ ,
            select_m_1 => \I2CS:select_m_wire_1\ ,
            select_m_0 => \I2CS:select_m_wire_0\ ,
            sclk_m => \I2CS:sclk_m_wire\ ,
            miso_s => \I2CS:miso_s_wire\ ,
            i2c_scl => \I2CS:scl_wire\ ,
            i2c_sda => \I2CS:sda_wire\ ,
            tr_tx_req => Net_86 ,
            tr_rx_req => Net_85 );
        Properties:
        {
            cy_registers = ""
            scb_mode = 0
        }
CSD group 0: empty
CSIDAC8 group 0: empty
CSIDAC7 group 0: empty
TCPWM group 0: empty
OA group 0: empty
TEMP group 0: empty
SARADC group 0: empty
CLK_GEN group 0: 
    M0S8 Clock Gen Block @ F(CLK_GEN,0): 
    m0s8clockgenblockcell: Name =ClockGenBlock
        PORT MAP (
            gen_clk_out_0 => \StripLights:Net_18_digital\ ,
            gen_clk_in_0 => dclk_to_genclk );
        Properties:
        {
        }
LPCOMPBLOCK group 0: empty
PASSBLOCK group 0: empty
WCO group 0: empty
SRSS group 0: empty
CPUSS group 0: empty
</CYPRESSTAG>
<CYPRESSTAG name="Port Configuration Details">

------------------------------------------------------------
Port Configuration report
------------------------------------------------------------
     |     |       | Interrupt |                  |               | 
Port | Pin | Fixed |      Type |       Drive Mode |          Name | Connections
-----+-----+-------+-----------+------------------+---------------+--------------------
   0 |   2 |     * |      NONE |         CMOS_OUT |  LED_GREEN(0) | 
     |   3 |     * |      NONE |         CMOS_OUT |   LED_BLUE(0) | 
     |   4 |     * |      NONE |         CMOS_OUT |         S0(0) | In(Net_125)
     |   7 |     * |      NONE |      RES_PULL_UP |     Button(0) | 
-----+-----+-------+-----------+------------------+---------------+--------------------
   1 |   6 |     * |      NONE |         CMOS_OUT |    LED_RED(0) | 
-----+-----+-------+-----------+------------------+---------------+--------------------
   2 |   6 |     * |      NONE |      RES_PULL_UP |      flex0(0) | 
-----+-----+-------+-----------+------------------+---------------+--------------------
   3 |   0 |     * |      NONE |      RES_PULL_UP |      flex3(0) | 
     |   4 |     * |      NONE |      RES_PULL_UP |      flex2(0) | 
     |   6 |     * |      NONE |      RES_PULL_UP |      flex1(0) | 
-----+-----+-------+-----------+------------------+---------------+--------------------
   4 |   0 |     * |      NONE |    OPEN_DRAIN_LO | \I2CS:scl(0)\ | FB(\I2CS:scl_wire\)
     |   1 |     * |      NONE |    OPEN_DRAIN_LO | \I2CS:sda(0)\ | FB(\I2CS:sda_wire\)
---------------------------------------------------------------------------------------
</CYPRESSTAG>
</CYPRESSTAG>
</CYPRESSTAG>
Digital component placer commit/Report: Elapsed time ==> 0s.015ms
Digital Placement phase: Elapsed time ==> 0s.643ms
</CYPRESSTAG>
<CYPRESSTAG name="Digital Routing">
"C:\Program Files (x86)\Cypress\PSoC Creator\4.1\PSoC Creator\bin/sjrouter.exe" --xml-path "C:\Program Files (x86)\Cypress\PSoC Creator\4.1\PSoC Creator\dev\psoc4/psoc4a/route_arch-rrg.cydata" --vh2-path "Slave_r.vh2" --pcf-path "Slave.pco" --des-name "Slave" --dsf-path "Slave.dsf" --sdc-path "Slave.sdc" --lib-path "Slave_r.lib"
Routing successful.
Digital Routing phase: Elapsed time ==> 0s.615ms
</CYPRESSTAG>
<CYPRESSTAG name="Bitstream Generation">
Bitstream Generation phase: Elapsed time ==> 0s.163ms
</CYPRESSTAG>
<CYPRESSTAG name="Bitstream Verification">
Bitstream Verification phase: Elapsed time ==> 0s.024ms
</CYPRESSTAG>
<CYPRESSTAG name="Static timing analysis">
Timing report is in Slave_timing.html.
Static timing analysis phase: Elapsed time ==> 0s.239ms
</CYPRESSTAG>
<CYPRESSTAG name="Data reporting">
Data reporting phase: Elapsed time ==> 0s.000ms
</CYPRESSTAG>
<CYPRESSTAG name="Database update...">
Design database save phase: Elapsed time ==> 0s.148ms
</CYPRESSTAG>
cydsfit: Elapsed time ==> 2s.278ms
</CYPRESSTAG>
Fitter phase: Elapsed time ==> 2s.278ms
API generation phase: Elapsed time ==> 2s.020ms
Dependency generation phase: Elapsed time ==> 0s.023ms
Cleanup phase: Elapsed time ==> 0s.000ms
