ARM GAS  C:\Users\JAMESS~1\AppData\Local\Temp\ccbYd7EI.s 			page 1


   1              		.syntax unified
   2              		.cpu cortex-m0
   3              		.fpu softvfp
   4              		.eabi_attribute 20, 1
   5              		.eabi_attribute 21, 1
   6              		.eabi_attribute 23, 3
   7              		.eabi_attribute 24, 1
   8              		.eabi_attribute 25, 1
   9              		.eabi_attribute 26, 1
  10              		.eabi_attribute 30, 6
  11              		.eabi_attribute 34, 0
  12              		.eabi_attribute 18, 4
  13              		.thumb
  14              		.syntax unified
  15              		.file	"StripLights_StringSel.c"
  16              		.text
  17              	.Ltext0:
  18              		.cfi_sections	.debug_frame
  19              		.section	.text.StripLights_StringSel_Write,"ax",%progbits
  20              		.align	2
  21              		.global	StripLights_StringSel_Write
  22              		.code	16
  23              		.thumb_func
  24              		.type	StripLights_StringSel_Write, %function
  25              	StripLights_StringSel_Write:
  26              	.LFB0:
  27              		.file 1 "Generated_Source\\PSoC4\\StripLights_StringSel.c"
   1:Generated_Source\PSoC4/StripLights_StringSel.c **** /*******************************************************************************
   2:Generated_Source\PSoC4/StripLights_StringSel.c **** * File Name: StripLights_StringSel.c  
   3:Generated_Source\PSoC4/StripLights_StringSel.c **** * Version 1.80
   4:Generated_Source\PSoC4/StripLights_StringSel.c **** *
   5:Generated_Source\PSoC4/StripLights_StringSel.c **** * Description:
   6:Generated_Source\PSoC4/StripLights_StringSel.c **** *  This file contains API to enable firmware control of a Control Register.
   7:Generated_Source\PSoC4/StripLights_StringSel.c **** *
   8:Generated_Source\PSoC4/StripLights_StringSel.c **** * Note:
   9:Generated_Source\PSoC4/StripLights_StringSel.c **** *
  10:Generated_Source\PSoC4/StripLights_StringSel.c **** ********************************************************************************
  11:Generated_Source\PSoC4/StripLights_StringSel.c **** * Copyright 2008-2015, Cypress Semiconductor Corporation.  All rights reserved.
  12:Generated_Source\PSoC4/StripLights_StringSel.c **** * You may use this file only in accordance with the license, terms, conditions, 
  13:Generated_Source\PSoC4/StripLights_StringSel.c **** * disclaimers, and limitations in the end user license agreement accompanying 
  14:Generated_Source\PSoC4/StripLights_StringSel.c **** * the software package with which this file was provided.
  15:Generated_Source\PSoC4/StripLights_StringSel.c **** *******************************************************************************/
  16:Generated_Source\PSoC4/StripLights_StringSel.c **** 
  17:Generated_Source\PSoC4/StripLights_StringSel.c **** #include "StripLights_StringSel.h"
  18:Generated_Source\PSoC4/StripLights_StringSel.c **** 
  19:Generated_Source\PSoC4/StripLights_StringSel.c **** /* Check for removal by optimization */
  20:Generated_Source\PSoC4/StripLights_StringSel.c **** #if !defined(StripLights_StringSel_Sync_ctrl_reg__REMOVED)
  21:Generated_Source\PSoC4/StripLights_StringSel.c **** 
  22:Generated_Source\PSoC4/StripLights_StringSel.c ****     
  23:Generated_Source\PSoC4/StripLights_StringSel.c **** /*******************************************************************************
  24:Generated_Source\PSoC4/StripLights_StringSel.c **** * Function Name: StripLights_StringSel_Write
  25:Generated_Source\PSoC4/StripLights_StringSel.c **** ********************************************************************************
  26:Generated_Source\PSoC4/StripLights_StringSel.c **** *
  27:Generated_Source\PSoC4/StripLights_StringSel.c **** * Summary:
  28:Generated_Source\PSoC4/StripLights_StringSel.c **** *  Write a byte to the Control Register.
  29:Generated_Source\PSoC4/StripLights_StringSel.c **** *
  30:Generated_Source\PSoC4/StripLights_StringSel.c **** * Parameters:
ARM GAS  C:\Users\JAMESS~1\AppData\Local\Temp\ccbYd7EI.s 			page 2


  31:Generated_Source\PSoC4/StripLights_StringSel.c **** *  control:  The value to be assigned to the Control Register.
  32:Generated_Source\PSoC4/StripLights_StringSel.c **** *
  33:Generated_Source\PSoC4/StripLights_StringSel.c **** * Return:
  34:Generated_Source\PSoC4/StripLights_StringSel.c **** *  None.
  35:Generated_Source\PSoC4/StripLights_StringSel.c **** *
  36:Generated_Source\PSoC4/StripLights_StringSel.c **** *******************************************************************************/
  37:Generated_Source\PSoC4/StripLights_StringSel.c **** void StripLights_StringSel_Write(uint8 control) 
  38:Generated_Source\PSoC4/StripLights_StringSel.c **** {
  28              		.loc 1 38 0
  29              		.cfi_startproc
  30              		@ args = 0, pretend = 0, frame = 8
  31              		@ frame_needed = 1, uses_anonymous_args = 0
  32 0000 80B5     		push	{r7, lr}
  33              		.cfi_def_cfa_offset 8
  34              		.cfi_offset 7, -8
  35              		.cfi_offset 14, -4
  36 0002 82B0     		sub	sp, sp, #8
  37              		.cfi_def_cfa_offset 16
  38 0004 00AF     		add	r7, sp, #0
  39              		.cfi_def_cfa_register 7
  40 0006 0200     		movs	r2, r0
  41 0008 FB1D     		adds	r3, r7, #7
  42 000a 1A70     		strb	r2, [r3]
  39:Generated_Source\PSoC4/StripLights_StringSel.c ****     StripLights_StringSel_Control = control;
  43              		.loc 1 39 0
  44 000c 034A     		ldr	r2, .L2
  45 000e FB1D     		adds	r3, r7, #7
  46 0010 1B78     		ldrb	r3, [r3]
  47 0012 1370     		strb	r3, [r2]
  40:Generated_Source\PSoC4/StripLights_StringSel.c **** }
  48              		.loc 1 40 0
  49 0014 C046     		nop
  50 0016 BD46     		mov	sp, r7
  51 0018 02B0     		add	sp, sp, #8
  52              		@ sp needed
  53 001a 80BD     		pop	{r7, pc}
  54              	.L3:
  55              		.align	2
  56              	.L2:
  57 001c 71000F40 		.word	1074724977
  58              		.cfi_endproc
  59              	.LFE0:
  60              		.size	StripLights_StringSel_Write, .-StripLights_StringSel_Write
  61              		.section	.text.StripLights_StringSel_Read,"ax",%progbits
  62              		.align	2
  63              		.global	StripLights_StringSel_Read
  64              		.code	16
  65              		.thumb_func
  66              		.type	StripLights_StringSel_Read, %function
  67              	StripLights_StringSel_Read:
  68              	.LFB1:
  41:Generated_Source\PSoC4/StripLights_StringSel.c **** 
  42:Generated_Source\PSoC4/StripLights_StringSel.c **** 
  43:Generated_Source\PSoC4/StripLights_StringSel.c **** /*******************************************************************************
  44:Generated_Source\PSoC4/StripLights_StringSel.c **** * Function Name: StripLights_StringSel_Read
  45:Generated_Source\PSoC4/StripLights_StringSel.c **** ********************************************************************************
  46:Generated_Source\PSoC4/StripLights_StringSel.c **** *
ARM GAS  C:\Users\JAMESS~1\AppData\Local\Temp\ccbYd7EI.s 			page 3


  47:Generated_Source\PSoC4/StripLights_StringSel.c **** * Summary:
  48:Generated_Source\PSoC4/StripLights_StringSel.c **** *  Reads the current value assigned to the Control Register.
  49:Generated_Source\PSoC4/StripLights_StringSel.c **** *
  50:Generated_Source\PSoC4/StripLights_StringSel.c **** * Parameters:
  51:Generated_Source\PSoC4/StripLights_StringSel.c **** *  None.
  52:Generated_Source\PSoC4/StripLights_StringSel.c **** *
  53:Generated_Source\PSoC4/StripLights_StringSel.c **** * Return:
  54:Generated_Source\PSoC4/StripLights_StringSel.c **** *  Returns the current value in the Control Register.
  55:Generated_Source\PSoC4/StripLights_StringSel.c **** *
  56:Generated_Source\PSoC4/StripLights_StringSel.c **** *******************************************************************************/
  57:Generated_Source\PSoC4/StripLights_StringSel.c **** uint8 StripLights_StringSel_Read(void) 
  58:Generated_Source\PSoC4/StripLights_StringSel.c **** {
  69              		.loc 1 58 0
  70              		.cfi_startproc
  71              		@ args = 0, pretend = 0, frame = 0
  72              		@ frame_needed = 1, uses_anonymous_args = 0
  73 0000 80B5     		push	{r7, lr}
  74              		.cfi_def_cfa_offset 8
  75              		.cfi_offset 7, -8
  76              		.cfi_offset 14, -4
  77 0002 00AF     		add	r7, sp, #0
  78              		.cfi_def_cfa_register 7
  59:Generated_Source\PSoC4/StripLights_StringSel.c ****     return StripLights_StringSel_Control;
  79              		.loc 1 59 0
  80 0004 024B     		ldr	r3, .L6
  81 0006 1B78     		ldrb	r3, [r3]
  82 0008 DBB2     		uxtb	r3, r3
  60:Generated_Source\PSoC4/StripLights_StringSel.c **** }
  83              		.loc 1 60 0
  84 000a 1800     		movs	r0, r3
  85 000c BD46     		mov	sp, r7
  86              		@ sp needed
  87 000e 80BD     		pop	{r7, pc}
  88              	.L7:
  89              		.align	2
  90              	.L6:
  91 0010 71000F40 		.word	1074724977
  92              		.cfi_endproc
  93              	.LFE1:
  94              		.size	StripLights_StringSel_Read, .-StripLights_StringSel_Read
  95              		.text
  96              	.Letext0:
  97              		.file 2 "Generated_Source\\PSoC4\\cytypes.h"
  98              		.section	.debug_info,"",%progbits
  99              	.Ldebug_info0:
 100 0000 D3000000 		.4byte	0xd3
 101 0004 0400     		.2byte	0x4
 102 0006 00000000 		.4byte	.Ldebug_abbrev0
 103 000a 04       		.byte	0x4
 104 000b 01       		.uleb128 0x1
 105 000c 89000000 		.4byte	.LASF14
 106 0010 0C       		.byte	0xc
 107 0011 1E010000 		.4byte	.LASF15
 108 0015 00000000 		.4byte	.LASF16
 109 0019 00000000 		.4byte	.Ldebug_ranges0+0
 110 001d 00000000 		.4byte	0
 111 0021 00000000 		.4byte	.Ldebug_line0
ARM GAS  C:\Users\JAMESS~1\AppData\Local\Temp\ccbYd7EI.s 			page 4


 112 0025 02       		.uleb128 0x2
 113 0026 01       		.byte	0x1
 114 0027 06       		.byte	0x6
 115 0028 D4010000 		.4byte	.LASF0
 116 002c 02       		.uleb128 0x2
 117 002d 01       		.byte	0x1
 118 002e 08       		.byte	0x8
 119 002f 49000000 		.4byte	.LASF1
 120 0033 02       		.uleb128 0x2
 121 0034 02       		.byte	0x2
 122 0035 05       		.byte	0x5
 123 0036 BB010000 		.4byte	.LASF2
 124 003a 02       		.uleb128 0x2
 125 003b 02       		.byte	0x2
 126 003c 07       		.byte	0x7
 127 003d 6E000000 		.4byte	.LASF3
 128 0041 02       		.uleb128 0x2
 129 0042 04       		.byte	0x4
 130 0043 05       		.byte	0x5
 131 0044 CB010000 		.4byte	.LASF4
 132 0048 02       		.uleb128 0x2
 133 0049 04       		.byte	0x4
 134 004a 07       		.byte	0x7
 135 004b 5C000000 		.4byte	.LASF5
 136 004f 02       		.uleb128 0x2
 137 0050 08       		.byte	0x8
 138 0051 05       		.byte	0x5
 139 0052 A8010000 		.4byte	.LASF6
 140 0056 02       		.uleb128 0x2
 141 0057 08       		.byte	0x8
 142 0058 07       		.byte	0x7
 143 0059 76010000 		.4byte	.LASF7
 144 005d 03       		.uleb128 0x3
 145 005e 04       		.byte	0x4
 146 005f 05       		.byte	0x5
 147 0060 696E7400 		.ascii	"int\000"
 148 0064 02       		.uleb128 0x2
 149 0065 04       		.byte	0x4
 150 0066 07       		.byte	0x7
 151 0067 69010000 		.4byte	.LASF8
 152 006b 04       		.uleb128 0x4
 153 006c C5010000 		.4byte	.LASF12
 154 0070 02       		.byte	0x2
 155 0071 D201     		.2byte	0x1d2
 156 0073 2C000000 		.4byte	0x2c
 157 0077 02       		.uleb128 0x2
 158 0078 04       		.byte	0x4
 159 0079 04       		.byte	0x4
 160 007a 43000000 		.4byte	.LASF9
 161 007e 02       		.uleb128 0x2
 162 007f 08       		.byte	0x8
 163 0080 04       		.byte	0x4
 164 0081 17010000 		.4byte	.LASF10
 165 0085 02       		.uleb128 0x2
 166 0086 01       		.byte	0x1
 167 0087 08       		.byte	0x8
 168 0088 B6010000 		.4byte	.LASF11
ARM GAS  C:\Users\JAMESS~1\AppData\Local\Temp\ccbYd7EI.s 			page 5


 169 008c 04       		.uleb128 0x4
 170 008d 57000000 		.4byte	.LASF13
 171 0091 02       		.byte	0x2
 172 0092 7C02     		.2byte	0x27c
 173 0094 98000000 		.4byte	0x98
 174 0098 05       		.uleb128 0x5
 175 0099 6B000000 		.4byte	0x6b
 176 009d 06       		.uleb128 0x6
 177 009e 4D010000 		.4byte	.LASF17
 178 00a2 01       		.byte	0x1
 179 00a3 25       		.byte	0x25
 180 00a4 00000000 		.4byte	.LFB0
 181 00a8 20000000 		.4byte	.LFE0-.LFB0
 182 00ac 01       		.uleb128 0x1
 183 00ad 9C       		.byte	0x9c
 184 00ae C1000000 		.4byte	0xc1
 185 00b2 07       		.uleb128 0x7
 186 00b3 81000000 		.4byte	.LASF18
 187 00b7 01       		.byte	0x1
 188 00b8 25       		.byte	0x25
 189 00b9 6B000000 		.4byte	0x6b
 190 00bd 02       		.uleb128 0x2
 191 00be 91       		.byte	0x91
 192 00bf 77       		.sleb128 -9
 193 00c0 00       		.byte	0
 194 00c1 08       		.uleb128 0x8
 195 00c2 8D010000 		.4byte	.LASF19
 196 00c6 01       		.byte	0x1
 197 00c7 39       		.byte	0x39
 198 00c8 6B000000 		.4byte	0x6b
 199 00cc 00000000 		.4byte	.LFB1
 200 00d0 14000000 		.4byte	.LFE1-.LFB1
 201 00d4 01       		.uleb128 0x1
 202 00d5 9C       		.byte	0x9c
 203 00d6 00       		.byte	0
 204              		.section	.debug_abbrev,"",%progbits
 205              	.Ldebug_abbrev0:
 206 0000 01       		.uleb128 0x1
 207 0001 11       		.uleb128 0x11
 208 0002 01       		.byte	0x1
 209 0003 25       		.uleb128 0x25
 210 0004 0E       		.uleb128 0xe
 211 0005 13       		.uleb128 0x13
 212 0006 0B       		.uleb128 0xb
 213 0007 03       		.uleb128 0x3
 214 0008 0E       		.uleb128 0xe
 215 0009 1B       		.uleb128 0x1b
 216 000a 0E       		.uleb128 0xe
 217 000b 55       		.uleb128 0x55
 218 000c 17       		.uleb128 0x17
 219 000d 11       		.uleb128 0x11
 220 000e 01       		.uleb128 0x1
 221 000f 10       		.uleb128 0x10
 222 0010 17       		.uleb128 0x17
 223 0011 00       		.byte	0
 224 0012 00       		.byte	0
 225 0013 02       		.uleb128 0x2
ARM GAS  C:\Users\JAMESS~1\AppData\Local\Temp\ccbYd7EI.s 			page 6


 226 0014 24       		.uleb128 0x24
 227 0015 00       		.byte	0
 228 0016 0B       		.uleb128 0xb
 229 0017 0B       		.uleb128 0xb
 230 0018 3E       		.uleb128 0x3e
 231 0019 0B       		.uleb128 0xb
 232 001a 03       		.uleb128 0x3
 233 001b 0E       		.uleb128 0xe
 234 001c 00       		.byte	0
 235 001d 00       		.byte	0
 236 001e 03       		.uleb128 0x3
 237 001f 24       		.uleb128 0x24
 238 0020 00       		.byte	0
 239 0021 0B       		.uleb128 0xb
 240 0022 0B       		.uleb128 0xb
 241 0023 3E       		.uleb128 0x3e
 242 0024 0B       		.uleb128 0xb
 243 0025 03       		.uleb128 0x3
 244 0026 08       		.uleb128 0x8
 245 0027 00       		.byte	0
 246 0028 00       		.byte	0
 247 0029 04       		.uleb128 0x4
 248 002a 16       		.uleb128 0x16
 249 002b 00       		.byte	0
 250 002c 03       		.uleb128 0x3
 251 002d 0E       		.uleb128 0xe
 252 002e 3A       		.uleb128 0x3a
 253 002f 0B       		.uleb128 0xb
 254 0030 3B       		.uleb128 0x3b
 255 0031 05       		.uleb128 0x5
 256 0032 49       		.uleb128 0x49
 257 0033 13       		.uleb128 0x13
 258 0034 00       		.byte	0
 259 0035 00       		.byte	0
 260 0036 05       		.uleb128 0x5
 261 0037 35       		.uleb128 0x35
 262 0038 00       		.byte	0
 263 0039 49       		.uleb128 0x49
 264 003a 13       		.uleb128 0x13
 265 003b 00       		.byte	0
 266 003c 00       		.byte	0
 267 003d 06       		.uleb128 0x6
 268 003e 2E       		.uleb128 0x2e
 269 003f 01       		.byte	0x1
 270 0040 3F       		.uleb128 0x3f
 271 0041 19       		.uleb128 0x19
 272 0042 03       		.uleb128 0x3
 273 0043 0E       		.uleb128 0xe
 274 0044 3A       		.uleb128 0x3a
 275 0045 0B       		.uleb128 0xb
 276 0046 3B       		.uleb128 0x3b
 277 0047 0B       		.uleb128 0xb
 278 0048 27       		.uleb128 0x27
 279 0049 19       		.uleb128 0x19
 280 004a 11       		.uleb128 0x11
 281 004b 01       		.uleb128 0x1
 282 004c 12       		.uleb128 0x12
ARM GAS  C:\Users\JAMESS~1\AppData\Local\Temp\ccbYd7EI.s 			page 7


 283 004d 06       		.uleb128 0x6
 284 004e 40       		.uleb128 0x40
 285 004f 18       		.uleb128 0x18
 286 0050 9742     		.uleb128 0x2117
 287 0052 19       		.uleb128 0x19
 288 0053 01       		.uleb128 0x1
 289 0054 13       		.uleb128 0x13
 290 0055 00       		.byte	0
 291 0056 00       		.byte	0
 292 0057 07       		.uleb128 0x7
 293 0058 05       		.uleb128 0x5
 294 0059 00       		.byte	0
 295 005a 03       		.uleb128 0x3
 296 005b 0E       		.uleb128 0xe
 297 005c 3A       		.uleb128 0x3a
 298 005d 0B       		.uleb128 0xb
 299 005e 3B       		.uleb128 0x3b
 300 005f 0B       		.uleb128 0xb
 301 0060 49       		.uleb128 0x49
 302 0061 13       		.uleb128 0x13
 303 0062 02       		.uleb128 0x2
 304 0063 18       		.uleb128 0x18
 305 0064 00       		.byte	0
 306 0065 00       		.byte	0
 307 0066 08       		.uleb128 0x8
 308 0067 2E       		.uleb128 0x2e
 309 0068 00       		.byte	0
 310 0069 3F       		.uleb128 0x3f
 311 006a 19       		.uleb128 0x19
 312 006b 03       		.uleb128 0x3
 313 006c 0E       		.uleb128 0xe
 314 006d 3A       		.uleb128 0x3a
 315 006e 0B       		.uleb128 0xb
 316 006f 3B       		.uleb128 0x3b
 317 0070 0B       		.uleb128 0xb
 318 0071 27       		.uleb128 0x27
 319 0072 19       		.uleb128 0x19
 320 0073 49       		.uleb128 0x49
 321 0074 13       		.uleb128 0x13
 322 0075 11       		.uleb128 0x11
 323 0076 01       		.uleb128 0x1
 324 0077 12       		.uleb128 0x12
 325 0078 06       		.uleb128 0x6
 326 0079 40       		.uleb128 0x40
 327 007a 18       		.uleb128 0x18
 328 007b 9742     		.uleb128 0x2117
 329 007d 19       		.uleb128 0x19
 330 007e 00       		.byte	0
 331 007f 00       		.byte	0
 332 0080 00       		.byte	0
 333              		.section	.debug_aranges,"",%progbits
 334 0000 24000000 		.4byte	0x24
 335 0004 0200     		.2byte	0x2
 336 0006 00000000 		.4byte	.Ldebug_info0
 337 000a 04       		.byte	0x4
 338 000b 00       		.byte	0
 339 000c 0000     		.2byte	0
ARM GAS  C:\Users\JAMESS~1\AppData\Local\Temp\ccbYd7EI.s 			page 8


 340 000e 0000     		.2byte	0
 341 0010 00000000 		.4byte	.LFB0
 342 0014 20000000 		.4byte	.LFE0-.LFB0
 343 0018 00000000 		.4byte	.LFB1
 344 001c 14000000 		.4byte	.LFE1-.LFB1
 345 0020 00000000 		.4byte	0
 346 0024 00000000 		.4byte	0
 347              		.section	.debug_ranges,"",%progbits
 348              	.Ldebug_ranges0:
 349 0000 00000000 		.4byte	.LFB0
 350 0004 20000000 		.4byte	.LFE0
 351 0008 00000000 		.4byte	.LFB1
 352 000c 14000000 		.4byte	.LFE1
 353 0010 00000000 		.4byte	0
 354 0014 00000000 		.4byte	0
 355              		.section	.debug_line,"",%progbits
 356              	.Ldebug_line0:
 357 0000 7A000000 		.section	.debug_str,"MS",%progbits,1
 357      02005200 
 357      00000201 
 357      FB0E0D00 
 357      01010101 
 358              	.LASF16:
 359 0000 433A5C55 		.ascii	"C:\\Users\\James Sun\\Documents\\Git\\Whackamole\\W"
 359      73657273 
 359      5C4A616D 
 359      65732053 
 359      756E5C44 
 360 002d 6861636B 		.ascii	"hackamole\\Slave.cydsn\000"
 360      616D6F6C 
 360      655C536C 
 360      6176652E 
 360      63796473 
 361              	.LASF9:
 362 0043 666C6F61 		.ascii	"float\000"
 362      7400
 363              	.LASF1:
 364 0049 756E7369 		.ascii	"unsigned char\000"
 364      676E6564 
 364      20636861 
 364      7200
 365              	.LASF13:
 366 0057 72656738 		.ascii	"reg8\000"
 366      00
 367              	.LASF5:
 368 005c 6C6F6E67 		.ascii	"long unsigned int\000"
 368      20756E73 
 368      69676E65 
 368      6420696E 
 368      7400
 369              	.LASF3:
 370 006e 73686F72 		.ascii	"short unsigned int\000"
 370      7420756E 
 370      7369676E 
 370      65642069 
 370      6E7400
 371              	.LASF18:
ARM GAS  C:\Users\JAMESS~1\AppData\Local\Temp\ccbYd7EI.s 			page 9


 372 0081 636F6E74 		.ascii	"control\000"
 372      726F6C00 
 373              	.LASF14:
 374 0089 474E5520 		.ascii	"GNU C11 5.4.1 20160609 (release) [ARM/embedded-5-br"
 374      43313120 
 374      352E342E 
 374      31203230 
 374      31363036 
 375 00bc 616E6368 		.ascii	"anch revision 237715] -mcpu=cortex-m0 -mthumb -g -O"
 375      20726576 
 375      6973696F 
 375      6E203233 
 375      37373135 
 376 00ef 30202D66 		.ascii	"0 -ffunction-sections -ffat-lto-objects\000"
 376      66756E63 
 376      74696F6E 
 376      2D736563 
 376      74696F6E 
 377              	.LASF10:
 378 0117 646F7562 		.ascii	"double\000"
 378      6C6500
 379              	.LASF15:
 380 011e 47656E65 		.ascii	"Generated_Source\\PSoC4\\StripLights_StringSel.c\000"
 380      72617465 
 380      645F536F 
 380      75726365 
 380      5C50536F 
 381              	.LASF17:
 382 014d 53747269 		.ascii	"StripLights_StringSel_Write\000"
 382      704C6967 
 382      6874735F 
 382      53747269 
 382      6E675365 
 383              	.LASF8:
 384 0169 756E7369 		.ascii	"unsigned int\000"
 384      676E6564 
 384      20696E74 
 384      00
 385              	.LASF7:
 386 0176 6C6F6E67 		.ascii	"long long unsigned int\000"
 386      206C6F6E 
 386      6720756E 
 386      7369676E 
 386      65642069 
 387              	.LASF19:
 388 018d 53747269 		.ascii	"StripLights_StringSel_Read\000"
 388      704C6967 
 388      6874735F 
 388      53747269 
 388      6E675365 
 389              	.LASF6:
 390 01a8 6C6F6E67 		.ascii	"long long int\000"
 390      206C6F6E 
 390      6720696E 
 390      7400
 391              	.LASF11:
 392 01b6 63686172 		.ascii	"char\000"
ARM GAS  C:\Users\JAMESS~1\AppData\Local\Temp\ccbYd7EI.s 			page 10


 392      00
 393              	.LASF2:
 394 01bb 73686F72 		.ascii	"short int\000"
 394      7420696E 
 394      7400
 395              	.LASF12:
 396 01c5 75696E74 		.ascii	"uint8\000"
 396      3800
 397              	.LASF4:
 398 01cb 6C6F6E67 		.ascii	"long int\000"
 398      20696E74 
 398      00
 399              	.LASF0:
 400 01d4 7369676E 		.ascii	"signed char\000"
 400      65642063 
 400      68617200 
 401              		.ident	"GCC: (GNU Tools for ARM Embedded Processors) 5.4.1 20160609 (release) [ARM/embedded-5-bran
